m02-106-00
m02-106-01
m02-106-02
m02-106-03
m02-106-04
m02-106-05
m02-106-06
m02-106-07
m02-106-08
m02-106-09
d06-060-00
d06-060-01
d06-060-02
d06-060-03
d06-060-04
d06-060-05
d06-060-06
d06-060-07
d06-060-08
d06-060-09
e07-076-00
e07-076-01
e07-076-02
e07-076-03
e07-076-04
e07-076-05
e07-076-06
e07-076-07
e07-076-08
e07-076-09
r02-127-00
r02-127-01
r02-127-02
r02-127-03
r02-127-04
r02-127-05
r02-065-00
r02-065-01
r02-065-02
r02-065-03
r02-065-04
r02-065-05
r02-065-06
r02-065-07
g06-047f-00
g06-047f-01
g06-047f-02
g06-047f-03
g06-047f-04
g06-047f-05
c03-084d-00
c03-084d-01
c03-084d-02
c03-084d-03
c03-084d-04
c03-084d-05
c03-084d-06
c03-084d-07
c03-084d-08
m02-080-00
m02-080-01
m02-080-02
m02-080-03
m02-080-04
m02-080-05
m02-080-06
m02-080-07
m02-080-08
m02-080-09
d04-117-00
d04-117-01
d04-117-02
d04-117-03
d04-117-04
d04-117-05
d04-117-06
d04-117-07
e06-037-00
e06-037-01
e06-037-02
e06-037-03
e06-037-04
e06-037-05
e06-037-06
e06-037-07
e06-037-08
e06-037-09
e06-037-10
g06-045b-00
g06-045b-01
g06-045b-02
g06-045b-03
g06-045b-04
g06-045b-05
g06-045b-06
g06-045b-07
g06-045b-08
g06-045b-09
a01-077-00
a01-077-01
a01-077-02
a01-077-03
a01-077-04
a01-077-05
a01-077-06
a01-077-07
a01-077-08
a01-077-09
p03-121-00
p03-121-01
p03-121-02
p03-121-03
p03-121-04
p03-121-05
p03-121-06
m01-060-00
m01-060-01
m01-060-02
m01-060-03
m01-060-04
m01-060-05
m01-060-06
m01-060-07
r03-035-00
r03-035-01
r03-035-02
r03-035-03
r03-035-04
r03-035-05
r03-035-06
r03-035-07
r03-035-08
a05-017-00
a05-017-01
a05-017-02
a05-017-03
a05-017-04
a05-017-05
a05-017-06
a05-017-07
a05-017-08
a05-017-09
a05-017-10
n01-045-00
n01-045-01
n01-045-02
n01-045-03
n01-045-04
n01-045-05
n01-045-06
n01-045-07
n01-045-08
n01-045-09
a01-058u-00
a01-058u-01
a01-058u-02
a01-058u-03
a01-058u-04
a01-058u-05
a01-058u-06
a01-058u-07
a01-058u-08
n04-044-00
n04-044-01
n04-044-02
n04-044-03
n04-044-04
n04-044-05
n04-044-06
n04-044-07
n04-044-08
n04-044-09
n04-044-10
c03-084b-00
c03-084b-01
c03-084b-02
c03-084b-03
c03-084b-04
c03-084b-05
c03-084b-06
c03-084b-07
g06-018m-00
g06-018m-01
g06-018m-02
g06-018m-03
g06-018m-04
g06-018m-05
g06-018m-06
g06-018m-07
g06-018a-00
g06-018a-01
g06-018a-02
g06-018a-03
g06-018a-04
g06-018a-05
g06-018a-06
g06-018a-07
c03-007-00
c03-007-01
c03-007-02
c03-007-03
c03-007-04
c03-007-05
c03-007-06
c03-007-07
d07-102-00
d07-102-01
d07-102-02
d07-102-03
d07-102-04
d07-102-05
d07-102-06
d07-102-07
d04-096-00
d04-096-01
d04-096-02
d04-096-03
d04-096-04
d04-096-05
d04-096-06
d04-096-07
m02-095-00
m02-095-01
m02-095-02
m02-095-03
m02-095-04
m02-095-05
m02-095-06
m02-095-07
m02-095-08
m02-095-09
a05-089-00
a05-089-01
a05-089-02
a05-089-03
a05-089-04
a05-089-05
a05-089-06
a05-089-07
a05-089-08
a05-089-09
a05-089-10
d04-005-00
d04-005-01
d04-005-02
d04-005-03
d04-005-04
d04-005-05
d04-005-06
d04-005-07
m04-093-00
m04-093-01
m04-093-02
m04-093-03
m04-093-04
m04-093-05
m04-093-06
m04-093-07
m04-093-08
m04-093-09
b04-060-00
b04-060-01
b04-060-02
b04-060-03
b04-060-04
b04-060-05
b04-060-06
g05-098-00
g05-098-01
g05-098-02
g05-098-03
g05-098-04
g05-098-05
g05-098-06
r03-065-00
r03-065-01
r03-065-02
r03-065-03
r03-065-04
r03-065-05
r03-065-06
r03-065-07
b05-071-00
b05-071-01
b05-071-02
b05-071-03
b05-071-04
b05-071-05
f02-020-00
f02-020-01
f02-020-02
f02-020-03
f02-020-04
f02-020-05
f02-020-06
f02-020-07
m02-052-00
m02-052-01
m02-052-02
m02-052-03
m02-052-04
m02-052-05
m02-052-06
e06-026-00
e06-026-01
e06-026-02
e06-026-03
e06-026-04
e06-026-05
e06-026-06
e06-026-07
e06-026-08
e06-026-09
a01-132x-00
a01-132x-01
a01-132x-02
a01-132x-03
a01-132x-04
a01-132x-05
a01-132x-06
a01-132x-07
a01-132x-08
p03-040-00
p03-040-01
p03-040-02
p03-040-03
p03-040-04
p03-040-05
p03-040-06
p03-040-07
p03-040-08
g06-050k-00
g06-050k-01
g06-050k-02
g06-050k-03
g06-050k-04
g06-050k-05
g06-050k-06
g06-050k-07
g06-050k-08
g06-050a-00
g06-050a-01
g06-050a-02
g06-050a-03
g06-050a-04
g06-050a-05
g06-050a-06
g06-050a-07
g06-050a-08
f02-030-00
f02-030-01
f02-030-02
f02-030-03
f02-030-04
f02-030-05
f02-030-06
b04-195-00
b04-195-01
b04-195-02
b04-195-03
b04-195-04
b04-195-05
b04-195-06
a05-013-00
a05-013-01
a05-013-02
a05-013-03
a05-013-04
a05-013-05
a05-013-06
a05-013-07
a05-013-08
c03-007d-00
c03-007d-01
c03-007d-02
c03-007d-03
c03-007d-04
c03-007d-05
c03-007d-06
c03-007d-07
c03-007d-08
c03-016d-00
c03-016d-01
c03-016d-02
c03-016d-03
c03-016d-04
c03-016d-05
c03-016d-06
c03-016d-07
c03-016d-08
c03-016d-09
c03-016d-10
r02-013-00
r02-013-01
r02-013-02
r02-013-03
r02-013-04
r02-013-05
r02-013-06
r02-013-07
r02-013-08
r02-013-09
r02-013-10
r02-013-11
g06-026a-00
g06-026a-01
g06-026a-02
g06-026a-03
g06-026a-04
g06-026a-05
g06-026a-06
b04-089-00
b04-089-01
b04-089-02
b04-089-03
b04-089-04
b04-089-05
b04-089-06
b04-089-07
c03-016b-00
c03-016b-01
c03-016b-02
c03-016b-03
c03-016b-04
c03-016b-05
c03-016b-06
c03-016b-07
c03-016b-08
c03-016b-09
b01-118-00
b01-118-01
b01-118-02
b01-118-03
b01-118-04
b01-118-05
b01-118-06
b01-118-07
b01-118-08
e06-049-00
e06-049-01
e06-049-02
e06-049-03
e06-049-04
e06-049-05
e06-049-06
e06-049-07
e06-049-08
e06-049-09
f04-057-00
f04-057-01
f04-057-02
f04-057-03
f04-057-04
f04-057-05
f04-057-06
f04-057-07
f04-057-08
f04-057-09
e07-079-00
e07-079-01
e07-079-02
e07-079-03
e07-079-04
e07-079-05
e07-079-06
e07-079-07
e07-079-08
e07-079-09
e07-079-10
a01-091u-00
a01-091u-01
a01-091u-02
a01-091u-03
a01-091u-04
a01-091u-05
a01-091u-06
a01-091u-07
a01-091u-08
a01-091u-09
d05-025-00
d05-025-01
d05-025-02
d05-025-03
d05-025-04
d05-025-05
d05-025-06
d05-025-07
d05-025-08
d05-025-09
b04-034-00
b04-034-01
b04-034-02
b04-034-03
b04-034-04
b04-034-05
n02-151-00
n02-151-01
n02-151-02
n02-151-03
n02-151-04
n02-151-05
n02-151-06
n02-151-07
n02-151-08
n02-151-09
n02-151-10
r02-000-00
r02-000-01
r02-000-02
r02-000-03
r02-000-04
r02-000-05
r02-000-06
r02-000-07
a05-073-00
a05-073-01
a05-073-02
a05-073-03
a05-073-04
a05-073-05
a05-073-06
a05-073-07
a05-073-08
a05-073-09
a05-073-10
c03-003c-00
c03-003c-01
c03-003c-02
c03-003c-03
c03-003c-04
c03-003c-05
c03-003c-06
c03-003c-07
c03-003c-08
d05-030-00
d05-030-01
d05-030-02
d05-030-03
d05-030-04
d05-030-05
d05-030-06
d05-030-07
d05-030-08
n02-028-00
n02-028-01
n02-028-02
n02-028-03
n02-028-04
n02-028-05
n02-028-06
n02-028-07
n02-028-08
n02-028-09
d07-082-00
d07-082-01
d07-082-02
d07-082-03
d07-082-04
d07-082-05
d07-082-06
d07-082-07
d07-082-08
c03-094a-00
c03-094a-01
c03-094a-02
c03-094a-03
c03-094a-04
c03-094a-05
c03-094a-06
c03-094a-07
c03-094a-08
c03-094a-09
b06-056-00
b06-056-01
b06-056-02
b06-056-03
b06-056-04
b06-056-05
b06-056-06
b06-056-07
b06-056-08
b06-056-09
b06-056-10
f04-096-00
f04-096-01
f04-096-02
f04-096-03
f04-096-04
f04-096-05
f04-096-06
f04-096-07
f04-096-08
f04-096-09
f04-096-10
f02-076-00
f02-076-01
f02-076-02
f02-076-03
f02-076-04
f02-076-05
f02-076-06
f02-076-07
f02-076-08
f02-076-09
f04-039-00
f04-039-01
f04-039-02
f04-039-03
f04-039-04
f04-039-05
f04-039-06
f04-039-07
f04-039-08
p01-147-00
p01-147-01
p01-147-02
p01-147-03
p01-147-04
p01-147-05
p01-147-06
p01-147-07
p01-147-08
p01-147-09
p01-147-10
p01-147-11
g06-045h-00
g06-045h-01
g06-045h-02
g06-045h-03
g06-045h-04
g06-045h-05
g06-045h-06
g06-045h-07
b01-009-00
b01-009-01
b01-009-02
b01-009-03
b01-009-04
b01-009-05
b01-009-06
b01-009-07
g06-037f-00
g06-037f-01
g06-037f-02
g06-037f-03
g06-037f-04
g06-037f-05
g06-037f-06
g06-037f-07
m01-049-00
m01-049-01
m01-049-02
m01-049-03
m01-049-04
m01-049-05
m01-049-06
m01-049-07
m01-049-08
m01-049-09
m01-049-10
m01-049-11
a01-000x-00
a01-000x-01
a01-000x-02
a01-000x-03
a01-000x-04
a01-000x-05
c03-007b-00
c03-007b-01
c03-007b-02
c03-007b-03
c03-007b-04
c03-007b-05
c03-007b-06
c03-007b-07
p02-135-00
p02-135-01
p02-135-02
p02-135-03
p02-135-04
p02-135-05
p02-135-06
p02-135-07
p02-135-08
f04-049-00
f04-049-01
f04-049-02
f04-049-03
f04-049-04
f04-049-05
f04-049-06
a01-043x-00
a01-043x-01
a01-043x-02
a01-043x-03
a01-043x-04
a01-043x-05
a01-043x-06
a01-043x-07
c03-094c-00
c03-094c-01
c03-094c-02
c03-094c-03
c03-094c-04
c03-094c-05
c03-094c-06
c03-094c-07
c03-094c-08
b01-122-00
b01-122-01
b01-122-02
b01-122-03
b01-122-04
b01-122-05
b01-122-06
b01-122-07
b01-122-08
a01-063u-00
a01-063u-01
a01-063u-02
a01-063u-03
a01-063u-04
a01-063u-05
a01-063u-06
a01-063u-07
a01-063u-08
a01-063u-09
m02-102-00
m02-102-01
m02-102-02
m02-102-03
m02-102-04
m02-102-05
m02-102-06
m02-102-07
m02-102-08
m02-102-09
m02-102-10
c03-016c-00
c03-016c-01
c03-016c-02
c03-016c-03
c03-016c-04
c03-016c-05
c03-016c-06
c03-016c-07
c03-016c-08
c03-016c-09
c03-087b-00
c03-087b-01
c03-087b-02
c03-087b-03
c03-087b-04
c03-087b-05
c03-087b-06
c03-087b-07
c03-087b-08
e06-030-00
e06-030-01
e06-030-02
e06-030-03
e06-030-04
e06-030-05
e06-030-06
e06-030-07
e06-030-08
e06-030-09
e06-030-10
n02-045-00
n02-045-01
n02-045-02
n02-045-03
n02-045-04
n02-045-05
n02-045-06
n02-045-07
n02-045-08
c03-003b-00
c03-003b-01
c03-003b-02
c03-003b-03
c03-003b-04
c03-003b-05
c03-003b-06
c03-003b-07
b04-040-00
b04-040-01
b04-040-02
b04-040-03
b04-040-04
b04-040-05
b05-045-00
b05-045-01
b05-045-02
b05-045-03
b05-045-04
b05-045-05
b05-045-06
b05-045-07
b05-045-08
b05-045-09
c03-094b-00
c03-094b-01
c03-094b-02
c03-094b-03
c03-094b-04
c03-094b-05
c03-094b-06
c03-094b-07
c03-094b-08
c03-094b-09
f04-053-00
f04-053-01
f04-053-02
f04-053-03
f04-053-04
f04-053-05
f04-053-06
b05-042-00
b05-042-01
b05-042-02
b05-042-03
b05-042-04
b05-042-05
b05-042-06
b05-042-07
b05-042-08
b05-042-09
b05-042-10
n04-015-00
n04-015-01
n04-015-02
n04-015-03
n04-015-04
n04-015-05
n04-015-06
n04-015-07
a01-038-00
a01-038-01
a01-038-02
a01-038-03
a01-038-04
a01-038-05
a01-038-06
a01-038-07
a01-038-08
a01-038-09
a01-038-10
a01-038-11
a01-038-12
g06-026c-00
g06-026c-01
g06-026c-02
g06-026c-03
g06-026c-04
g06-026c-05
a01-128-00
a01-128-01
a01-128-02
a01-128-03
a01-128-04
a01-128-05
a01-128-06
a01-128-07
a01-128-08
g06-042a-00
g06-042a-01
g06-042a-02
g06-042a-03
g06-042a-04
g06-042a-05
g06-042a-06
d06-072-00
d06-072-01
d06-072-02
d06-072-03
d06-072-04
d06-072-05
d06-072-06
d06-072-07
d06-072-08
d06-072-09
d06-072-10
a01-091-00
a01-091-01
a01-091-02
a01-091-03
a01-091-04
a01-091-05
a01-091-06
a01-091-07
a01-091-08
a01-091-09
a01-091-10
d07-089-00
d07-089-01
d07-089-02
d07-089-03
d07-089-04
d07-089-05
d07-089-06
d07-089-07
d07-089-08
d07-089-09
d07-089-10
p03-072-00
p03-072-01
p03-072-02
p03-072-03
p03-072-04
p03-072-05
p03-072-06
p03-072-07
a01-011u-00
a01-011u-01
a01-011u-02
a01-011u-03
a01-011u-04
a01-011u-05
a01-011u-06
a01-011u-07
a01-011u-08
a01-011u-09
b04-047-00
b04-047-01
b04-047-02
b04-047-03
b04-047-04
b04-047-05
b04-081-00
b04-081-01
b04-081-02
b04-081-03
b04-081-04
b04-081-05
b04-081-06
c03-084f-00
c03-084f-01
c03-084f-02
c03-084f-03
c03-084f-04
c03-084f-05
c03-084f-06
c03-084f-07
c03-084f-08
g06-031k-00
g06-031k-01
g06-031k-02
g06-031k-03
g06-031k-04
g06-031k-05
g06-031k-06
g06-031k-07
g06-031k-08
c03-021f-00
c03-021f-01
c03-021f-02
c03-021f-03
c03-021f-04
c03-021f-05
c03-021f-06
c03-021f-07
c03-021f-08
c03-021f-09
c03-003e-00
c03-003e-01
c03-003e-02
c03-003e-03
c03-003e-04
c03-003e-05
c03-003e-06
c03-003e-07
c03-003e-08
g06-037m-00
g06-037m-01
g06-037m-02
g06-037m-03
g06-037m-04
g06-037m-05
g06-037m-06
g06-037m-07
g06-037m-08
g06-037m-09
g06-037m-10
m04-131-00
m04-131-01
m04-131-02
m04-131-03
m04-131-04
m04-131-05
m04-131-06
m04-131-07
m04-131-08
b01-127-00
b01-127-01
b01-127-02
b01-127-03
b01-127-04
b01-127-05
b01-127-06
b01-127-07
b01-127-08
b01-127-09
a01-000u-00
a01-000u-01
a01-000u-02
a01-000u-03
a01-000u-04
a01-000u-05
a01-000u-06
c03-021c-00
c03-021c-01
c03-021c-02
c03-021c-03
c03-021c-04
c03-021c-05
c03-021c-06
c03-021c-07
c03-021c-08
c03-021c-09
f04-079-00
f04-079-01
f04-079-02
f04-079-03
f04-079-04
f04-079-05
f04-079-06
f04-079-07
f04-079-08
f04-079-09
f04-079-10
b05-055-00
b05-055-01
b05-055-02
b05-055-03
b05-055-04
g06-042j-00
g06-042j-01
g06-042j-02
g06-042j-03
g06-042j-04
g06-042j-05
g06-042j-06
f04-074-00
f04-074-01
f04-074-02
f04-074-03
f04-074-04
f04-074-05
f04-074-06
f04-074-07
f04-074-08
f04-074-09
f04-074-10
f04-074-11
b01-004-00
b01-004-01
b01-004-02
b01-004-03
b01-004-04
b01-004-05
b01-004-06
b01-004-07
c03-007e-00
c03-007e-01
c03-007e-02
c03-007e-03
c03-007e-04
c03-007e-05
c03-007e-06
c03-007e-07
c03-007e-08
g06-031e-00
g06-031e-01
g06-031e-02
g06-031e-03
g06-031e-04
g06-031e-05
g06-031e-06
e04-019-00
e04-019-01
e04-019-02
e04-019-03
e04-019-04
e04-019-05
e04-019-06
e04-019-07
e04-019-08
f04-087-00
f04-087-01
f04-087-02
f04-087-03
f04-087-04
f04-087-05
b05-067-00
b05-067-01
b05-067-02
b05-067-03
b05-067-04
b05-067-05
b05-067-06
c03-081b-00
c03-081b-01
c03-081b-02
c03-081b-03
c03-081b-04
c03-081b-05
c03-081b-06
c03-081b-07
c03-081b-08
c03-081b-09
a03-073-00
a03-073-01
a03-073-02
a03-073-03
a03-073-04
a03-073-05
a03-073-06
a03-073-07
a03-073-08
a03-073-09
a03-073-10
a03-073-11
r02-131-00
r02-131-01
r02-131-02
r02-131-03
r02-131-04
r02-131-05
a01-026-00
a01-026-01
a01-026-02
a01-026-03
a01-026-04
a01-026-05
a01-026-06
a01-026-07
a01-026-08
a01-026-09
c03-016a-00
c03-016a-01
c03-016a-02
c03-016a-03
c03-016a-04
c03-016a-05
c03-016a-06
c03-016a-07
c03-016a-08
c03-016a-09
a01-058x-00
a01-058x-01
a01-058x-02
a01-058x-03
a01-058x-04
a01-058x-05
a01-058x-06
a01-058x-07
a01-058x-08
a01-058x-09
m01-104-00
m01-104-01
m01-104-02
m01-104-03
m01-104-04
m01-104-05
m01-104-06
m01-104-07
m01-110-00
m01-110-01
m01-110-02
m01-110-03
m01-110-04
m01-110-05
m01-110-06
m01-110-07
m01-110-08
m01-110-09
m01-110-10
m01-110-11
a01-102u-00
a01-102u-01
a01-102u-02
a01-102u-03
a01-102u-04
a01-102u-05
a01-102u-06
a01-102u-07
a01-102u-08
m01-079-00
m01-079-01
m01-079-02
m01-079-03
m01-079-04
m01-079-05
m01-079-06
g06-047e-00
g06-047e-01
g06-047e-02
g06-047e-03
g06-047e-04
g06-047e-05
g06-018c-00
g06-018c-01
g06-018c-02
g06-018c-03
g06-018c-04
g06-018c-05
g06-018c-06
g06-018c-07
g06-026f-00
g06-026f-01
g06-026f-02
g06-026f-03
g06-026f-04
e02-091-00
e02-091-01
e02-091-02
e02-091-03
e02-091-04
e02-091-05
e02-091-06
e02-091-07
e02-091-08
d06-000-00
d06-000-01
d06-000-02
d06-000-03
d06-000-04
d06-000-05
d06-000-06
d06-000-07
d06-000-08
d06-000-09
a01-014u-00
a01-014u-01
a01-014u-02
a01-014u-03
a01-014u-04
a01-014u-05
a01-014u-06
a01-014u-07
a01-014u-08
f02-036-00
f02-036-01
f02-036-02
f02-036-03
f02-036-04
f02-036-05
f02-036-06
f02-036-07
f02-036-08
a01-003-00
a01-003-01
a01-003-02
a01-003-03
a01-003-04
a01-003-05
a01-003-06
a01-003-07
a01-003-08
a01-003-09
a01-003-10
c03-003d-00
c03-003d-01
c03-003d-02
c03-003d-03
c03-003d-04
c03-003d-05
c03-003d-06
c03-003d-07
c03-003d-08
a01-030x-00
a01-030x-01
a01-030x-02
a01-030x-03
a01-030x-04
a01-030x-05
a01-030x-06
a01-030x-07
a01-030x-08
b04-026-00
b04-026-01
b04-026-02
b04-026-03
b04-026-04
b04-026-05
b04-026-06
n04-209-00
n04-209-01
n04-209-02
n04-209-03
n04-209-04
n04-209-05
n04-209-06
n04-209-07
c06-076-00
c06-076-01
c06-076-02
c06-076-03
c06-076-04
c06-076-05
c06-076-06
c06-076-07
c06-076-08
c06-076-09
r03-002-00
r03-002-01
r03-002-02
r03-002-03
r03-002-04
r03-002-05
r03-002-06
r03-002-07
r03-002-08
r03-002-09
f04-032-00
f04-032-01
f04-032-02
f04-032-03
f04-032-04
f04-032-05
f04-032-06
f04-032-07
f04-032-08
f04-032-09
c03-081a-00
c03-081a-01
c03-081a-02
c03-081a-03
c03-081a-04
c03-081a-05
c03-081a-06
c03-081a-07
c03-081a-08
c03-081a-09
g04-104-00
g04-104-01
g04-104-02
g04-104-03
g04-104-04
g04-104-05
g04-104-06
g04-104-07
g04-104-08
g06-011e-00
g06-011e-01
g06-011e-02
g06-011e-03
g06-011e-04
g06-011e-05
g06-011e-06
g06-011e-07
g06-011e-08
g06-042g-00
g06-042g-01
g06-042g-02
g06-042g-03
g06-042g-04
e01-086-00
e01-086-01
e01-086-02
e01-086-03
e01-086-04
e01-086-05
e01-086-06
h05-012-00
h05-012-01
h05-012-02
h05-012-03
h05-012-04
h05-012-05
h05-012-06
a05-116-00
a05-116-01
a05-116-02
a05-116-03
a05-116-04
a05-116-05
a05-116-06
a05-116-07
a05-116-08
a05-116-09
m01-090-00
m01-090-01
m01-090-02
m01-090-03
m01-090-04
m01-090-05
m01-090-06
m01-090-07
g06-045a-00
g06-045a-01
g06-045a-02
g06-045a-03
g06-045a-04
g06-045a-05
g06-045a-06
g06-045a-07
a01-117u-00
a01-117u-01
a01-117u-02
a01-117u-03
a01-117u-04
a01-117u-05
a01-117u-06
a01-117u-07
a01-117u-08
a01-117u-09
a01-117u-10
g06-018i-00
g06-018i-01
g06-018i-02
g06-018i-03
g06-018i-04
g06-018i-05
g06-018i-06
b04-000-00
b04-000-01
b04-000-02
b04-000-03
b04-000-04
b04-000-05
b04-000-06
p02-150-00
p02-150-01
p02-150-02
p02-150-03
p02-150-04
p02-150-05
p02-150-06
p02-150-07
p02-150-08
a01-072x-00
a01-072x-01
a01-072x-02
a01-072x-03
a01-072x-04
a01-072x-05
a01-072x-06
a01-072x-07
g06-018g-00
g06-018g-01
g06-018g-02
g06-018g-03
g06-018g-04
g06-018g-05
g06-018g-06
c03-096c-00
c03-096c-01
c03-096c-02
c03-096c-03
c03-096c-04
c03-096c-05
c03-096c-06
c03-096c-07
e01-055-00
e01-055-01
e01-055-02
e01-055-03
e01-055-04
e01-055-05
e01-055-06
e01-055-07
e01-055-08
e01-055-09
b04-208-00
b04-208-01
b04-208-02
p03-047-00
p03-047-01
p03-047-02
p03-047-03
p03-047-04
p03-047-05
p03-047-06
p03-047-07
p03-047-08
p03-047-09
p02-022-00
p02-022-01
p02-022-02
p02-022-03
p02-022-04
p02-022-05
p02-022-06
p02-022-07
p02-022-08
b04-020-00
b04-020-01
b04-020-02
b04-020-03
b04-020-04
b04-020-05
b04-020-06
b04-020-07
b04-020-08
e04-043-00
e04-043-01
e04-043-02
e04-043-03
e04-043-04
e04-043-05
e04-043-06
e04-043-07
a05-080-00
a05-080-01
a05-080-02
a05-080-03
a05-080-04
a05-080-05
a05-080-06
a05-080-07
a05-080-08
a05-080-09
n02-049-00
n02-049-01
n02-049-02
n02-049-03
n02-049-04
n02-049-05
f04-004-00
f04-004-01
f04-004-02
f04-004-03
f04-004-04
f04-004-05
f04-004-06
f04-004-07
g06-042l-00
g06-042l-01
g06-042l-02
g06-042l-03
g06-042l-04
a05-000-00
a05-000-01
a05-000-02
a05-000-03
a05-000-04
a05-000-05
a05-000-06
a05-000-07
e06-070-00
e06-070-01
e06-070-02
e06-070-03
e06-070-04
e06-070-05
e06-070-06
e06-070-07
e06-070-08
e06-070-09
f01-070-00
f01-070-01
f01-070-02
f01-070-03
f01-070-04
f01-070-05
f01-070-06
f01-070-07
f01-070-08
c06-005-00
c06-005-01
c06-005-02
c06-005-03
c06-005-04
c06-005-05
c06-005-06
c06-005-07
c06-005-08
r02-117-00
r02-117-01
r02-117-02
r02-117-03
r02-117-04
r02-117-05
r02-117-06
r02-117-07
c03-084a-00
c03-084a-01
c03-084a-02
c03-084a-03
c03-084a-04
c03-084a-05
c03-084a-06
c03-084a-07
n03-038-00
n03-038-01
n03-038-02
n03-038-03
n03-038-04
n03-038-05
n03-038-06
e06-041-00
e06-041-01
e06-041-02
e06-041-03
e06-041-04
e06-041-05
e06-041-06
e06-041-07
e06-041-08
e06-041-09
e04-086-00
e04-086-01
e04-086-02
e04-086-03
e04-086-04
e04-086-05
e04-086-06
n01-009-00
n01-009-01
n01-009-02
n01-009-03
n01-009-04
n01-009-05
n01-009-06
n01-009-07
n01-009-08
c03-007a-00
c03-007a-01
c03-007a-02
c03-007a-03
c03-007a-04
c03-007a-05
c03-007a-06
c03-007a-07
m04-072-00
m04-072-01
m04-072-02
m04-072-03
m04-072-04
m04-072-05
m04-072-06
m04-072-07
m04-072-08
m04-072-09
m04-072-10
m04-078-00
m04-078-01
m04-078-02
m04-078-03
m04-078-04
m04-078-05
m04-078-06
m04-078-07
e04-026-00
e04-026-01
e04-026-02
e04-026-03
e04-026-04
e04-026-05
e04-026-06
e06-015-00
e06-015-01
e06-015-02
e06-015-03
e06-015-04
e06-015-05
e06-015-06
e06-015-07
e06-015-08
e06-015-09
r03-026-00
r03-026-01
r03-026-02
r03-026-03
r03-026-04
r03-026-05
r03-026-06
r03-026-07
r03-026-08
r03-026-09
r03-026-10
g06-050f-00
g06-050f-01
g06-050f-02
g06-050f-03
g06-050f-04
g06-050f-05
a01-077u-00
a01-077u-01
a01-077u-02
a01-077u-03
a01-077u-04
a01-077u-05
a01-077u-06
a01-077u-07
a01-077u-08
a05-099-00
a05-099-01
a05-099-02
a05-099-03
a05-099-04
a05-099-05
a05-099-06
a05-099-07
a05-099-08
a05-099-09
n02-054-00
n02-054-01
n02-054-02
n02-054-03
n02-054-04
n02-054-05
n02-054-06
n02-054-07
n02-054-08
n02-054-09
m04-100-00
m04-100-01
m04-100-02
m04-100-03
m04-100-04
m04-100-05
m04-100-06
m04-100-07
a05-084-00
a05-084-01
a05-084-02
a05-084-03
a05-084-04
a05-084-05
a05-084-06
a05-084-07
a05-084-08
a05-084-09
g06-031c-00
g06-031c-01
g06-031c-02
g06-031c-03
g06-031c-04
g06-031c-05
g06-031c-06
g06-031c-07
p03-181-00
p03-181-01
p03-181-02
p03-181-03
p03-181-04
p03-181-05
p03-181-06
p03-181-07
p03-181-08
p03-181-09
a05-022-00
a05-022-01
a05-022-02
a05-022-03
a05-022-04
a05-022-05
a05-022-06
a05-022-07
a05-022-08
a05-048-00
a05-048-01
a05-048-02
a05-048-03
a05-048-04
a05-048-05
a05-048-06
a05-048-07
a05-048-08
a05-048-09
a05-048-10
m03-095-00
m03-095-01
m03-095-02
m03-095-03
m03-095-04
m03-095-05
m03-095-06
m03-095-07
m03-095-08
d04-008-00
d04-008-01
d04-008-02
d04-008-03
d04-008-04
d04-008-05
g06-031d-00
g06-031d-01
g06-031d-02
g06-031d-03
g06-031d-04
g06-031d-05
g06-031d-06
g06-031d-07
a01-003x-00
a01-003x-01
a01-003x-02
a01-003x-03
a01-003x-04
a01-003x-05
a01-003x-06
a01-003x-07
a01-003x-08
c03-016e-00
c03-016e-01
c03-016e-02
c03-016e-03
c03-016e-04
c03-016e-05
c03-016e-06
c03-016e-07
c03-016e-08
c03-016e-09
c03-016e-10
n04-190-00
n04-190-01
n04-190-02
n04-190-03
n04-190-04
n04-190-05
n04-190-06
m04-164-00
m04-164-01
m04-164-02
m04-164-03
m04-164-04
m04-164-05
m04-164-06
m04-164-07
a01-096u-00
a01-096u-01
a01-096u-02
a01-096u-03
a01-096u-04
a01-096u-05
a01-096u-06
a01-096u-07
a01-096u-08
a01-096u-09
a01-096u-10
g06-037c-00
g06-037c-01
g06-037c-02
g06-037c-03
g06-037c-04
g06-037c-05
g06-037c-06
g06-037c-07
g06-037c-08
g06-037c-09
g06-037c-10
n03-120-00
n03-120-01
n03-120-02
n03-120-03
n03-120-04
n03-120-05
n03-120-06
n03-120-07
n03-120-08
n03-120-09
g06-037i-00
g06-037i-01
g06-037i-02
g06-037i-03
g06-037i-04
g06-037i-05
g06-037i-06
g06-037i-07
g06-037i-08
g06-037i-09
e01-113-00
e01-113-01
e01-113-02
e01-113-03
e01-113-04
e01-113-05
e01-113-06
e01-113-07
m03-110-00
m03-110-01
m03-110-02
m03-110-03
m03-110-04
m03-110-05
m03-110-06
m03-110-07
m03-110-08
m03-110-09
r02-038-00
r02-038-01
r02-038-02
r02-038-03
r02-038-04
r02-038-05
r02-038-06
d06-100-00
d06-100-01
d06-100-02
d06-100-03
d06-100-04
d06-100-05
d06-100-06
d06-100-07
a01-020-00
a01-020-01
a01-020-02
a01-020-03
a01-020-04
a01-020-05
a01-020-06
a01-020-07
a01-020-08
g06-045e-00
g06-045e-01
g06-045e-02
g06-045e-03
g06-045e-04
g06-045e-05
g06-045e-06
g06-026l-00
g06-026l-01
g06-026l-02
g06-026l-03
g06-026l-04
g06-026l-05
d06-111-00
d06-111-01
d06-111-02
d06-111-03
d06-111-04
d06-111-05
d06-111-06
g06-037k-00
g06-037k-01
g06-037k-02
g06-037k-03
g06-037k-04
g06-037k-05
g06-037k-06
g06-037k-07
g06-037k-08
g06-037k-09
r03-050-00
r03-050-01
r03-050-02
r03-050-03
r03-050-04
r03-050-05
r03-050-06
p03-151-00
p03-151-01
p03-151-02
p03-151-03
p03-151-04
p03-151-05
p03-151-06
p03-151-07
c03-096a-00
c03-096a-01
c03-096a-02
c03-096a-03
c03-096a-04
c03-096a-05
c03-096a-06
c03-096a-07
c03-096a-08
g06-037l-00
g06-037l-01
g06-037l-02
g06-037l-03
g06-037l-04
g06-037l-05
g06-037l-06
g06-037l-07
g06-037l-08
g06-037l-09
g06-011j-00
g06-011j-01
g06-011j-02
g06-011j-03
g06-011j-04
g06-011j-05
g06-011j-06
g06-011j-07
g06-011j-08
g06-011j-09
g06-011j-10
n04-218-00
n04-218-01
n04-218-02
n04-218-03
n04-218-04
n04-218-05
n04-218-06
n04-218-07
n04-218-08
n04-218-09
g06-031b-00
g06-031b-01
g06-031b-02
g06-031b-03
g06-031b-04
g06-031b-05
g06-031b-06
g06-031b-07
g06-031b-08
g06-031b-09
g06-031b-10
b01-132-00
b01-132-01
b01-132-02
b01-132-03
b01-132-04
b01-132-05
b01-132-06
b01-132-07
b01-132-08
c03-007c-00
c03-007c-01
c03-007c-02
c03-007c-03
c03-007c-04
c03-007c-05
c03-007c-06
c03-007c-07
c03-007c-08
f03-182-00
f03-182-01
f03-182-02
f03-182-03
f03-182-04
f03-182-05
f03-182-06
f03-182-07
g06-047l-00
g06-047l-01
g06-047l-02
g06-047l-03
g06-047l-04
g06-047l-05
g06-047l-06
n01-000-00
n01-000-01
n01-000-02
n01-000-03
n01-000-04
n01-000-05
n01-000-06
n01-000-07
g06-037e-00
g06-037e-01
g06-037e-02
g06-037e-03
g06-037e-04
g06-037e-05
g06-037e-06
g06-037e-07
g06-037e-08
r03-056-00
r03-056-01
r03-056-02
r03-056-03
r03-056-04
r03-056-05
r03-056-06
r03-056-07
a01-049x-00
a01-049x-01
a01-049x-02
a01-049x-03
a01-049x-04
a01-049x-05
a01-049x-06
a01-049x-07
a01-049x-08
a01-049x-09
a01-049x-10
b01-113-00
b01-113-01
b01-113-02
b01-113-03
b01-113-04
b01-113-05
b01-113-06
b01-113-07
d04-101-00
d04-101-01
d04-101-02
d04-101-03
d04-101-04
d04-101-05
g06-037d-00
g06-037d-01
g06-037d-02
g06-037d-03
g06-037d-04
g06-037d-05
g06-037d-06
g06-037d-07
g06-037d-08
g06-037d-09
a01-053-00
a01-053-01
a01-053-02
a01-053-03
a01-053-04
a01-053-05
a01-053-06
a01-053-07
a01-053-08
a01-053-09
a01-053-10
g06-042e-00
g06-042e-01
g06-042e-02
g06-042e-03
g06-042e-04
g06-042e-05
d06-104-00
d06-104-01
d06-104-02
d06-104-03
d06-104-04
d06-104-05
d06-104-06
d06-104-07
d06-104-08
d06-104-09
d06-104-10
a05-108-00
a05-108-01
a05-108-02
a05-108-03
a05-108-04
a05-108-05
a05-108-06
a05-108-07
a05-058-00
a05-058-01
a05-058-02
a05-058-03
a05-058-04
a05-058-05
a05-058-06
a05-058-07
a05-058-08
a01-011-00
a01-011-01
a01-011-02
a01-011-03
a01-011-04
a01-011-05
a01-011-06
e02-014-00
e02-014-01
e02-014-02
e02-014-03
e02-014-04
e02-014-05
e02-014-06
c03-003f-00
c03-003f-01
c03-003f-02
c03-003f-03
c03-003f-04
c03-003f-05
c03-003f-06
c03-003f-07
c03-003f-08
c03-003f-09
a01-122u-00
a01-122u-01
a01-122u-02
a01-122u-03
a01-122u-04
a01-122u-05
a01-122u-06
a01-122u-07
a01-122u-08
a01-122u-09
a01-122u-10
a03-080-00
a03-080-01
a03-080-02
a03-080-03
a03-080-04
a03-080-05
a03-080-06
a03-080-07
a03-080-08
a03-080-09
g06-050j-00
g06-050j-01
g06-050j-02
g06-050j-03
g06-050j-04
g06-050j-05
g06-050j-06
g06-050j-07
g06-050j-08
g06-050j-09
n02-062-00
n02-062-01
n02-062-02
n02-062-03
n02-062-04
n02-062-05
n02-062-06
n02-062-07
p02-127-00
p02-127-01
p02-127-02
p02-127-03
p02-127-04
p02-127-05
p02-127-06
n02-004-00
n02-004-01
n02-004-02
n02-004-03
n02-004-04
n02-004-05
n02-004-06
n02-004-07
n02-004-08
g06-050l-00
g06-050l-01
g06-050l-02
g06-050l-03
g06-050l-04
g06-050l-05
g06-050l-06
g06-050l-07
n04-183-00
n04-183-01
n04-183-02
n04-183-03
n04-183-04
n04-183-05
n04-183-06
e02-018-00
e02-018-01
e02-018-02
e02-018-03
e02-018-04
e02-018-05
e02-018-06
c06-020-00
c06-020-01
c06-020-02
c06-020-03
c06-020-04
c06-020-05
c06-020-06
c06-020-07
d06-067-00
d06-067-01
d06-067-02
d06-067-03
d06-067-04
d06-067-05
d06-067-06
d06-067-07
d06-067-08
d06-067-09
e04-058-00
e04-058-01
e04-058-02
e04-058-03
e04-058-04
e04-058-05
e04-058-06
e06-000-00
e06-000-01
e06-000-02
e06-000-03
e06-000-04
e06-000-05
e06-000-06
e06-000-07
d01-118-00
d01-118-01
d01-118-02
d01-118-03
d01-118-04
d01-118-05
d01-118-06
g06-011f-00
g06-011f-01
g06-011f-02
g06-011f-03
g06-011f-04
g06-011f-05
g06-011f-06
g06-011f-07
p03-023-00
p03-023-01
p03-023-02
p03-023-03
p03-023-04
p03-023-05
b06-075-00
b06-075-01
b06-075-02
b06-075-03
b06-075-04
b06-075-05
b06-075-06
b06-075-07
b06-075-08
b06-075-09
b06-075-10
g06-031f-00
g06-031f-01
g06-031f-02
g06-031f-03
g06-031f-04
g06-031f-05
e02-117-00
e02-117-01
e02-117-02
e02-117-03
e02-117-04
e02-117-05
e02-117-06
e02-117-07
e02-117-08
k04-022-00
k04-022-01
k04-022-02
k04-022-03
k04-022-04
k04-022-05
k04-022-06
k04-022-07
d05-021-00
d05-021-01
d05-021-02
d05-021-03
d05-021-04
d05-021-05
d05-021-06
d05-021-07
d05-021-08
g06-047j-00
g06-047j-01
g06-047j-02
g06-047j-03
g06-047j-04
g06-047j-05
g06-047j-06
g06-047j-07
g06-047j-08
g06-042d-00
g06-042d-01
g06-042d-02
g06-042d-03
g06-042d-04
g06-047a-00
g06-047a-01
g06-047a-02
g06-047a-03
g06-047a-04
g06-047a-05
g06-047a-06
g06-047a-07
a01-132u-00
a01-132u-01
a01-132u-02
a01-132u-03
a01-132u-04
a01-132u-05
a01-132u-06
a01-132u-07
a01-132u-08
a01-132u-09
r03-007-00
r03-007-01
r03-007-02
r03-007-03
r03-007-04
r03-007-05
r03-007-06
r03-007-07
r03-007-08
b04-054-00
b04-054-01
b04-054-02
b04-054-03
b04-054-04
b04-054-05
b04-054-06
g06-042h-00
g06-042h-01
g06-042h-02
g06-042h-03
g06-042h-04
g06-042h-05
g06-042h-06
g06-047b-00
g06-047b-01
g06-047b-02
g06-047b-03
g06-047b-04
g06-047b-05
g06-047b-06
g06-047b-07
p02-008-00
p02-008-01
p02-008-02
p02-008-03
p02-008-04
p02-008-05
p02-008-06
p02-008-07
p02-008-08
p02-008-09
p02-008-10
c03-007f-00
c03-007f-01
c03-007f-02
c03-007f-03
c03-007f-04
c03-007f-05
c03-007f-06
c03-007f-07
c03-007f-08
a01-020x-00
a01-020x-01
a01-020x-02
a01-020x-03
a01-020x-04
a01-020x-05
a01-020x-06
a01-020x-07
a01-020x-08
a01-117-00
a01-117-01
a01-117-02
a01-117-03
a01-117-04
a01-117-05
a01-117-06
a01-117-07
a01-117-08
a01-117-09
f02-040-00
f02-040-01
f02-040-02
f02-040-03
f02-040-04
f02-040-05
f02-040-06
f02-040-07
f02-040-08
f02-040-09
p03-069-00
p03-069-01
p03-069-02
p03-069-03
p03-069-04
p03-069-05
p03-069-06
a01-113-00
a01-113-01
a01-113-02
a01-113-03
a01-113-04
a01-113-05
a01-113-06
a01-113-07
a01-113-08
b05-050-00
b05-050-01
b05-050-02
b05-050-03
b05-050-04
b05-050-05
b05-050-06
b05-050-07
b05-050-08
g06-011m-00
g06-011m-01
g06-011m-02
g06-011m-03
g06-011m-04
g06-011m-05
g06-011m-06
g06-011m-07
g06-011m-08
g06-011m-09
b04-066-00
b04-066-01
b04-066-02
b04-066-03
b04-066-04
b04-066-05
b04-066-06
b06-071-00
b06-071-01
b06-071-02
b06-071-03
b06-071-04
b06-071-05
b06-071-06
b06-071-07
b06-071-08
b06-071-09
p03-135-00
p03-135-01
p03-135-02
p03-135-03
p03-135-04
p03-135-05
p03-135-06
g06-018h-00
g06-018h-01
g06-018h-02
g06-018h-03
g06-018h-04
g06-018h-05
g06-018h-06
g06-018h-07
a01-128u-00
a01-128u-01
a01-128u-02
a01-128u-03
a01-128u-04
a01-128u-05
a01-128u-06
a01-128u-07
a01-128u-08
a01-128u-09
a01-128u-10
n02-000-00
n02-000-01
n02-000-02
n02-000-03
n02-000-04
n02-000-05
n02-000-06
n02-000-07
r03-110-00
r03-110-01
r03-110-02
r03-110-03
r03-110-04
r03-110-05
r03-110-06
r03-110-07
r03-110-08
r03-110-09
c03-087f-00
c03-087f-01
c03-087f-02
c03-087f-03
c03-087f-04
c03-087f-05
c03-087f-06
c03-087f-07
c03-087f-08
d04-081-00
d04-081-01
d04-081-02
d04-081-03
d04-081-04
d04-081-05
d04-081-06
d04-081-07
d04-081-08
d06-056-00
d06-056-01
d06-056-02
d06-056-03
d06-056-04
d06-056-05
d06-056-06
d06-056-07
d06-056-08
f04-100-00
f04-100-01
f04-100-02
f04-100-03
f04-100-04
f04-100-05
f04-100-06
f04-100-07
f04-100-08
f04-100-09
f04-100-10
g06-045l-00
g06-045l-01
g06-045l-02
g06-045l-03
g06-045l-04
g06-045l-05
g06-045l-06
e04-109-00
e04-109-01
e04-109-02
e04-109-03
e04-109-04
e04-109-05
e04-109-06
n04-195-00
n04-195-01
n04-195-02
n04-195-03
n04-195-04
n04-195-05
c04-075-00
c04-075-01
c04-075-02
c04-075-03
c04-075-04
c04-075-05
c04-075-06
g06-026m-00
g06-026m-01
g06-026m-02
g06-026m-03
g06-026m-04
g06-026m-05
g06-026m-06
e06-003-00
e06-003-01
e06-003-02
e06-003-03
e06-003-04
e06-003-05
e06-003-06
e06-003-07
e06-003-08
e06-003-09
e06-003-10
n02-157-00
n02-157-01
n02-157-02
n02-157-03
n02-157-04
n02-157-05
n02-157-06
n02-157-07
n02-157-08
n03-066-00
n03-066-01
n03-066-02
n03-066-03
n03-066-04
n03-066-05
n03-066-06
n03-066-07
a01-043u-00
a01-043u-01
a01-043u-02
a01-043u-03
a01-043u-04
a01-043u-05
a01-043u-06
a01-043u-07
a01-043u-08
a01-043u-09
b04-202-00
b04-202-01
b04-202-02
b04-202-03
b04-202-04
b04-202-05
b04-202-06
b04-202-07
d07-093-00
d07-093-01
d07-093-02
d07-093-03
d07-093-04
d07-093-05
d07-093-06
d07-093-07
d07-093-08
f04-016-00
f04-016-01
f04-016-02
f04-016-03
f04-016-04
f04-016-05
f04-016-06
f04-016-07
g06-037h-00
g06-037h-01
g06-037h-02
g06-037h-03
g06-037h-04
g06-037h-05
g06-037h-06
g06-037h-07
g06-037h-08
g06-037h-09
g06-037h-10
n02-082a-00
n02-082a-01
n02-082a-02
n02-082a-03
n02-082a-04
n02-082a-05
n02-082a-06
a05-044-00
a05-044-01
a05-044-02
a05-044-03
a05-044-04
a05-044-05
a05-044-06
a05-044-07
a05-044-08
a05-044-09
a05-044-10
g06-042k-00
g06-042k-01
g06-042k-02
g06-042k-03
g06-042k-04
g06-042k-05
n01-036-00
n01-036-01
n01-036-02
n01-036-03
n01-036-04
n01-036-05
b05-062-00
b05-062-01
b05-062-02
b05-062-03
b05-062-04
b05-062-05
e01-107-00
e01-107-01
e01-107-02
e01-107-03
e01-107-04
e01-107-05
e01-107-06
e01-107-07
e01-107-08
e01-107-09
b01-079-00
b01-079-01
b01-079-02
b01-079-03
b01-079-04
b01-079-05
b01-079-06
b01-079-07
b01-079-08
b01-079-09
b01-079-10
e06-033-00
e06-033-01
e06-033-02
e06-033-03
e06-033-04
e06-033-05
e06-033-06
e06-033-07
e06-033-08
e06-033-09
d04-062-00
d04-062-01
d04-062-02
d04-062-03
d04-062-04
r03-096-00
r03-096-01
r03-096-02
r03-096-03
r03-096-04
r03-096-05
r03-096-06
c03-087c-00
c03-087c-01
c03-087c-02
c03-087c-03
c03-087c-04
c03-087c-05
c03-087c-06
c03-087c-07
c04-122-00
c04-122-01
c04-122-02
c04-122-03
c04-122-04
c04-122-05
c04-122-06
c04-122-07
f01-135-00
f01-135-01
f01-135-02
f01-135-03
f01-135-04
f01-135-05
f01-135-06
f01-135-07
f01-135-08
f01-135-09
f01-135-10
a01-082u-00
a01-082u-01
a01-082u-02
a01-082u-03
a01-082u-04
a01-082u-05
a01-082u-06
a01-082u-07
a01-082u-08
a01-082u-09
e02-025-00
e02-025-01
e02-025-02
e02-025-03
e02-025-04
e02-025-05
e02-025-06
e02-025-07
e02-025-08
e02-025-09
e02-025-10
g06-047m-00
g06-047m-01
g06-047m-02
g06-047m-03
g06-047m-04
g06-047m-05
g06-047m-06
g06-047m-07
g06-047m-08
a01-007-00
a01-007-01
a01-007-02
a01-007-03
a01-007-04
a01-007-05
a01-007-06
a01-007-07
a01-007-08
c03-000f-00
c03-000f-01
c03-000f-02
c03-000f-03
c03-000f-04
c03-000f-05
c03-000f-06
c03-000f-07
c03-000f-08
h04-007-00
h04-007-01
h04-007-02
h04-007-03
h04-007-04
h04-007-05
h04-007-06
h04-007-07
h04-007-08
m03-033-00
m03-033-01
m03-033-02
m03-033-03
m03-033-04
m03-033-05
m03-033-06
m03-033-07
g06-031g-00
g06-031g-01
g06-031g-02
g06-031g-03
g06-031g-04
g06-031g-05
g06-031g-06
r02-006-00
r02-006-01
r02-006-02
r02-006-03
r02-006-04
r02-006-05
r02-006-06
r02-006-07
r02-006-08
r02-006-09
m01-121-00
m01-121-01
m01-121-02
m01-121-03
m01-121-04
m01-121-05
m01-121-06
m01-121-07
m01-121-08
f03-169-00
f03-169-01
f03-169-02
f03-169-03
f03-169-04
f03-169-05
f03-169-06
b01-057-00
b01-057-01
b01-057-02
b01-057-03
b01-057-04
b01-057-05
b01-057-06
b01-057-07
b01-057-08
b01-057-09
b01-057-10
a01-030u-00
a01-030u-01
a01-030u-02
a01-030u-03
a01-030u-04
a01-030u-05
a01-030u-06
a01-030u-07
a01-030u-08
a01-030u-09
a01-030u-10
g06-026i-00
g06-026i-01
g06-026i-02
g06-026i-03
g06-026i-04
g06-026i-05
g06-045c-00
g06-045c-01
g06-045c-02
g06-045c-03
g06-045c-04
g06-045c-05
g06-045c-06
c03-094d-00
c03-094d-01
c03-094d-02
c03-094d-03
c03-094d-04
c03-094d-05
c03-094d-06
c03-094d-07
c03-094d-08
c03-094d-09
c03-094d-10
g06-026h-00
g06-026h-01
g06-026h-02
g06-026h-03
g06-026h-04
g06-026h-05
a01-053u-00
a01-053u-01
a01-053u-02
a01-053u-03
a01-053u-04
a01-053u-05
a01-053u-06
a01-053u-07
a01-053u-08
a01-053u-09
g06-018d-00
g06-018d-01
g06-018d-02
g06-018d-03
g06-018d-04
g06-018d-05
g06-018d-06
g06-018d-07
f02-038-00
f02-038-01
f02-038-02
f02-038-03
f02-038-04
f02-038-05
f02-038-06
f02-038-07
f02-038-08
f02-038-09
f02-038-10
d04-111-00
d04-111-01
d04-111-02
d04-111-03
d04-111-04
d04-111-05
d04-111-06
d04-111-07
d04-111-08
d04-111-09
d04-111-10
d04-111-11
a01-072u-00
a01-072u-01
a01-072u-02
a01-072u-03
a01-072u-04
a01-072u-05
a01-072u-06
a01-072u-07
a01-072u-08
f02-033-00
f02-033-01
f02-033-02
f02-033-03
f02-033-04
f02-033-05
f02-033-06
f02-033-07
f02-033-08
f02-033-09
f02-033-10
f02-033-11
g06-011b-00
g06-011b-01
g06-011b-02
g06-011b-03
g06-011b-04
g06-011b-05
g06-011b-06
g06-011b-07
g06-011b-08
g06-011b-09
g06-011b-10
m04-180-00
m04-180-01
m04-180-02
m04-180-03
m04-180-04
m04-180-05
m04-180-06
m04-180-07
a05-039-00
a05-039-01
a05-039-02
a05-039-03
a05-039-04
a05-039-05
a05-039-06
a05-039-07
a05-039-08
a05-039-09
a05-039-10
a01-132-00
a01-132-01
a01-132-02
a01-132-03
a01-132-04
a01-132-05
a01-132-06
a01-132-07
a01-132-08
a01-132-09
a01-132-10
a01-132-11
a05-113-00
a05-113-01
a05-113-02
a05-113-03
a05-113-04
a05-113-05
a05-113-06
a05-113-07
a05-113-08
a05-113-09
g06-018j-00
g06-018j-01
g06-018j-02
g06-018j-03
g06-018j-04
g06-018j-05
g06-018j-06
g06-018j-07
g06-018j-08
d06-086-00
d06-086-01
d06-086-02
d06-086-03
d06-086-04
d06-086-05
d06-086-06
d06-086-07
d06-086-08
d06-086-09
d06-086-10
f01-147-00
f01-147-01
f01-147-02
f01-147-03
f01-147-04
f01-147-05
f01-147-06
f01-147-07
f01-147-08
g06-047i-00
g06-047i-01
g06-047i-02
g06-047i-03
g06-047i-04
g06-047i-05
g06-047i-06
d07-085-00
d07-085-01
d07-085-02
d07-085-03
d07-085-04
d07-085-05
d07-085-06
d07-085-07
n03-079-00
n03-079-01
n03-079-02
n03-079-03
n03-079-04
n03-079-05
n03-079-06
b01-089-00
b01-089-01
b01-089-02
b01-089-03
b01-089-04
b01-089-05
b01-089-06
b01-089-07
b01-089-08
b01-089-09
e06-006-00
e06-006-01
e06-006-02
e06-006-03
e06-006-04
e06-006-05
e06-006-06
e06-006-07
e06-006-08
e06-006-09
e06-006-10
a05-069-00
a05-069-01
a05-069-02
a05-069-03
a05-069-04
a05-069-05
a05-069-06
a05-069-07
a05-069-08
a05-069-09
a05-069-10
c03-000b-00
c03-000b-01
c03-000b-02
c03-000b-03
c03-000b-04
c03-000b-05
c03-000b-06
m04-113-00
m04-113-01
m04-113-02
m04-113-03
m04-113-04
m04-113-05
m04-113-06
m04-113-07
m04-113-08
m04-113-09
m04-113-10
n03-082-00
n03-082-01
n03-082-02
n03-082-03
n03-082-04
n03-082-05
n03-082-06
n03-082-07
a01-007u-00
a01-007u-01
a01-007u-02
a01-007u-03
a01-007u-04
a01-007u-05
a01-007u-06
a01-007u-07
a01-007u-08
a01-007u-09
p02-139-00
p02-139-01
p02-139-02
p02-139-03
p02-139-04
p02-139-05
b06-093-00
b06-093-01
b06-093-02
b06-093-03
b06-093-04
b06-093-05
b06-093-06
b06-093-07
b06-093-08
b06-093-09
b06-093-10
e04-103-00
e04-103-01
e04-103-02
e04-103-03
e04-103-04
e04-103-05
e04-103-06
a01-011x-00
a01-011x-01
a01-011x-02
a01-011x-03
a01-011x-04
a01-011x-05
a01-011x-06
a01-011x-07
a01-011x-08
a05-053-00
a05-053-01
a05-053-02
a05-053-03
a05-053-04
a05-053-05
a05-053-06
a05-053-07
a05-053-08
a05-053-09
a05-053-10
e04-052-00
e04-052-01
e04-052-02
e04-052-03
e04-052-04
e04-052-05
e04-052-06
e04-052-07
r02-078-00
r02-078-01
r02-078-02
r02-078-03
r02-078-04
r02-078-05
r02-078-06
r02-078-07
c03-087d-00
c03-087d-01
c03-087d-02
c03-087d-03
c03-087d-04
c03-087d-05
c03-087d-06
c03-087d-07
c03-087d-08
c03-087d-09
a06-064-00
a06-064-01
a06-064-02
a06-064-03
a06-064-04
a06-064-05
a06-064-06
a06-064-07
a06-064-08
a06-064-09
g06-050b-00
g06-050b-01
g06-050b-02
g06-050b-03
g06-050b-04
g06-050b-05
g06-050b-06
g06-050b-07
g06-050b-08
p02-144-00
p02-144-01
p02-144-02
p02-144-03
p02-144-04
p02-144-05
p02-144-06
p02-144-07
p02-144-08
p02-144-09
p02-144-10
p02-144-11
b06-004-00
b06-004-01
b06-004-02
b06-004-03
b06-004-04
b06-004-05
b06-004-06
b06-004-07
a01-038x-00
a01-038x-01
a01-038x-02
a01-038x-03
a01-038x-04
a01-038x-05
a01-038x-06
a01-038x-07
a01-038x-08
r02-060-00
r02-060-01
r02-060-02
r02-060-03
r02-060-04
r02-060-05
r02-060-06
r02-060-07
r02-060-08
r02-060-09
r02-060-10
a01-113u-00
a01-113u-01
a01-113u-02
a01-113u-03
a01-113u-04
a01-113u-05
a01-113u-06
a01-113u-07
a01-113u-08
a01-113u-09
a01-113u-10
f02-044-00
f02-044-01
f02-044-02
f02-044-03
f02-044-04
f02-044-05
f02-044-06
f02-044-07
f02-044-08
f02-044-09
f02-044-10
m02-072-00
m02-072-01
m02-072-02
m02-072-03
m02-072-04
m02-072-05
m02-072-06
g06-018e-00
g06-018e-01
g06-018e-02
g06-018e-03
g06-018e-04
g06-018e-05
g06-018e-06
g06-042m-00
g06-042m-01
g06-042m-02
g06-042m-03
g06-042m-04
g06-042m-05
g06-042m-06
f04-068-00
f04-068-01
f04-068-02
f04-068-03
f04-068-04
f04-068-05
f04-068-06
f04-068-07
a03-050-00
a03-050-01
a03-050-02
a03-050-03
a03-050-04
a03-050-05
a03-050-06
a03-050-07
a03-050-08
g06-011l-00
g06-011l-01
g06-011l-02
g06-011l-03
g06-011l-04
g06-011l-05
g06-011l-06
g06-011l-07
g06-011l-08
d05-008-00
d05-008-01
d05-008-02
d05-008-03
d05-008-04
d05-008-05
d05-008-06
d05-008-07
f04-035-00
f04-035-01
f04-035-02
f04-035-03
f04-035-04
f04-035-05
n03-106-00
n03-106-01
n03-106-02
n03-106-03
n03-106-04
n03-106-05
n03-106-06
n03-106-07
n03-106-08
n03-106-09
n03-106-10
n03-106-11
b01-073-00
b01-073-01
b01-073-02
b01-073-03
b01-073-04
b01-073-05
b01-073-06
b01-073-07
b01-073-08
b01-073-09
b01-073-10
e01-081-00
e01-081-01
e01-081-02
e01-081-03
e01-081-04
e01-081-05
e06-010-00
e06-010-01
e06-010-02
e06-010-03
e06-010-04
e06-010-05
e06-010-06
e06-010-07
f02-000-00
f02-000-01
f02-000-02
f02-000-03
f02-000-04
f02-000-05
f02-000-06
f02-000-07
f02-000-08
g06-037b-00
g06-037b-01
g06-037b-02
g06-037b-03
g06-037b-04
g06-037b-05
g06-037b-06
g06-037b-07
g06-037b-08
g06-037b-09
a01-049u-00
a01-049u-01
a01-049u-02
a01-049u-03
a01-049u-04
a01-049u-05
a01-049u-06
a01-049u-07
a01-049u-08
a01-049u-09
a01-049u-10
r02-003-00
r02-003-01
r02-003-02
r02-003-03
r02-003-04
r02-003-05
n03-126-00
n03-126-01
n03-126-02
n03-126-03
n03-126-04
e06-053-00
e06-053-01
e06-053-02
e06-053-03
e06-053-04
e06-053-05
e06-053-06
e06-053-07
e06-053-08
m01-125-00
m01-125-01
m01-125-02
m01-125-03
m01-125-04
m01-125-05
m01-125-06
m01-125-07
m01-125-08
m01-125-09
m01-125-10
r02-109-00
r02-109-01
r02-109-02
r02-109-03
r02-109-04
r02-109-05
r02-109-06
r02-109-07
r02-109-08
r02-109-09
a01-068u-00
a01-068u-01
a01-068u-02
a01-068u-03
a01-068u-04
a01-068u-05
a01-068u-06
a01-068u-07
a01-068u-08
a01-068u-09
b01-094-00
b01-094-01
b01-094-02
b01-094-03
b01-094-04
b01-094-05
b01-094-06
b01-094-07
b01-094-08
b01-094-09
f04-064-00
f04-064-01
f04-064-02
f04-064-03
f04-064-04
f04-064-05
f04-064-06
f04-064-07
f04-064-08
b01-000-00
b01-000-01
b01-000-02
b01-000-03
b01-000-04
b01-000-05
b01-000-06
b04-175-00
b04-175-01
b04-175-02
b04-175-03
b04-175-04
b04-175-05
b04-175-06
b04-175-07
b04-175-08
a05-104-00
a05-104-01
a05-104-02
a05-104-03
a05-104-04
a05-104-05
a05-104-06
a05-104-07
a05-104-08
a05-104-09
c03-081f-00
c03-081f-01
c03-081f-02
c03-081f-03
c03-081f-04
c03-081f-05
c03-081f-06
c03-081f-07
c03-081f-08
c03-081f-09
e07-086-00
e07-086-01
e07-086-02
e07-086-03
e07-086-04
e07-086-05
e07-086-06
e07-086-07
e07-086-08
e07-086-09
a01-007x-00
a01-007x-01
a01-007x-02
a01-007x-03
a01-007x-04
a01-007x-05
a01-007x-06
a01-007x-07
g06-050g-00
g06-050g-01
g06-050g-02
g06-050g-03
g06-050g-04
g06-050g-05
g06-050g-06
c03-087e-00
c03-087e-01
c03-087e-02
c03-087e-03
c03-087e-04
c03-087e-05
c03-087e-06
c03-087e-07
c03-087e-08
n03-091-00
n03-091-01
n03-091-02
n03-091-03
n03-091-04
n03-091-05
n03-091-06
n03-091-07
n03-091-08
g06-011k-00
g06-011k-01
g06-011k-02
g06-011k-03
g06-011k-04
g06-011k-05
g06-011k-06
g06-011k-07
g06-011k-08
g06-011k-09
g06-011k-10
a05-125-00
a05-125-01
a05-125-02
a05-125-03
a05-125-04
a05-125-05
a05-125-06
a05-125-07
c03-084c-00
c03-084c-01
c03-084c-02
c03-084c-03
c03-084c-04
c03-084c-05
c03-084c-06
d04-121-00
d04-121-01
d04-121-02
d04-121-03
d04-121-04
d04-121-05
d04-121-06
e04-008-00
e04-008-01
e04-008-02
e04-008-03
e04-008-04
d06-041-00
d06-041-01
d06-041-02
d06-041-03
d06-041-04
d06-041-05
d06-041-06
d06-041-07
n01-004-00
n01-004-01
n01-004-02
n01-004-03
n01-004-04
n01-004-05
n01-004-06
d06-037-00
d06-037-01
d06-037-02
d06-037-03
d06-037-04
d06-037-05
d06-037-06
d06-037-07
d01-123-00
d01-123-01
d01-123-02
d01-123-03
d01-123-04
d01-123-05
d01-123-06
d01-123-07
g06-047g-00
g06-047g-01
g06-047g-02
g06-047g-03
g06-047g-04
g06-047g-05
a03-089-00
a03-089-01
a03-089-02
a03-089-03
c06-128-00
c06-128-01
c06-128-02
c06-128-03
c06-128-04
c06-128-05
c06-128-06
c06-128-07
c06-128-08
n04-022-00
n04-022-01
n04-022-02
n04-022-03
n04-022-04
n04-022-05
n04-022-06
n04-022-07
p03-012-00
p03-012-01
p03-012-02
p03-012-03
p03-012-04
p03-012-05
p03-012-06
p03-012-07
p03-012-08
p03-012-09
p02-105-00
p02-105-01
p02-105-02
p02-105-03
p02-105-04
p02-105-05
p02-105-06
p02-105-07
n02-016-00
n02-016-01
n02-016-02
n02-016-03
n02-016-04
n02-016-05
n02-016-06
n02-016-07
a01-058-00
a01-058-01
a01-058-02
a01-058-03
a01-058-04
a01-058-05
a01-058-06
a01-058-07
a01-058-08
a01-058-09
c03-081c-00
c03-081c-01
c03-081c-02
c03-081c-03
c03-081c-04
c03-081c-05
c03-081c-06
c03-081c-07
c03-081c-08
f02-003-00
f02-003-01
f02-003-02
f02-003-03
f02-003-04
f02-003-05
m02-112-00
m02-112-01
m02-112-02
m02-112-03
m02-112-04
m02-112-05
r02-070-00
r02-070-01
r02-070-02
r02-070-03
r02-070-04
r02-070-05
r02-070-06
m03-114-00
m03-114-01
m03-114-02
m03-114-03
m03-114-04
m03-114-05
m03-114-06
m03-114-07
m03-114-08
m03-114-09
g06-042c-00
g06-042c-01
g06-042c-02
g06-042c-03
g06-042c-04
g06-042c-05
f03-191-00
f03-191-01
f03-191-02
f03-191-03
f03-191-04
f03-191-05
f03-191-06
b04-187-00
b04-187-01
b04-187-02
b04-187-03
b04-187-04
b04-187-05
b04-187-06
b04-187-07
c03-094f-00
c03-094f-01
c03-094f-02
c03-094f-03
c03-094f-04
c03-094f-05
c03-094f-06
c03-094f-07
c03-094f-08
c03-094f-09
m04-081-00
m04-081-01
m04-081-02
m04-081-03
m04-081-04
m04-081-05
m04-081-06
m04-081-07
m04-081-08
m04-081-09
m04-081-10
d06-003-00
d06-003-01
d06-003-02
d06-003-03
d06-003-04
d06-003-05
d06-003-06
g06-031l-00
g06-031l-01
g06-031l-02
g06-031l-03
g06-031l-04
g06-031l-05
g06-031l-06
g06-011g-00
g06-011g-01
g06-011g-02
g06-011g-03
g06-011g-04
g06-011g-05
g06-011g-06
g06-011g-07
g06-011g-08
g06-037g-00
g06-037g-01
g06-037g-02
g06-037g-03
g06-037g-04
g06-037g-05
g06-037g-06
g06-037g-07
g06-037g-08
g06-026j-00
g06-026j-01
g06-026j-02
g06-026j-03
g06-026j-04
g06-026j-05
g06-026j-06
g06-045k-00
g06-045k-01
g06-045k-02
g06-045k-03
g06-045k-04
g06-045k-05
g06-045k-06
g06-031a-00
g06-031a-01
g06-031a-02
g06-031a-03
g06-031a-04
g06-031a-05
g06-031a-06
g06-031a-07
g06-031a-08
r02-010-00
r02-010-01
r02-010-02
r02-010-03
r02-010-04
r02-010-05
r02-010-06
r02-010-07
g06-050e-00
g06-050e-01
g06-050e-02
g06-050e-03
g06-050e-04
g06-050e-05
g06-050e-06
r03-115-00
r03-115-01
r03-115-02
r03-115-03
d06-091-00
d06-091-01
d06-091-02
d06-091-03
d06-091-04
d06-091-05
d06-091-06
d06-091-07
d06-091-08
d06-091-09
d06-091-10
p03-029-00
p03-029-01
p03-029-02
p03-029-03
p03-029-04
p03-029-05
p03-029-06
p03-029-07
p03-029-08
p03-029-09
n04-213-00
n04-213-01
n04-213-02
n04-213-03
n04-213-04
n04-213-05
n04-213-06
n04-213-07
d06-025-00
d06-025-01
d06-025-02
d06-025-03
d06-025-04
d06-025-05
d06-025-06
d06-025-07
d07-096-00
d07-096-01
d07-096-02
d07-096-03
d07-096-04
d07-096-05
d07-096-06
d07-096-07
d07-096-08
d07-096-09
f04-011-00
f04-011-01
f04-011-02
f04-011-03
f04-011-04
f04-011-05
f04-011-06
f04-011-07
f04-011-08
f04-011-09
f04-011-10
a01-087-00
a01-087-01
a01-087-02
a01-087-03
a01-087-04
a01-087-05
a01-087-06
a01-087-07
a01-087-08
e01-014-00
e01-014-01
e01-014-02
e01-014-03
e01-014-04
e01-014-05
e01-014-06
p03-185-00
p03-185-01
p03-185-02
p03-185-03
p03-185-04
p03-185-05
p03-185-06
p03-185-07
p03-185-08
c03-096b-00
c03-096b-01
c03-096b-02
c03-096b-03
c03-096b-04
c03-096b-05
c03-096b-06
c03-096b-07
g06-050d-00
g06-050d-01
g06-050d-02
g06-050d-03
g06-050d-04
g06-050d-05
g06-050d-06
g06-050d-07
d06-113-00
d06-113-01
d06-113-02
d06-113-03
d06-113-04
n01-020-00
n01-020-01
n01-020-02
n01-020-03
n01-020-04
n01-020-05
n01-020-06
n01-020-07
n01-020-08
n01-020-09
e04-022-00
e04-022-01
e04-022-02
e04-022-03
e04-022-04
e04-022-05
e04-022-06
e04-022-07
r02-089-00
r02-089-01
r02-089-02
r02-089-03
r02-089-04
r02-089-05
r02-089-06
r02-089-07
r02-089-08
r02-089-09
r02-089-10
p02-000-00
p02-000-01
p02-000-02
p02-000-03
p02-000-04
p02-000-05
p02-000-06
b04-004-00
b04-004-01
b04-004-02
b04-004-03
b04-004-04
b04-004-05
b04-004-06
b04-004-07
b04-004-08
b04-004-09
b04-004-10
g06-042i-00
g06-042i-01
g06-042i-02
g06-042i-03
g06-042i-04
a01-063-00
a01-063-01
a01-063-02
a01-063-03
a01-063-04
a01-063-05
a01-063-06
a01-063-07
a01-063-08
a01-063-09
a01-063-10
f04-028-00
f04-028-01
f04-028-02
f04-028-03
f04-028-04
f04-028-05
f04-028-06
f04-028-07
f04-028-08
f04-028-09
f04-028-10
c03-000e-00
c03-000e-01
c03-000e-02
c03-000e-03
c03-000e-04
c03-000e-05
c03-000e-06
c03-000e-07
b04-103-00
b04-103-01
b04-103-02
b04-103-03
b04-103-04
b04-103-05
b04-103-06
g06-047c-00
g06-047c-01
g06-047c-02
g06-047c-03
g06-047c-04
g06-047c-05
g06-047c-06
g06-047c-07
g06-050h-00
g06-050h-01
g06-050h-02
g06-050h-03
g06-050h-04
g06-050h-05
g06-050h-06
g06-050h-07
n02-009-00
n02-009-01
n02-009-02
n02-009-03
n02-009-04
n02-009-05
n02-009-06
e02-000-00
e02-000-01
e02-000-02
e02-000-03
e02-000-04
e02-000-05
e02-000-06
e02-000-07
a06-090-00
a06-090-01
a06-090-02
a06-090-03
a06-090-04
a06-090-05
a06-090-06
a06-090-07
a06-090-08
p02-109-00
p02-109-01
p02-109-02
p02-109-03
p02-109-04
p02-109-05
p02-109-06
p02-109-07
p02-109-08
g06-031i-00
g06-031i-01
g06-031i-02
g06-031i-03
g06-031i-04
g06-031i-05
g06-031i-06
g06-047h-00
g06-047h-01
g06-047h-02
g06-047h-03
g06-047h-04
g06-047h-05
g06-047h-06
a01-030-00
a01-030-01
a01-030-02
a01-030-03
a01-030-04
a01-030-05
a01-030-06
a01-030-07
g06-031m-00
g06-031m-01
g06-031m-02
g06-031m-03
g06-031m-04
g06-031m-05
g06-031m-06
g06-031m-07
g06-031m-08
g06-026d-00
g06-026d-01
g06-026d-02
g06-026d-03
g06-026d-04
g06-026d-05
n02-154-00
n02-154-01
n02-154-02
n02-154-03
n02-154-04
n02-154-05
n02-154-06
b01-084-00
b01-084-01
b01-084-02
b01-084-03
b01-084-04
b01-084-05
b01-084-06
b01-084-07
a03-030-00
a03-030-01
a03-030-02
a03-030-03
a03-030-04
a03-030-05
a03-030-06
a03-030-07
a03-030-08
a03-030-09
a05-094-00
a05-094-01
a05-094-02
a05-094-03
a05-094-04
a05-094-05
a05-094-06
a05-094-07
a05-094-08
a05-094-09
a05-094-10
n03-113-00
n03-113-01
n03-113-02
n03-113-03
n03-113-04
n03-113-05
n03-113-06
n03-113-07
n03-113-08
n03-113-09
g06-018k-00
g06-018k-01
g06-018k-02
g06-018k-03
g06-018k-04
g06-018k-05
g06-018k-06
g06-018k-07
d07-100-00
d07-100-01
d07-100-02
d07-100-03
d07-100-04
d07-100-05
d07-100-06
d07-100-07
d07-100-08
d07-100-09
n04-039-00
n04-039-01
n04-039-02
n04-039-03
n04-039-04
n04-039-05
r02-054-00
r02-054-01
r02-054-02
r02-054-03
r02-054-04
r02-054-05
r02-054-06
p03-189-00
p03-189-01
p03-189-02
p03-189-03
p03-189-04
c03-081d-00
c03-081d-01
c03-081d-02
c03-081d-03
c03-081d-04
c03-081d-05
c03-081d-06
c03-081d-07
c03-081d-08
c03-081d-09
c03-081d-10
m03-118-00
m03-118-01
m03-118-02
m03-118-03
m03-118-04
m03-118-05
g06-045i-00
g06-045i-01
g06-045i-02
g06-045i-03
g06-045i-04
g06-045i-05
g06-045i-06
n01-057-00
n01-057-01
n01-057-02
n01-057-03
n01-057-04
n01-057-05
n01-057-06
n01-057-07
n01-057-08
n01-057-09
b04-075-00
b04-075-01
b04-075-02
b04-075-03
b04-075-04
b04-075-05
c03-096d-00
c03-096d-01
c03-096d-02
c03-096d-03
c03-096d-04
c03-096d-05
c03-096d-06
c03-096d-07
c03-096d-08
f04-061-00
f04-061-01
f04-061-02
f04-061-03
f04-061-04
f04-061-05
f04-061-06
f04-061-07
g06-011a-00
g06-011a-01
g06-011a-02
g06-011a-03
g06-011a-04
g06-011a-05
g06-011a-06
g06-011a-07
g06-011a-08
g06-011a-09
g06-011a-10
g06-050i-00
g06-050i-01
g06-050i-02
g06-050i-03
g06-050i-04
g06-050i-05
g06-050i-06
g06-050i-07
g06-018l-00
g06-018l-01
g06-018l-02
g06-018l-03
g06-018l-04
g06-018l-05
g06-018l-06
e06-021-00
e06-021-01
e06-021-02
e06-021-03
e06-021-04
e06-021-05
e06-021-06
e06-021-07
e06-021-08
e06-021-09
e06-021-10
c03-081e-00
c03-081e-01
c03-081e-02
c03-081e-03
c03-081e-04
c03-081e-05
c03-081e-06
c03-081e-07
c03-081e-08
c03-081e-09
c03-081e-10
g06-031j-00
g06-031j-01
g06-031j-02
g06-031j-03
g06-031j-04
g06-031j-05
g06-031j-06
g06-031j-07
g06-031j-08
g06-031j-09
p03-033-00
p03-033-01
p03-033-02
p03-033-03
p03-033-04
p03-033-05
f01-053-00
f01-053-01
f01-053-02
f01-053-03
f01-053-04
f01-053-05
f01-053-06
f01-053-07
f01-053-08
d06-076-00
d06-076-01
d06-076-02
d06-076-03
d06-076-04
d06-076-05
b04-010-00
b04-010-01
b04-010-02
b04-010-03
b04-010-04
b04-010-05
b04-010-06
b04-010-07
b04-010-08
b04-010-09
f01-075-00
f01-075-01
f01-075-02
f01-075-03
f01-075-04
f01-075-05
f01-075-06
f01-075-07
f01-075-08
f01-075-09
f01-075-10
c06-111-00
c06-111-01
c06-111-02
c06-111-03
c06-111-04
c06-111-05
c06-111-06
c06-111-07
c03-000d-00
c03-000d-01
c03-000d-02
c03-000d-03
c03-000d-04
c03-000d-05
c03-000d-06
c03-000d-07
b05-038-00
b05-038-01
b05-038-02
b05-038-03
b05-038-04
b05-038-05
b05-038-06
b05-038-07
b05-038-08
n02-040-00
n02-040-01
n02-040-02
n02-040-03
n02-040-04
n02-040-05
n02-040-06
n02-040-07
c03-021e-00
c03-021e-01
c03-021e-02
c03-021e-03
c03-021e-04
c03-021e-05
c03-021e-06
c03-021e-07
c03-021e-08
c03-021e-09
c03-021e-10
f01-143-00
f01-143-01
f01-143-02
f01-143-03
f01-143-04
f01-143-05
f01-143-06
c03-003a-00
c03-003a-01
c03-003a-02
c03-003a-03
c03-003a-04
c03-003a-05
c03-003a-06
c03-003a-07
c03-003a-08
g06-042b-00
g06-042b-01
g06-042b-02
g06-042b-03
g06-042b-04
g06-042b-05
g06-042b-06
g06-042b-07
g06-050c-00
g06-050c-01
g06-050c-02
g06-050c-03
g06-050c-04
g06-050c-05
g06-050c-06
g06-050c-07
g06-050c-08
g06-045f-00
g06-045f-01
g06-045f-02
g06-045f-03
g06-045f-04
g06-045f-05
c03-021a-00
c03-021a-01
c03-021a-02
c03-021a-03
c03-021a-04
c03-021a-05
c03-021a-06
c03-021a-07
c03-021a-08
c03-021a-09
n04-202-00
n04-202-01
n04-202-02
n04-202-03
n04-202-04
n04-202-05
n04-202-06
n04-202-07
n04-202-08
g06-037j-00
g06-037j-01
g06-037j-02
g06-037j-03
g06-037j-04
g06-037j-05
g06-037j-06
g06-037j-07
g06-037j-08
g06-037j-09
g06-037j-10
g06-045g-00
g06-045g-01
g06-045g-02
g06-045g-03
g06-045g-04
g06-045g-05
g06-047d-00
g06-047d-01
g06-047d-02
g06-047d-03
g06-047d-04
g06-047d-05
g06-047d-06
g06-026b-00
g06-026b-01
g06-026b-02
g06-026b-03
g06-026b-04
g06-026b-05
g06-026b-06
g06-026b-07
g06-026b-08
m04-138-00
m04-138-01
m04-138-02
m04-138-03
m04-138-04
m04-138-05
m04-138-06
m04-138-07
m04-138-08
m04-138-09
n04-171-00
n04-171-01
n04-171-02
n04-171-03
n04-171-04
n04-171-05
n04-171-06
b06-008-00
b06-008-01
b06-008-02
b06-008-03
b06-008-04
b06-008-05
b06-008-06
b06-008-07
b06-008-08
b06-008-09
m03-006-00
m03-006-01
m03-006-02
m03-006-03
m03-006-04
m03-006-05
m03-006-06
m03-006-07
m03-006-08
m03-006-09
g06-045d-00
g06-045d-01
g06-045d-02
g06-045d-03
g06-045d-04
g06-045d-05
g06-045d-06
g06-026g-00
g06-026g-01
g06-026g-02
g06-026g-03
g06-026g-04
a05-121-00
a05-121-01
a05-121-02
a05-121-03
a05-121-04
a05-121-05
a05-121-06
a05-121-07
a05-121-08
a05-121-09
c03-000c-00
c03-000c-01
c03-000c-02
c03-000c-03
c03-000c-04
c03-000c-05
c03-000c-06
c03-000c-07
r02-146-00
r02-146-01
r02-146-02
r02-146-03
r02-146-04
r02-146-05
g06-031h-00
g06-031h-01
g06-031h-02
g06-031h-03
g06-031h-04
g06-031h-05
g06-031h-06
g06-031h-07
g06-031h-08
m02-075-00
m02-075-01
m02-075-02
m02-075-03
m02-075-04
m02-075-05
m02-075-06
m02-075-07
f03-174-00
f03-174-01
f03-174-02
f03-174-03
f03-174-04
f03-174-05
a01-003u-00
a01-003u-01
a01-003u-02
a01-003u-03
a01-003u-04
a01-003u-05
a01-003u-06
a01-003u-07
a01-003u-08
a01-003u-09
a01-003u-10
a03-066-00
a03-066-01
a03-066-02
a03-066-03
a03-066-04
a03-066-05
a03-066-06
a03-066-07
r03-030-00
r03-030-01
r03-030-02
r03-030-03
r03-030-04
r03-030-05
r03-030-06
g06-045m-00
g06-045m-01
g06-045m-02
g06-045m-03
g06-045m-04
g06-045m-05
g06-045m-06
g06-045m-07
g06-045m-08
m04-251-00
m04-251-01
m04-251-02
d06-107-00
d06-107-01
d06-107-02
d06-107-03
d06-107-04
d06-107-05
d06-107-06
d06-107-07
d06-107-08
d06-107-09
d06-107-10
a01-026x-00
a01-026x-01
a01-026x-02
a01-026x-03
a01-026x-04
a01-026x-05
a01-026x-06
a01-026x-07
a01-026x-08
a01-026x-09
a01-122-00
a01-122-01
a01-122-02
a01-122-03
a01-122-04
a01-122-05
a01-122-06
a01-122-07
g06-011c-00
g06-011c-01
g06-011c-02
g06-011c-03
g06-011c-04
g06-011c-05
g06-011c-06
g06-011c-07
g06-011c-08
g06-011c-09
e06-046-00
e06-046-01
e06-046-02
e06-046-03
e06-046-04
e06-046-05
r03-084-00
r03-084-01
r03-084-02
r03-084-03
r03-084-04
r03-084-05
r03-084-06
r03-084-07
r03-084-08
r03-084-09
d06-011-00
d06-011-01
d06-011-02
d06-011-03
d06-011-04
d06-011-05
d06-011-06
d06-011-07
d06-011-08
d06-011-09
a01-020u-00
a01-020u-01
a01-020u-02
a01-020u-03
a01-020u-04
a01-020u-05
a01-020u-06
a01-020u-07
a01-020u-08
a01-020u-09
g06-011i-00
g06-011i-01
g06-011i-02
g06-011i-03
g06-011i-04
g06-011i-05
g06-011i-06
g06-011i-07
g06-011i-08
c03-087a-00
c03-087a-01
c03-087a-02
c03-087a-03
c03-087a-04
c03-087a-05
c03-087a-06
c03-087a-07
c03-087a-08
a03-071-00
a03-071-01
a03-071-02
a03-071-03
a03-071-04
a03-071-05
a03-071-06
a03-071-07
a03-071-08
b06-019-00
b06-019-01
b06-019-02
b06-019-03
b06-019-04
b06-019-05
b06-019-06
b06-019-07
b06-019-08
b06-019-09
m04-152-00
m04-152-01
m04-152-02
m04-152-03
m04-152-04
m04-152-05
m04-152-06
m04-152-07
a01-026u-00
a01-026u-01
a01-026u-02
a01-026u-03
a01-026u-04
a01-026u-05
a01-026u-06
a01-026u-07
a01-026u-08
a01-026u-09
a01-026u-10
p03-163-00
p03-163-01
p03-163-02
p03-163-03
p03-163-04
p03-163-05
p03-163-06
p03-163-07
e07-090-00
e07-090-01
e07-090-02
e07-090-03
e07-090-04
e07-090-05
e07-090-06
e07-090-07
e07-090-08
e07-090-09
h04-021-00
h04-021-01
h04-021-02
h04-021-03
h04-021-04
h04-021-05
h04-021-06
h04-021-07
h04-021-08
a05-029-00
a05-029-01
a05-029-02
a05-029-03
a05-029-04
a05-029-05
a05-029-06
a05-029-07
a05-029-08
a05-029-09
f04-024-00
f04-024-01
f04-024-02
f04-024-03
f04-024-04
f04-024-05
f04-024-06
f04-024-07
n03-097-00
n03-097-01
n03-097-02
n03-097-03
n03-097-04
n03-097-05
n03-097-06
n03-097-07
n03-097-08
e04-004-00
e04-004-01
e04-004-02
e04-004-03
e04-004-04
e04-004-05
e04-004-06
r02-137-00
r02-137-01
r02-137-02
r02-137-03
r02-137-04
r02-137-05
r02-137-06
r02-137-07
r02-137-08
m01-131-00
m01-131-01
m01-131-02
m01-131-03
m01-131-04
m01-131-05
m01-131-06
n01-052-00
n01-052-01
n01-052-02
n01-052-03
n01-052-04
n01-052-05
n01-052-06
n01-052-07
n01-052-08
n01-052-09
n01-052-10
n01-052-11
n01-052-12
a05-062-00
a05-062-01
a05-062-02
a05-062-03
a05-062-04
a05-062-05
a05-062-06
a05-062-07
a05-062-08
g06-026e-00
g06-026e-01
g06-026e-02
g06-026e-03
g06-026e-04
g06-026e-05
b06-049-00
b06-049-01
b06-049-02
b06-049-03
b06-049-04
b06-049-05
b06-049-06
b06-049-07
b06-049-08
b06-049-09
a01-014-00
a01-014-01
a01-014-02
a01-014-03
a01-014-04
a01-014-05
a01-014-06
a01-014-07
a01-014-08
a01-014-09
m04-145-00
m04-145-01
m04-145-02
m04-145-03
m04-145-04
m04-145-05
m04-145-06
m04-145-07
g04-108-00
g04-108-01
g04-108-02
r02-081-00
r02-081-01
r02-081-02
r02-081-03
r02-081-04
r02-081-05
r02-081-06
r02-081-07
g06-018b-00
g06-018b-01
g06-018b-02
g06-018b-03
g06-018b-04
g06-018b-05
g06-018b-06
g06-018b-07
g06-018b-08
g06-018b-09
f04-083-00
f04-083-01
f04-083-02
f04-083-03
f04-083-04
f04-083-05
f04-083-06
f04-083-07
f04-083-08
f04-083-09
g06-011h-00
g06-011h-01
g06-011h-02
g06-011h-03
g06-011h-04
g06-011h-05
g06-011h-06
g06-011h-07
g06-011h-08
g06-011h-09
g06-042f-00
g06-042f-01
g06-042f-02
g06-042f-03
g06-042f-04
p03-080-00
p03-080-01
p03-080-02
p03-080-03
p03-080-04
p03-080-05
p03-080-06
m01-115-00
m01-115-01
m01-115-02
m01-115-03
m01-115-04
m01-115-05
m01-115-06
m01-115-07
m01-115-08
m02-066-00
m02-066-01
m02-066-02
m02-066-03
m02-066-04
m02-066-05
p02-017-00
p02-017-01
p02-017-02
p02-017-03
p02-017-04
p02-017-05
p02-017-06
p02-017-07
b04-162-00
b04-162-01
b04-162-02
b04-162-03
b04-162-04
b04-162-05
b04-162-06
b04-162-07
b04-162-08
g06-047k-00
g06-047k-01
g06-047k-02
g06-047k-03
g06-047k-04
g06-047k-05
g06-047k-06
g06-047k-07
a01-014x-00
a01-014x-01
a01-014x-02
a01-014x-03
a01-014x-04
a01-014x-05
a01-014x-06
a01-014x-07
a01-014x-08
a01-014x-09
e04-030-00
e04-030-01
e04-030-02
e04-030-03
e04-030-04
e04-030-05
e04-030-06
n03-103-00
n03-103-01
n03-103-02
n03-103-03
n03-103-04
n03-103-05
n03-103-06
n03-103-07
n03-103-08
n03-103-09
f04-093-00
f04-093-01
f04-093-02
f04-093-03
f04-093-04
f04-093-05
f04-093-06
f04-093-07
f04-093-08
f04-093-09
g06-050m-00
g06-050m-01
g06-050m-02
g06-050m-03
g06-050m-04
g06-050m-05
g06-050m-06
g06-050m-07
g06-050m-08
g06-050m-09
p03-173-00
p03-173-01
p03-173-02
p03-173-03
p03-173-04
p03-173-05
p03-173-06
p03-173-07
p03-173-08
p03-158-00
p03-158-01
p03-158-02
p03-158-03
p03-158-04
p03-158-05
p03-158-06
p03-158-07
a01-049-00
a01-049-01
a01-049-02
a01-049-03
a01-049-04
a01-049-05
a01-049-06
a01-049-07
a01-049-08
a01-049-09
a01-049-10
f04-071-00
f04-071-01
f04-071-02
f04-071-03
f04-071-04
f04-071-05
f04-071-06
f04-071-07
f04-071-08
f04-071-09
m02-048-00
m02-048-01
m02-048-02
m02-048-03
m02-048-04
m02-048-05
m02-048-06
m02-048-07
m02-048-08
m02-048-09
m02-048-10
a01-063x-00
a01-063x-01
a01-063x-02
a01-063x-03
a01-063x-04
a01-063x-05
a01-063x-06
a01-063x-07
a01-063x-08
a01-063x-09
a01-102-00
a01-102-01
a01-102-02
a01-102-03
a01-102-04
a01-102-05
a01-102-06
a01-102-07
a01-102-08
a01-102-09
a01-102-10
b04-169-00
b04-169-01
b04-169-02
b04-169-03
b04-169-04
b04-169-05
b04-169-06
b04-169-07
c03-096f-00
c03-096f-01
c03-096f-02
c03-096f-03
c03-096f-04
c03-096f-05
c03-096f-06
c03-096f-07
c03-096f-08
e01-018-00
e01-018-01
e01-018-02
e01-018-03
e01-018-04
e01-018-05
e01-018-06
e01-018-07
e01-018-08
a01-043-00
a01-043-01
a01-043-02
a01-043-03
a01-043-04
a01-043-05
a01-043-06
a01-043-07
a01-043-08
a01-043-09
a01-043-10
f04-046-00
f04-046-01
f04-046-02
f04-046-03
f04-046-04
f04-046-05
c06-027-00
c06-027-01
c06-027-02
c06-027-03
c06-027-04
c06-027-05
c06-027-06
c06-027-07
g06-026k-00
g06-026k-01
g06-026k-02
g06-026k-03
g06-026k-04
g06-026k-05
g06-026k-06
c03-021d-00
c03-021d-01
c03-021d-02
c03-021d-03
c03-021d-04
c03-021d-05
c03-021d-06
c03-021d-07
c03-021d-08
c03-021d-09
p01-174-00
p01-174-01
p01-174-02
p01-174-03
p01-174-04
p01-174-05
p01-174-06
p01-174-07
p01-174-08
c03-021b-00
c03-021b-01
c03-021b-02
c03-021b-03
c03-021b-04
c03-021b-05
c03-021b-06
c03-021b-07
c03-021b-08
f02-017-00
f02-017-01
f02-017-02
f02-017-03
f02-017-04
f02-017-05
f02-017-06
f02-017-07
f02-017-08
c03-096e-00
c03-096e-01
c03-096e-02
c03-096e-03
c03-096e-04
c03-096e-05
c03-096e-06
c03-096e-07
e02-074-00
e02-074-01
e02-074-02
e02-074-03
e02-074-04
e02-074-05
e02-074-06
e02-074-07
e02-074-08
e02-074-09
e02-074-10
b01-136-00
b01-136-01
b01-136-02
b01-136-03
b01-136-04
b01-136-05
b01-136-06
b01-136-07
m04-107-00
m04-107-01
m04-107-02
m04-107-03
m04-107-04
m04-107-05
m04-107-06
m04-107-07
m04-107-08
m04-107-09
m04-107-10
p03-004-00
p03-004-01
p03-004-02
p03-004-03
p03-004-04
p03-004-05
p03-004-06
p03-004-07
p03-004-08
p03-004-09
p03-004-10
p03-004-11
f01-058-00
f01-058-01
f01-058-02
f01-058-03
f01-058-04
f01-058-05
f01-058-06
f01-058-07
f01-058-08
f01-058-09
n01-031-00
n01-031-01
n01-031-02
n01-031-03
n01-031-04
n01-031-05
n01-031-06
n01-031-07
n01-031-08
f01-066-00
f01-066-01
f01-066-02
f01-066-03
f01-066-04
f01-066-05
f01-066-06
f01-066-07
f01-066-08
f01-066-09
e04-114-00
e04-114-01
e04-114-02
e04-114-03
e04-114-04
e04-114-05
e04-114-06
e04-114-07
d04-058-00
d04-058-01
d04-058-02
d04-058-03
d04-058-04
d04-058-05
d04-058-06
a01-107u-00
a01-107u-01
a01-107u-02
a01-107u-03
a01-107u-04
a01-107u-05
a01-107u-06
a01-107u-07
e07-083-00
e07-083-01
e07-083-02
e07-083-03
e07-083-04
e07-083-05
e07-083-06
e07-083-07
e07-083-08
e07-083-09
e07-083-10
n03-064-00
n03-064-01
n03-064-02
n03-064-03
n03-064-04
n03-064-05
m02-059-00
m02-059-01
m02-059-02
m02-059-03
m02-059-04
m02-059-05
m02-059-06
c03-094e-00
c03-094e-01
c03-094e-02
c03-094e-03
c03-094e-04
c03-094e-05
c03-094e-06
c03-094e-07
c03-094e-08
c03-094e-09
b05-058-00
b05-058-01
b05-058-02
b05-058-03
b05-058-04
b05-058-05
p03-142-00
p03-142-01
p03-142-02
p03-142-03
p03-142-04
p03-142-05
p03-142-06
d06-027-00
d06-027-01
d06-027-02
d06-027-03
d06-027-04
d06-027-05
d06-027-06
d06-027-07
m04-123-00
m04-123-01
m04-123-02
m04-123-03
m04-123-04
m04-123-05
m04-123-06
m04-123-07
m04-123-08
m04-123-09
m04-123-10
a01-053x-00
a01-053x-01
a01-053x-02
a01-053x-03
a01-053x-04
a01-053x-05
a01-053x-06
a01-053x-07
a01-053x-08
a01-053x-09
a05-025-00
a05-025-01
a05-025-02
a05-025-03
a05-025-04
a05-025-05
a05-025-06
a05-025-07
a05-025-08
a05-025-09
a05-025-10
b01-062-00
b01-062-01
b01-062-02
b01-062-03
b01-062-04
b01-062-05
b01-062-06
b01-062-07
b01-062-08
b01-062-09
c03-084e-00
c03-084e-01
c03-084e-02
c03-084e-03
c03-084e-04
c03-084e-05
c03-084e-06
c03-084e-07
a01-087u-00
a01-087u-01
a01-087u-02
a01-087u-03
a01-087u-04
a01-087u-05
a01-087u-06
a01-087u-07
a01-087u-08
c03-000a-00
c03-000a-01
c03-000a-02
c03-000a-03
c03-000a-04
c03-000a-05
c03-000a-06
c03-000a-07
b04-181-00
b04-181-01
b04-181-02
b04-181-03
b04-181-04
b04-181-05
b04-181-06
b04-181-07
f04-043-00
f04-043-01
f04-043-02
f04-043-03
f04-043-04
f04-043-05
f04-043-06
f04-043-07
g06-045j-00
g06-045j-01
g06-045j-02
g06-045j-03
g06-045j-04
g06-045j-05
g06-045j-06
g06-045j-07
g06-045j-08
d06-096-00
d06-096-01
d06-096-02
d06-096-03
d06-096-04
d06-096-05
d06-096-06
d06-096-07
d06-096-08
n04-031-00
n04-031-01
n04-031-02
n04-031-03
n04-031-04
n04-031-05
n04-031-06
n04-031-07
b04-096-00
b04-096-01
b04-096-02
b04-096-03
b04-096-04
b04-096-05
b04-096-06
b04-096-07
a01-107-00
a01-107-01
a01-107-02
a01-107-03
a01-107-04
g06-018f-00
g06-018f-01
g06-018f-02
g06-018f-03
g06-018f-04
g06-018f-05
