g06-047c
d07-089
g06-050e
g06-050f
a05-125
e01-014
g06-047m
a01-072u
a01-030u
m04-145
g06-042c
r03-007
g06-050c
g06-042j
g06-018f
g06-045d
a01-011
e07-076
p03-135
g06-050k
m01-131
e02-000
p03-033
a01-113
g06-042b
d04-081
a01-122
d05-025
d06-113
a01-007
g06-011k
h04-021
n04-171
g06-050a
b04-020
g06-037b
r03-115
m04-078
n02-151
f02-000
g06-018a
n03-038
e06-046
f02-076
a01-049x
p03-004
b04-075
d04-101
b04-034
d04-062
a05-000
b06-049
a01-087
c03-007f
f04-049
e04-030
e06-003
g06-031l
e07-079
p02-105
g06-031k
g06-050g
a05-108
g06-050j
g06-011l
e04-103
r03-110
e04-008
n04-213
n04-031
n04-022
r02-127
n04-190
a01-026
a01-038x
f02-038
m02-080
b04-010
e06-041
n04-183
c03-084a
m01-110
p03-185
b04-089
a01-117
g06-018i
b04-103
g06-011g
b05-045
m03-118
g06-026f
c03-003b
n02-009
g06-026j
c03-016a
a01-003x
a05-053
a03-071
g06-045c
p03-069
b04-169
p03-158
g06-047j
d06-067
f04-024
a01-020
c03-007e
e02-025
a03-030
a06-090
p03-040
g06-018k
f01-066
c03-016c
g06-045j
c03-087e
b06-075
g06-011f
e07-086
f02-044
f04-032
g06-047l
c03-007c
p03-047
e06-010
n02-157
b06-093
g06-037j
e06-070
e04-022
m02-066
e06-026
r02-000
b04-000
b05-038
g06-037m
g06-042a
n03-097
c03-081b
g06-026i
r02-131
a01-020x
a05-029
b01-062
a01-077
c03-021f
a05-025
d06-100
d06-104
f04-053
g06-011h
g06-011a
f02-017
g06-042h
b05-067
m03-006
a05-089
a03-080
a03-066
p02-127
n02-028
p03-181
r03-026
b04-162
b06-071
a05-048
a01-113u
e06-021
r03-050
r02-065
g06-018d
g06-026h
g06-045m
a01-107
m01-060
n03-082
p02-000
b04-026
f01-075
a01-030
f04-046
f01-070
g06-026e
g06-047e
g06-047g
r02-060
c03-007
n02-154
r03-030
g06-047f
g06-037d
a01-011x
f02-040
p03-012
n03-126
g06-045f
g06-050d
g06-037e
f01-058
m03-114
f04-093
e01-018
f03-191
m04-100
d05-021
e04-026
g06-018j
a01-091
m02-052
g06-018l
b01-009
f04-068
f04-004
n03-064
g06-047k
c03-007b
e06-053
g06-011c
a01-049u
c03-084f
f03-169
c06-076
g06-031d
a01-003
p02-017
d04-096
a01-063x
c03-087b
c03-000e
m04-113
p03-029
d06-037
e04-043
n01-036
b01-094
g06-047i
g05-098
n03-066
a01-102u
a03-089
b01-127
d04-008
g04-104
n01-000
m03-095
a05-062
m03-110
g06-047a
m02-106
g06-047d
r02-146
r02-070
a01-082u
c03-084e
r02-137
g06-037h
e02-074
r02-109
c03-021b
m02-059
g06-050i
r02-010
a01-049
g06-050h
e06-015
c03-081a
d06-060
f01-053
g06-018h
r02-078
g06-026d
g06-031c
g06-018e
a03-073
b05-042
a01-072x
g06-042d
r02-054
c03-087a
a05-094
n04-218
g06-031g
g06-042g
f01-143
g06-045h
c03-000b
b06-056
c03-016e
p03-151
a01-053
n04-039
r03-096
r03-056
c03-084d
d04-005
c04-075
b04-208
d06-091
a06-064
a01-128
b06-004
a01-026u
b01-004
b05-071
f04-100
g06-018g
m01-090
n02-016
a01-000x
f04-011
a01-030x
d06-003
g06-045e
a01-063u
c04-122
c03-094e
n02-082a
e07-083
g06-042k
c03-016b
c03-084b
c03-021c
f02-020
d06-041
p01-147
c03-087f
m04-152
b01-079
d06-107
b01-113
g06-011i
b04-081
f02-030
c03-094f
d06-027
c03-096d
f04-057
n01-045
d06-111
e02-014
g06-018b
a01-043
g06-045g
g06-042i
a01-058x
g06-042l
d05-008
c03-000a
e01-107
b01-122
a05-104
c03-081d
g06-045k
b01-057
e06-030
n01-031
a05-113
f04-071
c03-096c
h04-007
a01-132u
c03-003f
d07-085
r02-013
m02-102
d07-102
p03-080
a05-039
f04-083
m01-125
c03-084c
d06-076
a01-063
g06-045b
k04-022
f02-003
n01-052
p03-142
b04-195
f02-036
b04-187
m04-131
e06-049
m03-033
g06-018c
m01-079
d06-096
c03-021d
c03-096e
g06-011e
c03-007d
c03-094a
c03-094c
m04-107
c03-007a
h05-012
m01-049
b01-084
g06-042e
m04-081
r02-117
g06-031j
b04-066
a01-014
p02-008
p03-173
n03-106
e04-052
m04-093
f01-135
g06-037g
g06-031h
e04-109
g06-026l
c06-005
g06-031a
d06-086
n02-049
a05-013
e06-037
f04-039
d04-117
a01-053x
e06-033
e04-058
g06-018m
a05-069
f04-079
f03-182
g06-031i
a05-080
c03-087d
c03-094b
r02-081
n01-004
c03-096a
n04-195
m04-180
p02-022
n02-045
a01-026x
g06-011j
c03-094d
b01-000
m01-115
a01-117u
g06-037i
c06-027
g06-045l
a05-073
p02-144
a01-122u
b04-096
c06-128
m04-072
d07-093
g06-026m
f04-043
g06-037c
n04-209
p01-174
g06-047b
g06-026a
a01-087u
a01-043x
b05-058
g06-026c
g06-026k
b01-132
e02-018
a01-058
p02-139
e04-114
c03-003d
e07-090
a01-007x
g06-037l
g06-047h
m01-121
b01-089
e04-019
g04-108
b04-181
b04-202
a05-058
f04-087
n03-120
b04-054
a05-099
m01-104
n03-091
g06-011m
g06-037k
b01-073
d06-056
b04-047
c03-000c
a01-020u
c03-096b
a01-102
n02-062
b06-019
b04-004
g06-045i
f02-033
r03-035
g06-045a
d07-096
g06-050l
m04-251
b05-055
c03-000d
e06-006
e04-004
n04-044
e01-086
f03-174
c03-016d
p03-189
a05-044
e01-081
d06-011
m04-164
a01-096u
a01-038
c03-000f
p03-072
c03-003c
a01-132
a05-121
r03-065
b06-008
r02-038
e06-000
g06-031e
a03-050
a01-107u
g06-042f
m02-075
c03-096f
d01-118
g06-042m
r03-084
f04-035
f01-147
a01-014u
a05-116
a01-007u
e02-091
a05-017
p02-150
g06-050m
a01-043u
f04-016
r02-006
m02-112
n02-000
c03-003e
a05-022
n04-015
g06-031f
p02-135
b05-050
g06-026b
a01-053u
b05-062
a01-011u
f04-061
a01-077u
g06-026g
r02-003
n04-202
n03-113
f04-064
m04-138
b01-136
r03-002
b04-060
d04-121
c06-111
p02-109
n01-009
a01-128u
d05-030
m02-048
a01-091u
n02-054
b04-175
a05-084
e02-117
f04-028
c06-020
d06-072
g06-011b
d04-058
n02-004
a01-068u
p03-121
n02-040
c03-021e
a01-003u
e01-113
c03-081c
b01-118
c03-087c
d07-082
n01-020
n03-079
f04-096
g06-031b
d04-111
g06-031m
e04-086
m04-123
b04-040
e01-055
a01-058u
p03-023
f04-074
a01-014x
c03-003a
c03-081f
g06-037f
d06-025
g06-050b
c03-081e
m02-095
d06-000
d01-123
p03-163
c03-021a
m02-072
d07-100
a01-000u
a01-132x
n03-103
n01-057
r02-089
