d06-011-0
d06-011-1
d06-011-2
d06-011-3
d06-011-4
d06-011-5
d06-011-6
d06-011-7
d06-011-8
d06-011-9
e01-113-0
e01-113-1
e01-113-2
e01-113-3
e01-113-4
e01-113-5
e01-113-6
e01-113-7
b06-056-0
b06-056-1
b06-056-2
b06-056-3
b06-056-4
b06-056-5
b06-056-6
b06-056-7
b06-056-8
b06-056-9
b06-056-10
b01-089-0
b01-089-1
b01-089-2
b01-089-3
b01-089-4
b01-089-5
b01-089-6
b01-089-7
b01-089-8
b01-089-9
d04-008-0
d04-008-1
d04-008-2
d04-008-3
d04-008-4
d04-008-5
e02-025-0
e02-025-1
e02-025-2
e02-025-3
e02-025-4
e02-025-5
e02-025-6
e02-025-7
e02-025-8
e02-025-9
e02-025-10
g06-045l-0
g06-045l-1
g06-045l-2
g06-045l-3
g06-045l-4
g06-045l-5
g06-045l-6
f02-044-0
f02-044-1
f02-044-2
f02-044-3
f02-044-4
f02-044-5
f02-044-6
f02-044-7
f02-044-8
f02-044-9
f02-044-10
g06-018f-0
g06-018f-1
g06-018f-2
g06-018f-3
g06-018f-4
g06-018f-5
b01-094-0
b01-094-1
b01-094-2
b01-094-3
b01-094-4
b01-094-5
b01-094-6
b01-094-7
b01-094-8
b01-094-9
c03-007a-0
c03-007a-1
c03-007a-2
c03-007a-3
c03-007a-4
c03-007a-5
c03-007a-6
c03-007a-7
g06-018k-0
g06-018k-1
g06-018k-2
g06-018k-3
g06-018k-4
g06-018k-5
g06-018k-6
g06-018k-7
a01-087-0
a01-087-1
a01-087-2
a01-087-3
a01-087-4
a01-087-5
a01-087-6
a01-087-7
a01-087-8
r03-096-0
r03-096-1
r03-096-2
r03-096-3
r03-096-4
r03-096-5
r03-096-6
a01-117u-0
a01-117u-1
a01-117u-2
a01-117u-3
a01-117u-4
a01-117u-5
a01-117u-6
a01-117u-7
a01-117u-8
a01-117u-9
a01-117u-10
a03-080-0
a03-080-1
a03-080-2
a03-080-3
a03-080-4
a03-080-5
a03-080-6
a03-080-7
a03-080-8
a03-080-9
f04-100-0
f04-100-1
f04-100-2
f04-100-3
f04-100-4
f04-100-5
f04-100-6
f04-100-7
f04-100-8
f04-100-9
f04-100-10
n04-022-0
n04-022-1
n04-022-2
n04-022-3
n04-022-4
n04-022-5
n04-022-6
n04-022-7
c04-075-0
c04-075-1
c04-075-2
c04-075-3
c04-075-4
c04-075-5
c04-075-6
c03-087b-0
c03-087b-1
c03-087b-2
c03-087b-3
c03-087b-4
c03-087b-5
c03-087b-6
c03-087b-7
c03-087b-8
n02-154-0
n02-154-1
n02-154-2
n02-154-3
n02-154-4
n02-154-5
n02-154-6
n01-057-0
n01-057-1
n01-057-2
n01-057-3
n01-057-4
n01-057-5
n01-057-6
n01-057-7
n01-057-8
n01-057-9
c03-021b-0
c03-021b-1
c03-021b-2
c03-021b-3
c03-021b-4
c03-021b-5
c03-021b-6
c03-021b-7
c03-021b-8
f02-000-0
f02-000-1
f02-000-2
f02-000-3
f02-000-4
f02-000-5
f02-000-6
f02-000-7
f02-000-8
g06-050e-0
g06-050e-1
g06-050e-2
g06-050e-3
g06-050e-4
g06-050e-5
g06-050e-6
g06-042f-0
g06-042f-1
g06-042f-2
g06-042f-3
g06-042f-4
n04-183-0
n04-183-1
n04-183-2
n04-183-3
n04-183-4
n04-183-5
n04-183-6
c03-000a-0
c03-000a-1
c03-000a-2
c03-000a-3
c03-000a-4
c03-000a-5
c03-000a-6
c03-000a-7
c03-094e-0
c03-094e-1
c03-094e-2
c03-094e-3
c03-094e-4
c03-094e-5
c03-094e-6
c03-094e-7
c03-094e-8
c03-094e-9
g06-018j-0
g06-018j-1
g06-018j-2
g06-018j-3
g06-018j-4
g06-018j-5
g06-018j-6
g06-018j-7
g06-018j-8
g06-050b-0
g06-050b-1
g06-050b-2
g06-050b-3
g06-050b-4
g06-050b-5
g06-050b-6
g06-050b-7
g06-050b-8
g06-031d-0
g06-031d-1
g06-031d-2
g06-031d-3
g06-031d-4
g06-031d-5
g06-031d-6
g06-031d-7
d06-096-0
d06-096-1
d06-096-2
d06-096-3
d06-096-4
d06-096-5
d06-096-6
d06-096-7
d06-096-8
f03-174-0
f03-174-1
f03-174-2
f03-174-3
f03-174-4
f03-174-5
a01-049x-0
a01-049x-1
a01-049x-2
a01-049x-3
a01-049x-4
a01-049x-5
a01-049x-6
a01-049x-7
a01-049x-8
a01-049x-9
a01-049x-10
d06-076-0
d06-076-1
d06-076-2
d06-076-3
d06-076-4
d06-076-5
g06-045d-0
g06-045d-1
g06-045d-2
g06-045d-3
g06-045d-4
g06-045d-5
g06-045d-6
n02-045-0
n02-045-1
n02-045-2
n02-045-3
n02-045-4
n02-045-5
n02-045-6
n02-045-7
n02-045-8
a01-117-0
a01-117-1
a01-117-2
a01-117-3
a01-117-4
a01-117-5
a01-117-6
a01-117-7
a01-117-8
a01-117-9
e06-053-0
e06-053-1
e06-053-2
e06-053-3
e06-053-4
e06-053-5
e06-053-6
e06-053-7
e06-053-8
p03-181-0
p03-181-1
p03-181-2
p03-181-3
p03-181-4
p03-181-5
p03-181-6
p03-181-7
p03-181-8
p03-181-9
b04-040-0
b04-040-1
b04-040-2
b04-040-3
b04-040-4
b04-040-5
n03-113-0
n03-113-1
n03-113-2
n03-113-3
n03-113-4
n03-113-5
n03-113-6
n03-113-7
n03-113-8
n03-113-9
a05-116-0
a05-116-1
a05-116-2
a05-116-3
a05-116-4
a05-116-5
a05-116-6
a05-116-7
a05-116-8
a05-116-9
c03-000b-0
c03-000b-1
c03-000b-2
c03-000b-3
c03-000b-4
c03-000b-5
c03-000b-6
b06-049-0
b06-049-1
b06-049-2
b06-049-3
b06-049-4
b06-049-5
b06-049-6
b06-049-7
b06-049-8
b06-049-9
c06-027-0
c06-027-1
c06-027-2
c06-027-3
c06-027-4
c06-027-5
c06-027-6
c06-027-7
d07-102-0
d07-102-1
d07-102-2
d07-102-3
d07-102-4
d07-102-5
d07-102-6
d07-102-7
f02-030-0
f02-030-1
f02-030-2
f02-030-3
f02-030-4
f02-030-5
f02-030-6
r03-110-0
r03-110-1
r03-110-2
r03-110-3
r03-110-4
r03-110-5
r03-110-6
r03-110-7
r03-110-8
r03-110-9
m01-079-0
m01-079-1
m01-079-2
m01-079-3
m01-079-4
m01-079-5
m01-079-6
p03-189-0
p03-189-1
p03-189-2
p03-189-3
p03-189-4
a01-132x-0
a01-132x-1
a01-132x-2
a01-132x-3
a01-132x-4
a01-132x-5
a01-132x-6
a01-132x-7
a01-132x-8
m01-125-0
m01-125-1
m01-125-2
m01-125-3
m01-125-4
m01-125-5
m01-125-6
m01-125-7
m01-125-8
m01-125-9
m01-125-10
f04-011-0
f04-011-1
f04-011-2
f04-011-3
f04-011-4
f04-011-5
f04-011-6
f04-011-7
f04-011-8
f04-011-9
f04-011-10
f01-147-0
f01-147-1
f01-147-2
f01-147-3
f01-147-4
f01-147-5
f01-147-6
f01-147-7
f01-147-8
g06-037j-0
g06-037j-1
g06-037j-2
g06-037j-3
g06-037j-4
g06-037j-5
g06-037j-6
g06-037j-7
g06-037j-8
g06-037j-9
g06-037j-10
g06-011e-0
g06-011e-1
g06-011e-2
g06-011e-3
g06-011e-4
g06-011e-5
g06-011e-6
g06-011e-7
g06-011e-8
p03-023-0
p03-023-1
p03-023-2
p03-023-3
p03-023-4
p03-023-5
a01-030x-0
a01-030x-1
a01-030x-2
a01-030x-3
a01-030x-4
a01-030x-5
a01-030x-6
a01-030x-7
a01-030x-8
b05-038-0
b05-038-1
b05-038-2
b05-038-3
b05-038-4
b05-038-5
b05-038-6
b05-038-7
b05-038-8
a05-029-0
a05-029-1
a05-029-2
a05-029-3
a05-029-4
a05-029-5
a05-029-6
a05-029-7
a05-029-8
a05-029-9
c03-016c-0
c03-016c-1
c03-016c-2
c03-016c-3
c03-016c-4
c03-016c-5
c03-016c-6
c03-016c-7
c03-016c-8
c03-016c-9
d04-005-0
d04-005-1
d04-005-2
d04-005-3
d04-005-4
d04-005-5
d04-005-6
d04-005-7
g06-047h-0
g06-047h-1
g06-047h-2
g06-047h-3
g06-047h-4
g06-047h-5
g06-047h-6
a01-122-0
a01-122-1
a01-122-2
a01-122-3
a01-122-4
a01-122-5
a01-122-6
a01-122-7
b06-008-0
b06-008-1
b06-008-2
b06-008-3
b06-008-4
b06-008-5
b06-008-6
b06-008-7
b06-008-8
b06-008-9
m02-106-0
m02-106-1
m02-106-2
m02-106-3
m02-106-4
m02-106-5
m02-106-6
m02-106-7
m02-106-8
m02-106-9
p02-127-0
p02-127-1
p02-127-2
p02-127-3
p02-127-4
p02-127-5
p02-127-6
m02-075-0
m02-075-1
m02-075-2
m02-075-3
m02-075-4
m02-075-5
m02-075-6
m02-075-7
e06-070-0
e06-070-1
e06-070-2
e06-070-3
e06-070-4
e06-070-5
e06-070-6
e06-070-7
e06-070-8
e06-070-9
b01-000-0
b01-000-1
b01-000-2
b01-000-3
b01-000-4
b01-000-5
b01-000-6
g06-018e-0
g06-018e-1
g06-018e-2
g06-018e-3
g06-018e-4
g06-018e-5
g06-018e-6
e06-033-0
e06-033-1
e06-033-2
e06-033-3
e06-033-4
e06-033-5
e06-033-6
e06-033-7
e06-033-8
e06-033-9
b04-169-0
b04-169-1
b04-169-2
b04-169-3
b04-169-4
b04-169-5
b04-169-6
b04-169-7
a01-049u-0
a01-049u-1
a01-049u-2
a01-049u-3
a01-049u-4
a01-049u-5
a01-049u-6
a01-049u-7
a01-049u-8
a01-049u-9
a01-049u-10
a01-063-0
a01-063-1
a01-063-2
a01-063-3
a01-063-4
a01-063-5
a01-063-6
a01-063-7
a01-063-8
a01-063-9
a01-063-10
f03-191-0
f03-191-1
f03-191-2
f03-191-3
f03-191-4
f03-191-5
f03-191-6
d07-089-0
d07-089-1
d07-089-2
d07-089-3
d07-089-4
d07-089-5
d07-089-6
d07-089-7
d07-089-8
d07-089-9
d07-089-10
g04-108-0
g04-108-1
g04-108-2
r02-065-0
r02-065-1
r02-065-2
r02-065-3
r02-065-4
r02-065-5
r02-065-6
r02-065-7
b05-045-0
b05-045-1
b05-045-2
b05-045-3
b05-045-4
b05-045-5
b05-045-6
b05-045-7
b05-045-8
b05-045-9
c03-003e-0
c03-003e-1
c03-003e-2
c03-003e-3
c03-003e-4
c03-003e-5
c03-003e-6
c03-003e-7
c03-003e-8
g06-026i-0
g06-026i-1
g06-026i-2
g06-026i-3
g06-026i-4
g06-026i-5
a01-058x-0
a01-058x-1
a01-058x-2
a01-058x-3
a01-058x-4
a01-058x-5
a01-058x-6
a01-058x-7
a01-058x-8
a01-058x-9
b04-187-0
b04-187-1
b04-187-2
b04-187-3
b04-187-4
b04-187-5
b04-187-6
b04-187-7
e01-086-0
e01-086-1
e01-086-2
e01-086-3
e01-086-4
e01-086-5
e01-086-6
e06-003-0
e06-003-1
e06-003-2
e06-003-3
e06-003-4
e06-003-5
e06-003-6
e06-003-7
e06-003-8
e06-003-9
e06-003-10
e06-021-0
e06-021-1
e06-021-2
e06-021-3
e06-021-4
e06-021-5
e06-021-6
e06-021-7
e06-021-8
e06-021-9
e06-021-10
d06-027-0
d06-027-1
d06-027-2
d06-027-3
d06-027-4
d06-027-5
d06-027-6
d06-027-7
d05-008-0
d05-008-1
d05-008-2
d05-008-3
d05-008-4
d05-008-5
d05-008-6
d05-008-7
c03-003b-0
c03-003b-1
c03-003b-2
c03-003b-3
c03-003b-4
c03-003b-5
c03-003b-6
c03-003b-7
c03-081b-0
c03-081b-1
c03-081b-2
c03-081b-3
c03-081b-4
c03-081b-5
c03-081b-6
c03-081b-7
c03-081b-8
c03-081b-9
p03-135-0
p03-135-1
p03-135-2
p03-135-3
p03-135-4
p03-135-5
p03-135-6
f01-143-0
f01-143-1
f01-143-2
f01-143-3
f01-143-4
f01-143-5
f01-143-6
a01-020x-0
a01-020x-1
a01-020x-2
a01-020x-3
a01-020x-4
a01-020x-5
a01-020x-6
a01-020x-7
a01-020x-8
c03-084e-0
c03-084e-1
c03-084e-2
c03-084e-3
c03-084e-4
c03-084e-5
c03-084e-6
c03-084e-7
n02-000-0
n02-000-1
n02-000-2
n02-000-3
n02-000-4
n02-000-5
n02-000-6
n02-000-7
n04-044-0
n04-044-1
n04-044-2
n04-044-3
n04-044-4
n04-044-5
n04-044-6
n04-044-7
n04-044-8
n04-044-9
n04-044-10
n03-097-0
n03-097-1
n03-097-2
n03-097-3
n03-097-4
n03-097-5
n03-097-6
n03-097-7
n03-097-8
g06-050k-0
g06-050k-1
g06-050k-2
g06-050k-3
g06-050k-4
g06-050k-5
g06-050k-6
g06-050k-7
g06-050k-8
g06-045g-0
g06-045g-1
g06-045g-2
g06-045g-3
g06-045g-4
g06-045g-5
p03-004-0
p03-004-1
p03-004-2
p03-004-3
p03-004-4
p03-004-5
p03-004-6
p03-004-7
p03-004-8
p03-004-9
p03-004-10
p03-004-11
g06-031m-0
g06-031m-1
g06-031m-2
g06-031m-3
g06-031m-4
g06-031m-5
g06-031m-6
g06-031m-7
g06-031m-8
n02-040-0
n02-040-1
n02-040-2
n02-040-3
n02-040-4
n02-040-5
n02-040-6
n02-040-7
e04-019-0
e04-019-1
e04-019-2
e04-019-3
e04-019-4
e04-019-5
e04-019-6
e04-019-7
e04-019-8
n04-213-0
n04-213-1
n04-213-2
n04-213-3
n04-213-4
n04-213-5
n04-213-6
n04-213-7
k04-022-0
k04-022-1
k04-022-2
k04-022-3
k04-022-4
k04-022-5
k04-022-6
k04-022-7
r02-070-0
r02-070-1
r02-070-2
r02-070-3
r02-070-4
r02-070-5
r02-070-6
g06-018h-0
g06-018h-1
g06-018h-2
g06-018h-3
g06-018h-4
g06-018h-5
g06-018h-6
g06-018h-7
g05-098-0
g05-098-1
g05-098-2
g05-098-3
g05-098-4
g05-098-5
g05-098-6
g06-050h-0
g06-050h-1
g06-050h-2
g06-050h-3
g06-050h-4
g06-050h-5
g06-050h-6
g06-050h-7
m03-110-0
m03-110-1
m03-110-2
m03-110-3
m03-110-4
m03-110-5
m03-110-6
m03-110-7
m03-110-8
m03-110-9
m02-095-0
m02-095-1
m02-095-2
m02-095-3
m02-095-4
m02-095-5
m02-095-6
m02-095-7
m02-095-8
m02-095-9
b01-004-0
b01-004-1
b01-004-2
b01-004-3
b01-004-4
b01-004-5
b01-004-6
b01-004-7
g06-047l-0
g06-047l-1
g06-047l-2
g06-047l-3
g06-047l-4
g06-047l-5
g06-047l-6
p03-173-0
p03-173-1
p03-173-2
p03-173-3
p03-173-4
p03-173-5
p03-173-6
p03-173-7
p03-173-8
a01-082u-0
a01-082u-1
a01-082u-2
a01-082u-3
a01-082u-4
a01-082u-5
a01-082u-6
a01-082u-7
a01-082u-8
a01-082u-9
r02-131-0
r02-131-1
r02-131-2
r02-131-3
r02-131-4
r02-131-5
b01-113-0
b01-113-1
b01-113-2
b01-113-3
b01-113-4
b01-113-5
b01-113-6
b01-113-7
p03-121-0
p03-121-1
p03-121-2
p03-121-3
p03-121-4
p03-121-5
p03-121-6
n02-082a-0
n02-082a-1
n02-082a-2
n02-082a-3
n02-082a-4
n02-082a-5
n02-082a-6
a05-089-0
a05-089-1
a05-089-2
a05-089-3
a05-089-4
a05-089-5
a05-089-6
a05-089-7
a05-089-8
a05-089-9
a05-089-10
p02-109-0
p02-109-1
p02-109-2
p02-109-3
p02-109-4
p02-109-5
p02-109-6
p02-109-7
p02-109-8
b05-071-0
b05-071-1
b05-071-2
b05-071-3
b05-071-4
b05-071-5
c04-122-0
c04-122-1
c04-122-2
c04-122-3
c04-122-4
c04-122-5
c04-122-6
c04-122-7
f04-004-0
f04-004-1
f04-004-2
f04-004-3
f04-004-4
f04-004-5
f04-004-6
f04-004-7
d04-111-0
d04-111-1
d04-111-2
d04-111-3
d04-111-4
d04-111-5
d04-111-6
d04-111-7
d04-111-8
d04-111-9
d04-111-10
d04-111-11
g06-031j-0
g06-031j-1
g06-031j-2
g06-031j-3
g06-031j-4
g06-031j-5
g06-031j-6
g06-031j-7
g06-031j-8
g06-031j-9
m02-059-0
m02-059-1
m02-059-2
m02-059-3
m02-059-4
m02-059-5
m02-059-6
p03-072-0
p03-072-1
p03-072-2
p03-072-3
p03-072-4
p03-072-5
p03-072-6
p03-072-7
g06-037m-0
g06-037m-1
g06-037m-2
g06-037m-3
g06-037m-4
g06-037m-5
g06-037m-6
g06-037m-7
g06-037m-8
g06-037m-9
g06-037m-10
b01-062-0
b01-062-1
b01-062-2
b01-062-3
b01-062-4
b01-062-5
b01-062-6
b01-062-7
b01-062-8
b01-062-9
a01-091-0
a01-091-1
a01-091-2
a01-091-3
a01-091-4
a01-091-5
a01-091-6
a01-091-7
a01-091-8
a01-091-9
a01-091-10
e06-010-0
e06-010-1
e06-010-2
e06-010-3
e06-010-4
e06-010-5
e06-010-6
e06-010-7
b04-060-0
b04-060-1
b04-060-2
b04-060-3
b04-060-4
b04-060-5
b04-060-6
g06-047e-0
g06-047e-1
g06-047e-2
g06-047e-3
g06-047e-4
g06-047e-5
a01-003-0
a01-003-1
a01-003-2
a01-003-3
a01-003-4
a01-003-5
a01-003-6
a01-003-7
a01-003-8
a01-003-9
a01-003-10
g06-026j-0
g06-026j-1
g06-026j-2
g06-026j-3
g06-026j-4
g06-026j-5
g06-026j-6
g06-011a-0
g06-011a-1
g06-011a-2
g06-011a-3
g06-011a-4
g06-011a-5
g06-011a-6
g06-011a-7
g06-011a-8
g06-011a-9
g06-011a-10
e01-018-0
e01-018-1
e01-018-2
e01-018-3
e01-018-4
e01-018-5
e01-018-6
e01-018-7
e01-018-8
p03-142-0
p03-142-1
p03-142-2
p03-142-3
p03-142-4
p03-142-5
p03-142-6
b04-066-0
b04-066-1
b04-066-2
b04-066-3
b04-066-4
b04-066-5
b04-066-6
e01-014-0
e01-014-1
e01-014-2
e01-014-3
e01-014-4
e01-014-5
e01-014-6
g06-026c-0
g06-026c-1
g06-026c-2
g06-026c-3
g06-026c-4
g06-026c-5
n03-103-0
n03-103-1
n03-103-2
n03-103-3
n03-103-4
n03-103-5
n03-103-6
n03-103-7
n03-103-8
n03-103-9
g06-026a-0
g06-026a-1
g06-026a-2
g06-026a-3
g06-026a-4
g06-026a-5
g06-026a-6
m02-102-0
m02-102-1
m02-102-2
m02-102-3
m02-102-4
m02-102-5
m02-102-6
m02-102-7
m02-102-8
m02-102-9
m02-102-10
g06-011k-0
g06-011k-1
g06-011k-2
g06-011k-3
g06-011k-4
g06-011k-5
g06-011k-6
g06-011k-7
g06-011k-8
g06-011k-9
g06-011k-10
g06-037f-0
g06-037f-1
g06-037f-2
g06-037f-3
g06-037f-4
g06-037f-5
g06-037f-6
g06-037f-7
a01-072x-0
a01-072x-1
a01-072x-2
a01-072x-3
a01-072x-4
a01-072x-5
a01-072x-6
a01-072x-7
g06-018c-0
g06-018c-1
g06-018c-2
g06-018c-3
g06-018c-4
g06-018c-5
g06-018c-6
g06-018c-7
a05-113-0
a05-113-1
a05-113-2
a05-113-3
a05-113-4
a05-113-5
a05-113-6
a05-113-7
a05-113-8
a05-113-9
n02-062-0
n02-062-1
n02-062-2
n02-062-3
n02-062-4
n02-062-5
n02-062-6
n02-062-7
b05-062-0
b05-062-1
b05-062-2
b05-062-3
b05-062-4
b05-062-5
n03-106-0
n03-106-1
n03-106-2
n03-106-3
n03-106-4
n03-106-5
n03-106-6
n03-106-7
n03-106-8
n03-106-9
n03-106-10
n03-106-11
g06-026g-0
g06-026g-1
g06-026g-2
g06-026g-3
g06-026g-4
c03-007-0
c03-007-1
c03-007-2
c03-007-3
c03-007-4
c03-007-5
c03-007-6
c03-007-7
f01-066-0
f01-066-1
f01-066-2
f01-066-3
f01-066-4
f01-066-5
f01-066-6
f01-066-7
f01-066-8
f01-066-9
e01-107-0
e01-107-1
e01-107-2
e01-107-3
e01-107-4
e01-107-5
e01-107-6
e01-107-7
e01-107-8
e01-107-9
a01-096u-0
a01-096u-1
a01-096u-2
a01-096u-3
a01-096u-4
a01-096u-5
a01-096u-6
a01-096u-7
a01-096u-8
a01-096u-9
a01-096u-10
c03-003a-0
c03-003a-1
c03-003a-2
c03-003a-3
c03-003a-4
c03-003a-5
c03-003a-6
c03-003a-7
c03-003a-8
f04-064-0
f04-064-1
f04-064-2
f04-064-3
f04-064-4
f04-064-5
f04-064-6
f04-064-7
f04-064-8
a01-043x-0
a01-043x-1
a01-043x-2
a01-043x-3
a01-043x-4
a01-043x-5
a01-043x-6
a01-043x-7
d06-037-0
d06-037-1
d06-037-2
d06-037-3
d06-037-4
d06-037-5
d06-037-6
d06-037-7
p02-105-0
p02-105-1
p02-105-2
p02-105-3
p02-105-4
p02-105-5
p02-105-6
p02-105-7
c06-076-0
c06-076-1
c06-076-2
c06-076-3
c06-076-4
c06-076-5
c06-076-6
c06-076-7
c06-076-8
c06-076-9
n02-054-0
n02-054-1
n02-054-2
n02-054-3
n02-054-4
n02-054-5
n02-054-6
n02-054-7
n02-054-8
n02-054-9
m04-078-0
m04-078-1
m04-078-2
m04-078-3
m04-078-4
m04-078-5
m04-078-6
m04-078-7
f04-046-0
f04-046-1
f04-046-2
f04-046-3
f04-046-4
f04-046-5
g06-047a-0
g06-047a-1
g06-047a-2
g06-047a-3
g06-047a-4
g06-047a-5
g06-047a-6
g06-047a-7
g06-037k-0
g06-037k-1
g06-037k-2
g06-037k-3
g06-037k-4
g06-037k-5
g06-037k-6
g06-037k-7
g06-037k-8
g06-037k-9
c03-007b-0
c03-007b-1
c03-007b-2
c03-007b-3
c03-007b-4
c03-007b-5
c03-007b-6
c03-007b-7
g06-047f-0
g06-047f-1
g06-047f-2
g06-047f-3
g06-047f-4
g06-047f-5
b04-004-0
b04-004-1
b04-004-2
b04-004-3
b04-004-4
b04-004-5
b04-004-6
b04-004-7
b04-004-8
b04-004-9
b04-004-10
f04-049-0
f04-049-1
f04-049-2
f04-049-3
f04-049-4
f04-049-5
f04-049-6
g06-042j-0
g06-042j-1
g06-042j-2
g06-042j-3
g06-042j-4
g06-042j-5
g06-042j-6
m04-145-0
m04-145-1
m04-145-2
m04-145-3
m04-145-4
m04-145-5
m04-145-6
m04-145-7
n04-171-0
n04-171-1
n04-171-2
n04-171-3
n04-171-4
n04-171-5
n04-171-6
a01-068u-0
a01-068u-1
a01-068u-2
a01-068u-3
a01-068u-4
a01-068u-5
a01-068u-6
a01-068u-7
a01-068u-8
a01-068u-9
c03-021f-0
c03-021f-1
c03-021f-2
c03-021f-3
c03-021f-4
c03-021f-5
c03-021f-6
c03-021f-7
c03-021f-8
c03-021f-9
a01-053x-0
a01-053x-1
a01-053x-2
a01-053x-3
a01-053x-4
a01-053x-5
a01-053x-6
a01-053x-7
a01-053x-8
a01-053x-9
m04-100-0
m04-100-1
m04-100-2
m04-100-3
m04-100-4
m04-100-5
m04-100-6
m04-100-7
g06-031a-0
g06-031a-1
g06-031a-2
g06-031a-3
g06-031a-4
g06-031a-5
g06-031a-6
g06-031a-7
g06-031a-8
m04-113-0
m04-113-1
m04-113-2
m04-113-3
m04-113-4
m04-113-5
m04-113-6
m04-113-7
m04-113-8
m04-113-9
m04-113-10
m01-115-0
m01-115-1
m01-115-2
m01-115-3
m01-115-4
m01-115-5
m01-115-6
m01-115-7
m01-115-8
a05-062-0
a05-062-1
a05-062-2
a05-062-3
a05-062-4
a05-062-5
a05-062-6
a05-062-7
a05-062-8
b01-084-0
b01-084-1
b01-084-2
b01-084-3
b01-084-4
b01-084-5
b01-084-6
b01-084-7
a01-053u-0
a01-053u-1
a01-053u-2
a01-053u-3
a01-053u-4
a01-053u-5
a01-053u-6
a01-053u-7
a01-053u-8
a01-053u-9
a01-077u-0
a01-077u-1
a01-077u-2
a01-077u-3
a01-077u-4
a01-077u-5
a01-077u-6
a01-077u-7
a01-077u-8
m04-131-0
m04-131-1
m04-131-2
m04-131-3
m04-131-4
m04-131-5
m04-131-6
m04-131-7
m04-131-8
g06-050i-0
g06-050i-1
g06-050i-2
g06-050i-3
g06-050i-4
g06-050i-5
g06-050i-6
g06-050i-7
m04-138-0
m04-138-1
m04-138-2
m04-138-3
m04-138-4
m04-138-5
m04-138-6
m04-138-7
m04-138-8
m04-138-9
e06-015-0
e06-015-1
e06-015-2
e06-015-3
e06-015-4
e06-015-5
e06-015-6
e06-015-7
e06-015-8
e06-015-9
b01-136-0
b01-136-1
b01-136-2
b01-136-3
b01-136-4
b01-136-5
b01-136-6
b01-136-7
m04-107-0
m04-107-1
m04-107-2
m04-107-3
m04-107-4
m04-107-5
m04-107-6
m04-107-7
m04-107-8
m04-107-9
m04-107-10
b01-122-0
b01-122-1
b01-122-2
b01-122-3
b01-122-4
b01-122-5
b01-122-6
b01-122-7
b01-122-8
r02-117-0
r02-117-1
r02-117-2
r02-117-3
r02-117-4
r02-117-5
r02-117-6
r02-117-7
a01-007u-0
a01-007u-1
a01-007u-2
a01-007u-3
a01-007u-4
a01-007u-5
a01-007u-6
a01-007u-7
a01-007u-8
a01-007u-9
g06-042i-0
g06-042i-1
g06-042i-2
g06-042i-3
g06-042i-4
a05-084-0
a05-084-1
a05-084-2
a05-084-3
a05-084-4
a05-084-5
a05-084-6
a05-084-7
a05-084-8
a05-084-9
g06-045i-0
g06-045i-1
g06-045i-2
g06-045i-3
g06-045i-4
g06-045i-5
g06-045i-6
a01-026x-0
a01-026x-1
a01-026x-2
a01-026x-3
a01-026x-4
a01-026x-5
a01-026x-6
a01-026x-7
a01-026x-8
a01-026x-9
f02-040-0
f02-040-1
f02-040-2
f02-040-3
f02-040-4
f02-040-5
f02-040-6
f02-040-7
f02-040-8
f02-040-9
c03-094f-0
c03-094f-1
c03-094f-2
c03-094f-3
c03-094f-4
c03-094f-5
c03-094f-6
c03-094f-7
c03-094f-8
c03-094f-9
m03-095-0
m03-095-1
m03-095-2
m03-095-3
m03-095-4
m03-095-5
m03-095-6
m03-095-7
m03-095-8
g06-037i-0
g06-037i-1
g06-037i-2
g06-037i-3
g06-037i-4
g06-037i-5
g06-037i-6
g06-037i-7
g06-037i-8
g06-037i-9
a01-077-0
a01-077-1
a01-077-2
a01-077-3
a01-077-4
a01-077-5
a01-077-6
a01-077-7
a01-077-8
a01-077-9
c03-003f-0
c03-003f-1
c03-003f-2
c03-003f-3
c03-003f-4
c03-003f-5
c03-003f-6
c03-003f-7
c03-003f-8
c03-003f-9
g06-026l-0
g06-026l-1
g06-026l-2
g06-026l-3
g06-026l-4
g06-026l-5
a01-026-0
a01-026-1
a01-026-2
a01-026-3
a01-026-4
a01-026-5
a01-026-6
a01-026-7
a01-026-8
a01-026-9
b04-047-0
b04-047-1
b04-047-2
b04-047-3
b04-047-4
b04-047-5
b01-127-0
b01-127-1
b01-127-2
b01-127-3
b01-127-4
b01-127-5
b01-127-6
b01-127-7
b01-127-8
b01-127-9
m04-164-0
m04-164-1
m04-164-2
m04-164-3
m04-164-4
m04-164-5
m04-164-6
m04-164-7
g06-011b-0
g06-011b-1
g06-011b-2
g06-011b-3
g06-011b-4
g06-011b-5
g06-011b-6
g06-011b-7
g06-011b-8
g06-011b-9
g06-011b-10
a01-102-0
a01-102-1
a01-102-2
a01-102-3
a01-102-4
a01-102-5
a01-102-6
a01-102-7
a01-102-8
a01-102-9
a01-102-10
p03-151-0
p03-151-1
p03-151-2
p03-151-3
p03-151-4
p03-151-5
p03-151-6
p03-151-7
g06-047m-0
g06-047m-1
g06-047m-2
g06-047m-3
g06-047m-4
g06-047m-5
g06-047m-6
g06-047m-7
g06-047m-8
d04-081-0
d04-081-1
d04-081-2
d04-081-3
d04-081-4
d04-081-5
d04-081-6
d04-081-7
d04-081-8
g06-045f-0
g06-045f-1
g06-045f-2
g06-045f-3
g06-045f-4
g06-045f-5
d01-118-0
d01-118-1
d01-118-2
d01-118-3
d01-118-4
d01-118-5
d01-118-6
g06-011h-0
g06-011h-1
g06-011h-2
g06-011h-3
g06-011h-4
g06-011h-5
g06-011h-6
g06-011h-7
g06-011h-8
g06-011h-9
c03-096e-0
c03-096e-1
c03-096e-2
c03-096e-3
c03-096e-4
c03-096e-5
c03-096e-6
c03-096e-7
e06-006-0
e06-006-1
e06-006-2
e06-006-3
e06-006-4
e06-006-5
e06-006-6
e06-006-7
e06-006-8
e06-006-9
e06-006-10
g06-031f-0
g06-031f-1
g06-031f-2
g06-031f-3
g06-031f-4
g06-031f-5
g06-047d-0
g06-047d-1
g06-047d-2
g06-047d-3
g06-047d-4
g06-047d-5
g06-047d-6
f04-057-0
f04-057-1
f04-057-2
f04-057-3
f04-057-4
f04-057-5
f04-057-6
f04-057-7
f04-057-8
f04-057-9
m01-049-0
m01-049-1
m01-049-2
m01-049-3
m01-049-4
m01-049-5
m01-049-6
m01-049-7
m01-049-8
m01-049-9
m01-049-10
m01-049-11
c03-084c-0
c03-084c-1
c03-084c-2
c03-084c-3
c03-084c-4
c03-084c-5
c03-084c-6
m01-110-0
m01-110-1
m01-110-2
m01-110-3
m01-110-4
m01-110-5
m01-110-6
m01-110-7
m01-110-8
m01-110-9
m01-110-10
m01-110-11
g06-050m-0
g06-050m-1
g06-050m-2
g06-050m-3
g06-050m-4
g06-050m-5
g06-050m-6
g06-050m-7
g06-050m-8
g06-050m-9
e02-074-0
e02-074-1
e02-074-2
e02-074-3
e02-074-4
e02-074-5
e02-074-6
e02-074-7
e02-074-8
e02-074-9
e02-074-10
m02-066-0
m02-066-1
m02-066-2
m02-066-3
m02-066-4
m02-066-5
a05-000-0
a05-000-1
a05-000-2
a05-000-3
a05-000-4
a05-000-5
a05-000-6
a05-000-7
p02-008-0
p02-008-1
p02-008-2
p02-008-3
p02-008-4
p02-008-5
p02-008-6
p02-008-7
p02-008-8
p02-008-9
p02-008-10
a06-090-0
a06-090-1
a06-090-2
a06-090-3
a06-090-4
a06-090-5
a06-090-6
a06-090-7
a06-090-8
d06-041-0
d06-041-1
d06-041-2
d06-041-3
d06-041-4
d06-041-5
d06-041-6
d06-041-7
a05-048-0
a05-048-1
a05-048-2
a05-048-3
a05-048-4
a05-048-5
a05-048-6
a05-048-7
a05-048-8
a05-048-9
a05-048-10
c03-094d-0
c03-094d-1
c03-094d-2
c03-094d-3
c03-094d-4
c03-094d-5
c03-094d-6
c03-094d-7
c03-094d-8
c03-094d-9
c03-094d-10
e02-018-0
e02-018-1
e02-018-2
e02-018-3
e02-018-4
e02-018-5
e02-018-6
m04-152-0
m04-152-1
m04-152-2
m04-152-3
m04-152-4
m04-152-5
m04-152-6
m04-152-7
a01-072u-0
a01-072u-1
a01-072u-2
a01-072u-3
a01-072u-4
a01-072u-5
a01-072u-6
a01-072u-7
a01-072u-8
b01-079-0
b01-079-1
b01-079-2
b01-079-3
b01-079-4
b01-079-5
b01-079-6
b01-079-7
b01-079-8
b01-079-9
b01-079-10
m04-123-0
m04-123-1
m04-123-2
m04-123-3
m04-123-4
m04-123-5
m04-123-6
m04-123-7
m04-123-8
m04-123-9
m04-123-10
n03-082-0
n03-082-1
n03-082-2
n03-082-3
n03-082-4
n03-082-5
n03-082-6
n03-082-7
e07-076-0
e07-076-1
e07-076-2
e07-076-3
e07-076-4
e07-076-5
e07-076-6
e07-076-7
e07-076-8
e07-076-9
f04-016-0
f04-016-1
f04-016-2
f04-016-3
f04-016-4
f04-016-5
f04-016-6
f04-016-7
c03-081c-0
c03-081c-1
c03-081c-2
c03-081c-3
c03-081c-4
c03-081c-5
c03-081c-6
c03-081c-7
c03-081c-8
c03-007d-0
c03-007d-1
c03-007d-2
c03-007d-3
c03-007d-4
c03-007d-5
c03-007d-6
c03-007d-7
c03-007d-8
e06-030-0
e06-030-1
e06-030-2
e06-030-3
e06-030-4
e06-030-5
e06-030-6
e06-030-7
e06-030-8
e06-030-9
e06-030-10
e06-000-0
e06-000-1
e06-000-2
e06-000-3
e06-000-4
e06-000-5
e06-000-6
e06-000-7
f04-074-0
f04-074-1
f04-074-2
f04-074-3
f04-074-4
f04-074-5
f04-074-6
f04-074-7
f04-074-8
f04-074-9
f04-074-10
f04-074-11
p02-000-0
p02-000-1
p02-000-2
p02-000-3
p02-000-4
p02-000-5
p02-000-6
a01-063u-0
a01-063u-1
a01-063u-2
a01-063u-3
a01-063u-4
a01-063u-5
a01-063u-6
a01-063u-7
a01-063u-8
a01-063u-9
r03-065-0
r03-065-1
r03-065-2
r03-065-3
r03-065-4
r03-065-5
r03-065-6
r03-065-7
r03-084-0
r03-084-1
r03-084-2
r03-084-3
r03-084-4
r03-084-5
r03-084-6
r03-084-7
r03-084-8
r03-084-9
d07-085-0
d07-085-1
d07-085-2
d07-085-3
d07-085-4
d07-085-5
d07-085-6
d07-085-7
r02-109-0
r02-109-1
r02-109-2
r02-109-3
r02-109-4
r02-109-5
r02-109-6
r02-109-7
r02-109-8
r02-109-9
g06-042g-0
g06-042g-1
g06-042g-2
g06-042g-3
g06-042g-4
g06-018g-0
g06-018g-1
g06-018g-2
g06-018g-3
g06-018g-4
g06-018g-5
g06-018g-6
r02-003-0
r02-003-1
r02-003-2
r02-003-3
r02-003-4
r02-003-5
g06-031l-0
g06-031l-1
g06-031l-2
g06-031l-3
g06-031l-4
g06-031l-5
g06-031l-6
n03-120-0
n03-120-1
n03-120-2
n03-120-3
n03-120-4
n03-120-5
n03-120-6
n03-120-7
n03-120-8
n03-120-9
r02-010-0
r02-010-1
r02-010-2
r02-010-3
r02-010-4
r02-010-5
r02-010-6
r02-010-7
e04-052-0
e04-052-1
e04-052-2
e04-052-3
e04-052-4
e04-052-5
e04-052-6
e04-052-7
n03-126-0
n03-126-1
n03-126-2
n03-126-3
n03-126-4
c03-096a-0
c03-096a-1
c03-096a-2
c03-096a-3
c03-096a-4
c03-096a-5
c03-096a-6
c03-096a-7
c03-096a-8
f04-043-0
f04-043-1
f04-043-2
f04-043-3
f04-043-4
f04-043-5
f04-043-6
f04-043-7
m04-093-0
m04-093-1
m04-093-2
m04-093-3
m04-093-4
m04-093-5
m04-093-6
m04-093-7
m04-093-8
m04-093-9
a01-026u-0
a01-026u-1
a01-026u-2
a01-026u-3
a01-026u-4
a01-026u-5
a01-026u-6
a01-026u-7
a01-026u-8
a01-026u-9
a01-026u-10
m02-048-0
m02-048-1
m02-048-2
m02-048-3
m02-048-4
m02-048-5
m02-048-6
m02-048-7
m02-048-8
m02-048-9
m02-048-10
b04-000-0
b04-000-1
b04-000-2
b04-000-3
b04-000-4
b04-000-5
b04-000-6
e02-014-0
e02-014-1
e02-014-2
e02-014-3
e02-014-4
e02-014-5
e02-014-6
g06-047c-0
g06-047c-1
g06-047c-2
g06-047c-3
g06-047c-4
g06-047c-5
g06-047c-6
g06-047c-7
g06-026e-0
g06-026e-1
g06-026e-2
g06-026e-3
g06-026e-4
g06-026e-5
g06-042b-0
g06-042b-1
g06-042b-2
g06-042b-3
g06-042b-4
g06-042b-5
g06-042b-6
g06-042b-7
p02-135-0
p02-135-1
p02-135-2
p02-135-3
p02-135-4
p02-135-5
p02-135-6
p02-135-7
p02-135-8
c03-000c-0
c03-000c-1
c03-000c-2
c03-000c-3
c03-000c-4
c03-000c-5
c03-000c-6
c03-000c-7
e01-055-0
e01-055-1
e01-055-2
e01-055-3
e01-055-4
e01-055-5
e01-055-6
e01-055-7
e01-055-8
e01-055-9
g06-047j-0
g06-047j-1
g06-047j-2
g06-047j-3
g06-047j-4
g06-047j-5
g06-047j-6
g06-047j-7
g06-047j-8
g06-018b-0
g06-018b-1
g06-018b-2
g06-018b-3
g06-018b-4
g06-018b-5
g06-018b-6
g06-018b-7
g06-018b-8
g06-018b-9
g06-011j-0
g06-011j-1
g06-011j-2
g06-011j-3
g06-011j-4
g06-011j-5
g06-011j-6
g06-011j-7
g06-011j-8
g06-011j-9
g06-011j-10
b06-019-0
b06-019-1
b06-019-2
b06-019-3
b06-019-4
b06-019-5
b06-019-6
b06-019-7
b06-019-8
b06-019-9
n04-015-0
n04-015-1
n04-015-2
n04-015-3
n04-015-4
n04-015-5
n04-015-6
n04-015-7
a01-014u-0
a01-014u-1
a01-014u-2
a01-014u-3
a01-014u-4
a01-014u-5
a01-014u-6
a01-014u-7
a01-014u-8
a01-020-0
a01-020-1
a01-020-2
a01-020-3
a01-020-4
a01-020-5
a01-020-6
a01-020-7
a01-020-8
d04-117-0
d04-117-1
d04-117-2
d04-117-3
d04-117-4
d04-117-5
d04-117-6
d04-117-7
c03-081d-0
c03-081d-1
c03-081d-2
c03-081d-3
c03-081d-4
c03-081d-5
c03-081d-6
c03-081d-7
c03-081d-8
c03-081d-9
c03-081d-10
c06-111-0
c06-111-1
c06-111-2
c06-111-3
c06-111-4
c06-111-5
c06-111-6
c06-111-7
b06-004-0
b06-004-1
b06-004-2
b06-004-3
b06-004-4
b06-004-5
b06-004-6
b06-004-7
a03-089-0
a03-089-1
a03-089-2
a03-089-3
b05-067-0
b05-067-1
b05-067-2
b05-067-3
b05-067-4
b05-067-5
b05-067-6
d01-123-0
d01-123-1
d01-123-2
d01-123-3
d01-123-4
d01-123-5
d01-123-6
d01-123-7
g06-018a-0
g06-018a-1
g06-018a-2
g06-018a-3
g06-018a-4
g06-018a-5
g06-018a-6
g06-018a-7
g06-037g-0
g06-037g-1
g06-037g-2
g06-037g-3
g06-037g-4
g06-037g-5
g06-037g-6
g06-037g-7
g06-037g-8
g06-042k-0
g06-042k-1
g06-042k-2
g06-042k-3
g06-042k-4
g06-042k-5
n01-020-0
n01-020-1
n01-020-2
n01-020-3
n01-020-4
n01-020-5
n01-020-6
n01-020-7
n01-020-8
n01-020-9
p02-144-0
p02-144-1
p02-144-2
p02-144-3
p02-144-4
p02-144-5
p02-144-6
p02-144-7
p02-144-8
p02-144-9
p02-144-10
p02-144-11
n03-079-0
n03-079-1
n03-079-2
n03-079-3
n03-079-4
n03-079-5
n03-079-6
p03-033-0
p03-033-1
p03-033-2
p03-033-3
p03-033-4
p03-033-5
g06-050f-0
g06-050f-1
g06-050f-2
g06-050f-3
g06-050f-4
g06-050f-5
c03-087c-0
c03-087c-1
c03-087c-2
c03-087c-3
c03-087c-4
c03-087c-5
c03-087c-6
c03-087c-7
g06-037l-0
g06-037l-1
g06-037l-2
g06-037l-3
g06-037l-4
g06-037l-5
g06-037l-6
g06-037l-7
g06-037l-8
g06-037l-9
m02-072-0
m02-072-1
m02-072-2
m02-072-3
m02-072-4
m02-072-5
m02-072-6
r02-006-0
r02-006-1
r02-006-2
r02-006-3
r02-006-4
r02-006-5
r02-006-6
r02-006-7
r02-006-8
r02-006-9
a01-107u-0
a01-107u-1
a01-107u-2
a01-107u-3
a01-107u-4
a01-107u-5
a01-107u-6
a01-107u-7
g06-050d-0
g06-050d-1
g06-050d-2
g06-050d-3
g06-050d-4
g06-050d-5
g06-050d-6
g06-050d-7
c03-016d-0
c03-016d-1
c03-016d-2
c03-016d-3
c03-016d-4
c03-016d-5
c03-016d-6
c03-016d-7
c03-016d-8
c03-016d-9
c03-016d-10
g06-037h-0
g06-037h-1
g06-037h-2
g06-037h-3
g06-037h-4
g06-037h-5
g06-037h-6
g06-037h-7
g06-037h-8
g06-037h-9
g06-037h-10
n03-064-0
n03-064-1
n03-064-2
n03-064-3
n03-064-4
n03-064-5
r02-054-0
r02-054-1
r02-054-2
r02-054-3
r02-054-4
r02-054-5
r02-054-6
a01-049-0
a01-049-1
a01-049-2
a01-049-3
a01-049-4
a01-049-5
a01-049-6
a01-049-7
a01-049-8
a01-049-9
a01-049-10
d06-107-0
d06-107-1
d06-107-2
d06-107-3
d06-107-4
d06-107-5
d06-107-6
d06-107-7
d06-107-8
d06-107-9
d06-107-10
c03-000e-0
c03-000e-1
c03-000e-2
c03-000e-3
c03-000e-4
c03-000e-5
c03-000e-6
c03-000e-7
d07-100-0
d07-100-1
d07-100-2
d07-100-3
d07-100-4
d07-100-5
d07-100-6
d07-100-7
d07-100-8
d07-100-9
m01-060-0
m01-060-1
m01-060-2
m01-060-3
m01-060-4
m01-060-5
m01-060-6
m01-060-7
d07-082-0
d07-082-1
d07-082-2
d07-082-3
d07-082-4
d07-082-5
d07-082-6
d07-082-7
d07-082-8
g06-045e-0
g06-045e-1
g06-045e-2
g06-045e-3
g06-045e-4
g06-045e-5
g06-045e-6
p03-047-0
p03-047-1
p03-047-2
p03-047-3
p03-047-4
p03-047-5
p03-047-6
p03-047-7
p03-047-8
p03-047-9
d05-025-0
d05-025-1
d05-025-2
d05-025-3
d05-025-4
d05-025-5
d05-025-6
d05-025-7
d05-025-8
d05-025-9
r03-026-0
r03-026-1
r03-026-2
r03-026-3
r03-026-4
r03-026-5
r03-026-6
r03-026-7
r03-026-8
r03-026-9
r03-026-10
g06-045j-0
g06-045j-1
g06-045j-2
g06-045j-3
g06-045j-4
g06-045j-5
g06-045j-6
g06-045j-7
g06-045j-8
b01-073-0
b01-073-1
b01-073-2
b01-073-3
b01-073-4
b01-073-5
b01-073-6
b01-073-7
b01-073-8
b01-073-9
b01-073-10
m01-131-0
m01-131-1
m01-131-2
m01-131-3
m01-131-4
m01-131-5
m01-131-6
e02-091-0
e02-091-1
e02-091-2
e02-091-3
e02-091-4
e02-091-5
e02-091-6
e02-091-7
e02-091-8
g06-042m-0
g06-042m-1
g06-042m-2
g06-042m-3
g06-042m-4
g06-042m-5
g06-042m-6
g06-045b-0
g06-045b-1
g06-045b-2
g06-045b-3
g06-045b-4
g06-045b-5
g06-045b-6
g06-045b-7
g06-045b-8
g06-045b-9
b04-010-0
b04-010-1
b04-010-2
b04-010-3
b04-010-4
b04-010-5
b04-010-6
b04-010-7
b04-010-8
b04-010-9
e04-008-0
e04-008-1
e04-008-2
e04-008-3
e04-008-4
g06-026m-0
g06-026m-1
g06-026m-2
g06-026m-3
g06-026m-4
g06-026m-5
g06-026m-6
p03-185-0
p03-185-1
p03-185-2
p03-185-3
p03-185-4
p03-185-5
p03-185-6
p03-185-7
p03-185-8
a03-066-0
a03-066-1
a03-066-2
a03-066-3
a03-066-4
a03-066-5
a03-066-6
a03-066-7
c03-084d-0
c03-084d-1
c03-084d-2
c03-084d-3
c03-084d-4
c03-084d-5
c03-084d-6
c03-084d-7
c03-084d-8
g06-031k-0
g06-031k-1
g06-031k-2
g06-031k-3
g06-031k-4
g06-031k-5
g06-031k-6
g06-031k-7
g06-031k-8
d04-096-0
d04-096-1
d04-096-2
d04-096-3
d04-096-4
d04-096-5
d04-096-6
d04-096-7
c03-007f-0
c03-007f-1
c03-007f-2
c03-007f-3
c03-007f-4
c03-007f-5
c03-007f-6
c03-007f-7
c03-007f-8
g04-104-0
g04-104-1
g04-104-2
g04-104-3
g04-104-4
g04-104-5
g04-104-6
g04-104-7
g04-104-8
a03-050-0
a03-050-1
a03-050-2
a03-050-3
a03-050-4
a03-050-5
a03-050-6
a03-050-7
a03-050-8
e06-041-0
e06-041-1
e06-041-2
e06-041-3
e06-041-4
e06-041-5
e06-041-6
e06-041-7
e06-041-8
e06-041-9
a01-007x-0
a01-007x-1
a01-007x-2
a01-007x-3
a01-007x-4
a01-007x-5
a01-007x-6
a01-007x-7
g06-018m-0
g06-018m-1
g06-018m-2
g06-018m-3
g06-018m-4
g06-018m-5
g06-018m-6
g06-018m-7
b04-081-0
b04-081-1
b04-081-2
b04-081-3
b04-081-4
b04-081-5
b04-081-6
a05-053-0
a05-053-1
a05-053-2
a05-053-3
a05-053-4
a05-053-5
a05-053-6
a05-053-7
a05-053-8
a05-053-9
a05-053-10
e06-046-0
e06-046-1
e06-046-2
e06-046-3
e06-046-4
e06-046-5
b04-208-0
b04-208-1
b04-208-2
g06-018l-0
g06-018l-1
g06-018l-2
g06-018l-3
g06-018l-4
g06-018l-5
g06-018l-6
f04-028-0
f04-028-1
f04-028-2
f04-028-3
f04-028-4
f04-028-5
f04-028-6
f04-028-7
f04-028-8
f04-028-9
f04-028-10
b04-075-0
b04-075-1
b04-075-2
b04-075-3
b04-075-4
b04-075-5
n04-218-0
n04-218-1
n04-218-2
n04-218-3
n04-218-4
n04-218-5
n04-218-6
n04-218-7
n04-218-8
n04-218-9
m04-251-0
m04-251-1
m04-251-2
g06-031g-0
g06-031g-1
g06-031g-2
g06-031g-3
g06-031g-4
g06-031g-5
g06-031g-6
a01-058-0
a01-058-1
a01-058-2
a01-058-3
a01-058-4
a01-058-5
a01-058-6
a01-058-7
a01-058-8
a01-058-9
g06-026k-0
g06-026k-1
g06-026k-2
g06-026k-3
g06-026k-4
g06-026k-5
g06-026k-6
g06-045h-0
g06-045h-1
g06-045h-2
g06-045h-3
g06-045h-4
g06-045h-5
g06-045h-6
g06-045h-7
g06-011g-0
g06-011g-1
g06-011g-2
g06-011g-3
g06-011g-4
g06-011g-5
g06-011g-6
g06-011g-7
g06-011g-8
d06-060-0
d06-060-1
d06-060-2
d06-060-3
d06-060-4
d06-060-5
d06-060-6
d06-060-7
d06-060-8
d06-060-9
a03-030-0
a03-030-1
a03-030-2
a03-030-3
a03-030-4
a03-030-5
a03-030-6
a03-030-7
a03-030-8
a03-030-9
f04-061-0
f04-061-1
f04-061-2
f04-061-3
f04-061-4
f04-061-5
f04-061-6
f04-061-7
n03-038-0
n03-038-1
n03-038-2
n03-038-3
n03-038-4
n03-038-5
n03-038-6
n02-049-0
n02-049-1
n02-049-2
n02-049-3
n02-049-4
n02-049-5
a01-063x-0
a01-063x-1
a01-063x-2
a01-063x-3
a01-063x-4
a01-063x-5
a01-063x-6
a01-063x-7
a01-063x-8
a01-063x-9
a05-058-0
a05-058-1
a05-058-2
a05-058-3
a05-058-4
a05-058-5
a05-058-6
a05-058-7
a05-058-8
c03-087f-0
c03-087f-1
c03-087f-2
c03-087f-3
c03-087f-4
c03-087f-5
c03-087f-6
c03-087f-7
c03-087f-8
b04-181-0
b04-181-1
b04-181-2
b04-181-3
b04-181-4
b04-181-5
b04-181-6
b04-181-7
e04-103-0
e04-103-1
e04-103-2
e04-103-3
e04-103-4
e04-103-5
e04-103-6
e07-079-0
e07-079-1
e07-079-2
e07-079-3
e07-079-4
e07-079-5
e07-079-6
e07-079-7
e07-079-8
e07-079-9
e07-079-10
f01-053-0
f01-053-1
f01-053-2
f01-053-3
f01-053-4
f01-053-5
f01-053-6
f01-053-7
f01-053-8
c03-087d-0
c03-087d-1
c03-087d-2
c03-087d-3
c03-087d-4
c03-087d-5
c03-087d-6
c03-087d-7
c03-087d-8
c03-087d-9
n04-202-0
n04-202-1
n04-202-2
n04-202-3
n04-202-4
n04-202-5
n04-202-6
n04-202-7
n04-202-8
p02-139-0
p02-139-1
p02-139-2
p02-139-3
p02-139-4
p02-139-5
e07-086-0
e07-086-1
e07-086-2
e07-086-3
e07-086-4
e07-086-5
e07-086-6
e07-086-7
e07-086-8
e07-086-9
f04-083-0
f04-083-1
f04-083-2
f04-083-3
f04-083-4
f04-083-5
f04-083-6
f04-083-7
f04-083-8
f04-083-9
r03-007-0
r03-007-1
r03-007-2
r03-007-3
r03-007-4
r03-007-5
r03-007-6
r03-007-7
r03-007-8
a01-132u-0
a01-132u-1
a01-132u-2
a01-132u-3
a01-132u-4
a01-132u-5
a01-132u-6
a01-132u-7
a01-132u-8
a01-132u-9
a05-094-0
a05-094-1
a05-094-2
a05-094-3
a05-094-4
a05-094-5
a05-094-6
a05-094-7
a05-094-8
a05-094-9
a05-094-10
r02-081-0
r02-081-1
r02-081-2
r02-081-3
r02-081-4
r02-081-5
r02-081-6
r02-081-7
a01-011u-0
a01-011u-1
a01-011u-2
a01-011u-3
a01-011u-4
a01-011u-5
a01-011u-6
a01-011u-7
a01-011u-8
a01-011u-9
a05-017-0
a05-017-1
a05-017-2
a05-017-3
a05-017-4
a05-017-5
a05-017-6
a05-017-7
a05-017-8
a05-017-9
a05-017-10
c03-081e-0
c03-081e-1
c03-081e-2
c03-081e-3
c03-081e-4
c03-081e-5
c03-081e-6
c03-081e-7
c03-081e-8
c03-081e-9
c03-081e-10
d06-091-0
d06-091-1
d06-091-2
d06-091-3
d06-091-4
d06-091-5
d06-091-6
d06-091-7
d06-091-8
d06-091-9
d06-091-10
a05-125-0
a05-125-1
a05-125-2
a05-125-3
a05-125-4
a05-125-5
a05-125-6
a05-125-7
g06-026f-0
g06-026f-1
g06-026f-2
g06-026f-3
g06-026f-4
r02-000-0
r02-000-1
r02-000-2
r02-000-3
r02-000-4
r02-000-5
r02-000-6
r02-000-7
a01-113u-0
a01-113u-1
a01-113u-2
a01-113u-3
a01-113u-4
a01-113u-5
a01-113u-6
a01-113u-7
a01-113u-8
a01-113u-9
a01-113u-10
r03-030-0
r03-030-1
r03-030-2
r03-030-3
r03-030-4
r03-030-5
r03-030-6
g06-045c-0
g06-045c-1
g06-045c-2
g06-045c-3
g06-045c-4
g06-045c-5
g06-045c-6
g06-018i-0
g06-018i-1
g06-018i-2
g06-018i-3
g06-018i-4
g06-018i-5
g06-018i-6
g06-037e-0
g06-037e-1
g06-037e-2
g06-037e-3
g06-037e-4
g06-037e-5
g06-037e-6
g06-037e-7
g06-037e-8
d04-062-0
d04-062-1
d04-062-2
d04-062-3
d04-062-4
d06-025-0
d06-025-1
d06-025-2
d06-025-3
d06-025-4
d06-025-5
d06-025-6
d06-025-7
e06-049-0
e06-049-1
e06-049-2
e06-049-3
e06-049-4
e06-049-5
e06-049-6
e06-049-7
e06-049-8
e06-049-9
a05-073-0
a05-073-1
a05-073-2
a05-073-3
a05-073-4
a05-073-5
a05-073-6
a05-073-7
a05-073-8
a05-073-9
a05-073-10
d06-067-0
d06-067-1
d06-067-2
d06-067-3
d06-067-4
d06-067-5
d06-067-6
d06-067-7
d06-067-8
d06-067-9
c06-128-0
c06-128-1
c06-128-2
c06-128-3
c06-128-4
c06-128-5
c06-128-6
c06-128-7
c06-128-8
d06-086-0
d06-086-1
d06-086-2
d06-086-3
d06-086-4
d06-086-5
d06-086-6
d06-086-7
d06-086-8
d06-086-9
d06-086-10
p02-150-0
p02-150-1
p02-150-2
p02-150-3
p02-150-4
p02-150-5
p02-150-6
p02-150-7
p02-150-8
a01-020u-0
a01-020u-1
a01-020u-2
a01-020u-3
a01-020u-4
a01-020u-5
a01-020u-6
a01-020u-7
a01-020u-8
a01-020u-9
r02-089-0
r02-089-1
r02-089-2
r02-089-3
r02-089-4
r02-089-5
r02-089-6
r02-089-7
r02-089-8
r02-089-9
r02-089-10
e04-043-0
e04-043-1
e04-043-2
e04-043-3
e04-043-4
e04-043-5
e04-043-6
e04-043-7
f04-079-0
f04-079-1
f04-079-2
f04-079-3
f04-079-4
f04-079-5
f04-079-6
f04-079-7
f04-079-8
f04-079-9
f04-079-10
g06-011c-0
g06-011c-1
g06-011c-2
g06-011c-3
g06-011c-4
g06-011c-5
g06-011c-6
g06-011c-7
g06-011c-8
g06-011c-9
m01-104-0
m01-104-1
m01-104-2
m01-104-3
m01-104-4
m01-104-5
m01-104-6
m01-104-7
b04-034-0
b04-034-1
b04-034-2
b04-034-3
b04-034-4
b04-034-5
a01-102u-0
a01-102u-1
a01-102u-2
a01-102u-3
a01-102u-4
a01-102u-5
a01-102u-6
a01-102u-7
a01-102u-8
g06-050a-0
g06-050a-1
g06-050a-2
g06-050a-3
g06-050a-4
g06-050a-5
g06-050a-6
g06-050a-7
g06-050a-8
b04-202-0
b04-202-1
b04-202-2
b04-202-3
b04-202-4
b04-202-5
b04-202-6
b04-202-7
a01-014-0
a01-014-1
a01-014-2
a01-014-3
a01-014-4
a01-014-5
a01-014-6
a01-014-7
a01-014-8
a01-014-9
a01-113-0
a01-113-1
a01-113-2
a01-113-3
a01-113-4
a01-113-5
a01-113-6
a01-113-7
a01-113-8
r02-146-0
r02-146-1
r02-146-2
r02-146-3
r02-146-4
r02-146-5
r03-002-0
r03-002-1
r03-002-2
r03-002-3
r03-002-4
r03-002-5
r03-002-6
r03-002-7
r03-002-8
r03-002-9
b06-071-0
b06-071-1
b06-071-2
b06-071-3
b06-071-4
b06-071-5
b06-071-6
b06-071-7
b06-071-8
b06-071-9
c03-003c-0
c03-003c-1
c03-003c-2
c03-003c-3
c03-003c-4
c03-003c-5
c03-003c-6
c03-003c-7
c03-003c-8
g06-031e-0
g06-031e-1
g06-031e-2
g06-031e-3
g06-031e-4
g06-031e-5
g06-031e-6
g06-045m-0
g06-045m-1
g06-045m-2
g06-045m-3
g06-045m-4
g06-045m-5
g06-045m-6
g06-045m-7
g06-045m-8
m01-121-0
m01-121-1
m01-121-2
m01-121-3
m01-121-4
m01-121-5
m01-121-6
m01-121-7
m01-121-8
m03-006-0
m03-006-1
m03-006-2
m03-006-3
m03-006-4
m03-006-5
m03-006-6
m03-006-7
m03-006-8
m03-006-9
r02-127-0
r02-127-1
r02-127-2
r02-127-3
r02-127-4
r02-127-5
f03-182-0
f03-182-1
f03-182-2
f03-182-3
f03-182-4
f03-182-5
f03-182-6
f03-182-7
c06-020-0
c06-020-1
c06-020-2
c06-020-3
c06-020-4
c06-020-5
c06-020-6
c06-020-7
f02-036-0
f02-036-1
f02-036-2
f02-036-3
f02-036-4
f02-036-5
f02-036-6
f02-036-7
f02-036-8
c03-096c-0
c03-096c-1
c03-096c-2
c03-096c-3
c03-096c-4
c03-096c-5
c03-096c-6
c03-096c-7
d04-121-0
d04-121-1
d04-121-2
d04-121-3
d04-121-4
d04-121-5
d04-121-6
e04-086-0
e04-086-1
e04-086-2
e04-086-3
e04-086-4
e04-086-5
e04-086-6
a01-000x-0
a01-000x-1
a01-000x-2
a01-000x-3
a01-000x-4
a01-000x-5
b04-195-0
b04-195-1
b04-195-2
b04-195-3
b04-195-4
b04-195-5
b04-195-6
c06-005-0
c06-005-1
c06-005-2
c06-005-3
c06-005-4
c06-005-5
c06-005-6
c06-005-7
c06-005-8
d06-000-0
d06-000-1
d06-000-2
d06-000-3
d06-000-4
d06-000-5
d06-000-6
d06-000-7
d06-000-8
d06-000-9
p03-158-0
p03-158-1
p03-158-2
p03-158-3
p03-158-4
p03-158-5
p03-158-6
p03-158-7
r02-038-0
r02-038-1
r02-038-2
r02-038-3
r02-038-4
r02-038-5
r02-038-6
d06-072-0
d06-072-1
d06-072-2
d06-072-3
d06-072-4
d06-072-5
d06-072-6
d06-072-7
d06-072-8
d06-072-9
d06-072-10
g06-018d-0
g06-018d-1
g06-018d-2
g06-018d-3
g06-018d-4
g06-018d-5
g06-018d-6
g06-018d-7
f01-135-0
f01-135-1
f01-135-2
f01-135-3
f01-135-4
f01-135-5
f01-135-6
f01-135-7
f01-135-8
f01-135-9
f01-135-10
h04-007-0
h04-007-1
h04-007-2
h04-007-3
h04-007-4
h04-007-5
h04-007-6
h04-007-7
h04-007-8
a05-099-0
a05-099-1
a05-099-2
a05-099-3
a05-099-4
a05-099-5
a05-099-6
a05-099-7
a05-099-8
a05-099-9
g06-042d-0
g06-042d-1
g06-042d-2
g06-042d-3
g06-042d-4
b06-075-0
b06-075-1
b06-075-2
b06-075-3
b06-075-4
b06-075-5
b06-075-6
b06-075-7
b06-075-8
b06-075-9
b06-075-10
d06-113-0
d06-113-1
d06-113-2
d06-113-3
d06-113-4
a01-087u-0
a01-087u-1
a01-087u-2
a01-087u-3
a01-087u-4
a01-087u-5
a01-087u-6
a01-087u-7
a01-087u-8
g06-047k-0
g06-047k-1
g06-047k-2
g06-047k-3
g06-047k-4
g06-047k-5
g06-047k-6
g06-047k-7
f04-093-0
f04-093-1
f04-093-2
f04-093-3
f04-093-4
f04-093-5
f04-093-6
f04-093-7
f04-093-8
f04-093-9
r02-137-0
r02-137-1
r02-137-2
r02-137-3
r02-137-4
r02-137-5
r02-137-6
r02-137-7
r02-137-8
c03-081f-0
c03-081f-1
c03-081f-2
c03-081f-3
c03-081f-4
c03-081f-5
c03-081f-6
c03-081f-7
c03-081f-8
c03-081f-9
n02-009-0
n02-009-1
n02-009-2
n02-009-3
n02-009-4
n02-009-5
n02-009-6
g06-037d-0
g06-037d-1
g06-037d-2
g06-037d-3
g06-037d-4
g06-037d-5
g06-037d-6
g06-037d-7
g06-037d-8
g06-037d-9
a05-013-0
a05-013-1
a05-013-2
a05-013-3
a05-013-4
a05-013-5
a05-013-6
a05-013-7
a05-013-8
g06-011f-0
g06-011f-1
g06-011f-2
g06-011f-3
g06-011f-4
g06-011f-5
g06-011f-6
g06-011f-7
a01-011-0
a01-011-1
a01-011-2
a01-011-3
a01-011-4
a01-011-5
a01-011-6
c03-094c-0
c03-094c-1
c03-094c-2
c03-094c-3
c03-094c-4
c03-094c-5
c03-094c-6
c03-094c-7
c03-094c-8
b04-089-0
b04-089-1
b04-089-2
b04-089-3
b04-089-4
b04-089-5
b04-089-6
b04-089-7
c03-096f-0
c03-096f-1
c03-096f-2
c03-096f-3
c03-096f-4
c03-096f-5
c03-096f-6
c03-096f-7
c03-096f-8
g06-031i-0
g06-031i-1
g06-031i-2
g06-031i-3
g06-031i-4
g06-031i-5
g06-031i-6
a01-003u-0
a01-003u-1
a01-003u-2
a01-003u-3
a01-003u-4
a01-003u-5
a01-003u-6
a01-003u-7
a01-003u-8
a01-003u-9
a01-003u-10
b05-050-0
b05-050-1
b05-050-2
b05-050-3
b05-050-4
b05-050-5
b05-050-6
b05-050-7
b05-050-8
m04-072-0
m04-072-1
m04-072-2
m04-072-3
m04-072-4
m04-072-5
m04-072-6
m04-072-7
m04-072-8
m04-072-9
m04-072-10
a01-007-0
a01-007-1
a01-007-2
a01-007-3
a01-007-4
a01-007-5
a01-007-6
a01-007-7
a01-007-8
n01-009-0
n01-009-1
n01-009-2
n01-009-3
n01-009-4
n01-009-5
n01-009-6
n01-009-7
n01-009-8
g06-031b-0
g06-031b-1
g06-031b-2
g06-031b-3
g06-031b-4
g06-031b-5
g06-031b-6
g06-031b-7
g06-031b-8
g06-031b-9
g06-031b-10
a01-091u-0
a01-091u-1
a01-091u-2
a01-091u-3
a01-091u-4
a01-091u-5
a01-091u-6
a01-091u-7
a01-091u-8
a01-091u-9
b04-096-0
b04-096-1
b04-096-2
b04-096-3
b04-096-4
b04-096-5
b04-096-6
b04-096-7
g06-045a-0
g06-045a-1
g06-045a-2
g06-045a-3
g06-045a-4
g06-045a-5
g06-045a-6
g06-045a-7
d06-003-0
d06-003-1
d06-003-2
d06-003-3
d06-003-4
d06-003-5
d06-003-6
f01-075-0
f01-075-1
f01-075-2
f01-075-3
f01-075-4
f01-075-5
f01-075-6
f01-075-7
f01-075-8
f01-075-9
f01-075-10
e07-090-0
e07-090-1
e07-090-2
e07-090-3
e07-090-4
e07-090-5
e07-090-6
e07-090-7
e07-090-8
e07-090-9
f02-038-0
f02-038-1
f02-038-2
f02-038-3
f02-038-4
f02-038-5
f02-038-6
f02-038-7
f02-038-8
f02-038-9
f02-038-10
r02-013-0
r02-013-1
r02-013-2
r02-013-3
r02-013-4
r02-013-5
r02-013-6
r02-013-7
r02-013-8
r02-013-9
r02-013-10
r02-013-11
g06-050c-0
g06-050c-1
g06-050c-2
g06-050c-3
g06-050c-4
g06-050c-5
g06-050c-6
g06-050c-7
g06-050c-8
d07-096-0
d07-096-1
d07-096-2
d07-096-3
d07-096-4
d07-096-5
d07-096-6
d07-096-7
d07-096-8
d07-096-9
m03-033-0
m03-033-1
m03-033-2
m03-033-3
m03-033-4
m03-033-5
m03-033-6
m03-033-7
p03-040-0
p03-040-1
p03-040-2
p03-040-3
p03-040-4
p03-040-5
p03-040-6
p03-040-7
p03-040-8
r03-115-0
r03-115-1
r03-115-2
r03-115-3
b01-132-0
b01-132-1
b01-132-2
b01-132-3
b01-132-4
b01-132-5
b01-132-6
b01-132-7
b01-132-8
n01-052-0
n01-052-1
n01-052-2
n01-052-3
n01-052-4
n01-052-5
n01-052-6
n01-052-7
n01-052-8
n01-052-9
n01-052-10
n01-052-11
n01-052-12
a05-108-0
a05-108-1
a05-108-2
a05-108-3
a05-108-4
a05-108-5
a05-108-6
a05-108-7
g06-050g-0
g06-050g-1
g06-050g-2
g06-050g-3
g06-050g-4
g06-050g-5
g06-050g-6
n04-195-0
n04-195-1
n04-195-2
n04-195-3
n04-195-4
n04-195-5
p02-022-0
p02-022-1
p02-022-2
p02-022-3
p02-022-4
p02-022-5
p02-022-6
p02-022-7
p02-022-8
f01-058-0
f01-058-1
f01-058-2
f01-058-3
f01-058-4
f01-058-5
f01-058-6
f01-058-7
f01-058-8
f01-058-9
a03-071-0
a03-071-1
a03-071-2
a03-071-3
a03-071-4
a03-071-5
a03-071-6
a03-071-7
a03-071-8
g06-037b-0
g06-037b-1
g06-037b-2
g06-037b-3
g06-037b-4
g06-037b-5
g06-037b-6
g06-037b-7
g06-037b-8
g06-037b-9
b05-042-0
b05-042-1
b05-042-2
b05-042-3
b05-042-4
b05-042-5
b05-042-6
b05-042-7
b05-042-8
b05-042-9
b05-042-10
n02-157-0
n02-157-1
n02-157-2
n02-157-3
n02-157-4
n02-157-5
n02-157-6
n02-157-7
n02-157-8
a05-069-0
a05-069-1
a05-069-2
a05-069-3
a05-069-4
a05-069-5
a05-069-6
a05-069-7
a05-069-8
a05-069-9
a05-069-10
n04-190-0
n04-190-1
n04-190-2
n04-190-3
n04-190-4
n04-190-5
n04-190-6
m03-118-0
m03-118-1
m03-118-2
m03-118-3
m03-118-4
m03-118-5
c03-081a-0
c03-081a-1
c03-081a-2
c03-081a-3
c03-081a-4
c03-081a-5
c03-081a-6
c03-081a-7
c03-081a-8
c03-081a-9
c03-084b-0
c03-084b-1
c03-084b-2
c03-084b-3
c03-084b-4
c03-084b-5
c03-084b-6
c03-084b-7
b05-055-0
b05-055-1
b05-055-2
b05-055-3
b05-055-4
c03-016e-0
c03-016e-1
c03-016e-2
c03-016e-3
c03-016e-4
c03-016e-5
c03-016e-6
c03-016e-7
c03-016e-8
c03-016e-9
c03-016e-10
e07-083-0
e07-083-1
e07-083-2
e07-083-3
e07-083-4
e07-083-5
e07-083-6
e07-083-7
e07-083-8
e07-083-9
e07-083-10
e02-117-0
e02-117-1
e02-117-2
e02-117-3
e02-117-4
e02-117-5
e02-117-6
e02-117-7
e02-117-8
a01-030u-0
a01-030u-1
a01-030u-2
a01-030u-3
a01-030u-4
a01-030u-5
a01-030u-6
a01-030u-7
a01-030u-8
a01-030u-9
a01-030u-10
a01-038-0
a01-038-1
a01-038-2
a01-038-3
a01-038-4
a01-038-5
a01-038-6
a01-038-7
a01-038-8
a01-038-9
a01-038-10
a01-038-11
a01-038-12
c03-021c-0
c03-021c-1
c03-021c-2
c03-021c-3
c03-021c-4
c03-021c-5
c03-021c-6
c03-021c-7
c03-021c-8
c03-021c-9
n01-045-0
n01-045-1
n01-045-2
n01-045-3
n01-045-4
n01-045-5
n01-045-6
n01-045-7
n01-045-8
n01-045-9
b04-026-0
b04-026-1
b04-026-2
b04-026-3
b04-026-4
b04-026-5
b04-026-6
g06-026b-0
g06-026b-1
g06-026b-2
g06-026b-3
g06-026b-4
g06-026b-5
g06-026b-6
g06-026b-7
g06-026b-8
m01-090-0
m01-090-1
m01-090-2
m01-090-3
m01-090-4
m01-090-5
m01-090-6
m01-090-7
c03-084a-0
c03-084a-1
c03-084a-2
c03-084a-3
c03-084a-4
c03-084a-5
c03-084a-6
c03-084a-7
a01-128u-0
a01-128u-1
a01-128u-2
a01-128u-3
a01-128u-4
a01-128u-5
a01-128u-6
a01-128u-7
a01-128u-8
a01-128u-9
a01-128u-10
b05-058-0
b05-058-1
b05-058-2
b05-058-3
b05-058-4
b05-058-5
d05-021-0
d05-021-1
d05-021-2
d05-021-3
d05-021-4
d05-021-5
d05-021-6
d05-021-7
d05-021-8
g06-011l-0
g06-011l-1
g06-011l-2
g06-011l-3
g06-011l-4
g06-011l-5
g06-011l-6
g06-011l-7
g06-011l-8
d06-111-0
d06-111-1
d06-111-2
d06-111-3
d06-111-4
d06-111-5
d06-111-6
a01-053-0
a01-053-1
a01-053-2
a01-053-3
a01-053-4
a01-053-5
a01-053-6
a01-053-7
a01-053-8
a01-053-9
a01-053-10
g06-042h-0
g06-042h-1
g06-042h-2
g06-042h-3
g06-042h-4
g06-042h-5
g06-042h-6
n04-031-0
n04-031-1
n04-031-2
n04-031-3
n04-031-4
n04-031-5
n04-031-6
n04-031-7
a05-121-0
a05-121-1
a05-121-2
a05-121-3
a05-121-4
a05-121-5
a05-121-6
a05-121-7
a05-121-8
a05-121-9
g06-050j-0
g06-050j-1
g06-050j-2
g06-050j-3
g06-050j-4
g06-050j-5
g06-050j-6
g06-050j-7
g06-050j-8
g06-050j-9
n03-066-0
n03-066-1
n03-066-2
n03-066-3
n03-066-4
n03-066-5
n03-066-6
n03-066-7
a05-104-0
a05-104-1
a05-104-2
a05-104-3
a05-104-4
a05-104-5
a05-104-6
a05-104-7
a05-104-8
a05-104-9
r03-035-0
r03-035-1
r03-035-2
r03-035-3
r03-035-4
r03-035-5
r03-035-6
r03-035-7
r03-035-8
b01-118-0
b01-118-1
b01-118-2
b01-118-3
b01-118-4
b01-118-5
b01-118-6
b01-118-7
b01-118-8
g06-026d-0
g06-026d-1
g06-026d-2
g06-026d-3
g06-026d-4
g06-026d-5
e04-030-0
e04-030-1
e04-030-2
e04-030-3
e04-030-4
e04-030-5
e04-030-6
g06-042e-0
g06-042e-1
g06-042e-2
g06-042e-3
g06-042e-4
g06-042e-5
a05-022-0
a05-022-1
a05-022-2
a05-022-3
a05-022-4
a05-022-5
a05-022-6
a05-022-7
a05-022-8
f04-071-0
f04-071-1
f04-071-2
f04-071-3
f04-071-4
f04-071-5
f04-071-6
f04-071-7
f04-071-8
f04-071-9
n02-028-0
n02-028-1
n02-028-2
n02-028-3
n02-028-4
n02-028-5
n02-028-6
n02-028-7
n02-028-8
n02-028-9
f04-068-0
f04-068-1
f04-068-2
f04-068-3
f04-068-4
f04-068-5
f04-068-6
f04-068-7
c03-096d-0
c03-096d-1
c03-096d-2
c03-096d-3
c03-096d-4
c03-096d-5
c03-096d-6
c03-096d-7
c03-096d-8
d07-093-0
d07-093-1
d07-093-2
d07-093-3
d07-093-4
d07-093-5
d07-093-6
d07-093-7
d07-093-8
a05-025-0
a05-025-1
a05-025-2
a05-025-3
a05-025-4
a05-025-5
a05-025-6
a05-025-7
a05-025-8
a05-025-9
a05-025-10
d05-030-0
d05-030-1
d05-030-2
d05-030-3
d05-030-4
d05-030-5
d05-030-6
d05-030-7
d05-030-8
g06-047b-0
g06-047b-1
g06-047b-2
g06-047b-3
g06-047b-4
g06-047b-5
g06-047b-6
g06-047b-7
a06-064-0
a06-064-1
a06-064-2
a06-064-3
a06-064-4
a06-064-5
a06-064-6
a06-064-7
a06-064-8
a06-064-9
b04-103-0
b04-103-1
b04-103-2
b04-103-3
b04-103-4
b04-103-5
b04-103-6
g06-045k-0
g06-045k-1
g06-045k-2
g06-045k-3
g06-045k-4
g06-045k-5
g06-045k-6
a01-107-0
a01-107-1
a01-107-2
a01-107-3
a01-107-4
m02-112-0
m02-112-1
m02-112-2
m02-112-3
m02-112-4
m02-112-5
g06-031c-0
g06-031c-1
g06-031c-2
g06-031c-3
g06-031c-4
g06-031c-5
g06-031c-6
g06-031c-7
f02-003-0
f02-003-1
f02-003-2
f02-003-3
f02-003-4
f02-003-5
g06-042l-0
g06-042l-1
g06-042l-2
g06-042l-3
g06-042l-4
n04-209-0
n04-209-1
n04-209-2
n04-209-3
n04-209-4
n04-209-5
n04-209-6
n04-209-7
g06-050l-0
g06-050l-1
g06-050l-2
g06-050l-3
g06-050l-4
g06-050l-5
g06-050l-6
g06-050l-7
c03-094b-0
c03-094b-1
c03-094b-2
c03-094b-3
c03-094b-4
c03-094b-5
c03-094b-6
c03-094b-7
c03-094b-8
c03-094b-9
g06-011m-0
g06-011m-1
g06-011m-2
g06-011m-3
g06-011m-4
g06-011m-5
g06-011m-6
g06-011m-7
g06-011m-8
g06-011m-9
h04-021-0
h04-021-1
h04-021-2
h04-021-3
h04-021-4
h04-021-5
h04-021-6
h04-021-7
h04-021-8
c03-000d-0
c03-000d-1
c03-000d-2
c03-000d-3
c03-000d-4
c03-000d-5
c03-000d-6
c03-000d-7
e04-004-0
e04-004-1
e04-004-2
e04-004-3
e04-004-4
e04-004-5
e04-004-6
n01-031-0
n01-031-1
n01-031-2
n01-031-3
n01-031-4
n01-031-5
n01-031-6
n01-031-7
n01-031-8
p03-012-0
p03-012-1
p03-012-2
p03-012-3
p03-012-4
p03-012-5
p03-012-6
p03-012-7
p03-012-8
p03-012-9
m03-114-0
m03-114-1
m03-114-2
m03-114-3
m03-114-4
m03-114-5
m03-114-6
m03-114-7
m03-114-8
m03-114-9
r02-078-0
r02-078-1
r02-078-2
r02-078-3
r02-078-4
r02-078-5
r02-078-6
r02-078-7
c03-016b-0
c03-016b-1
c03-016b-2
c03-016b-3
c03-016b-4
c03-016b-5
c03-016b-6
c03-016b-7
c03-016b-8
c03-016b-9
d04-101-0
d04-101-1
d04-101-2
d04-101-3
d04-101-4
d04-101-5
c03-016a-0
c03-016a-1
c03-016a-2
c03-016a-3
c03-016a-4
c03-016a-5
c03-016a-6
c03-016a-7
c03-016a-8
c03-016a-9
p03-163-0
p03-163-1
p03-163-2
p03-163-3
p03-163-4
p03-163-5
p03-163-6
p03-163-7
f04-032-0
f04-032-1
f04-032-2
f04-032-3
f04-032-4
f04-032-5
f04-032-6
f04-032-7
f04-032-8
f04-032-9
n02-016-0
n02-016-1
n02-016-2
n02-016-3
n02-016-4
n02-016-5
n02-016-6
n02-016-7
n04-039-0
n04-039-1
n04-039-2
n04-039-3
n04-039-4
n04-039-5
a01-000u-0
a01-000u-1
a01-000u-2
a01-000u-3
a01-000u-4
a01-000u-5
a01-000u-6
b01-009-0
b01-009-1
b01-009-2
b01-009-3
b01-009-4
b01-009-5
b01-009-6
b01-009-7
p01-147-0
p01-147-1
p01-147-2
p01-147-3
p01-147-4
p01-147-5
p01-147-6
p01-147-7
p01-147-8
p01-147-9
p01-147-10
p01-147-11
e02-000-0
e02-000-1
e02-000-2
e02-000-3
e02-000-4
e02-000-5
e02-000-6
e02-000-7
p03-080-0
p03-080-1
p03-080-2
p03-080-3
p03-080-4
p03-080-5
p03-080-6
a01-043-0
a01-043-1
a01-043-2
a01-043-3
a01-043-4
a01-043-5
a01-043-6
a01-043-7
a01-043-8
a01-043-9
a01-043-10
f04-053-0
f04-053-1
f04-053-2
f04-053-3
f04-053-4
f04-053-5
f04-053-6
a01-003x-0
a01-003x-1
a01-003x-2
a01-003x-3
a01-003x-4
a01-003x-5
a01-003x-6
a01-003x-7
a01-003x-8
f04-035-0
f04-035-1
f04-035-2
f04-035-3
f04-035-4
f04-035-5
f04-087-0
f04-087-1
f04-087-2
f04-087-3
f04-087-4
f04-087-5
m04-081-0
m04-081-1
m04-081-2
m04-081-3
m04-081-4
m04-081-5
m04-081-6
m04-081-7
m04-081-8
m04-081-9
m04-081-10
a01-038x-0
a01-038x-1
a01-038x-2
a01-038x-3
a01-038x-4
a01-038x-5
a01-038x-6
a01-038x-7
a01-038x-8
c03-021a-0
c03-021a-1
c03-021a-2
c03-021a-3
c03-021a-4
c03-021a-5
c03-021a-6
c03-021a-7
c03-021a-8
c03-021a-9
n01-000-0
n01-000-1
n01-000-2
n01-000-3
n01-000-4
n01-000-5
n01-000-6
n01-000-7
c03-021d-0
c03-021d-1
c03-021d-2
c03-021d-3
c03-021d-4
c03-021d-5
c03-021d-6
c03-021d-7
c03-021d-8
c03-021d-9
c03-087e-0
c03-087e-1
c03-087e-2
c03-087e-3
c03-087e-4
c03-087e-5
c03-087e-6
c03-087e-7
c03-087e-8
e06-037-0
e06-037-1
e06-037-2
e06-037-3
e06-037-4
e06-037-5
e06-037-6
e06-037-7
e06-037-8
e06-037-9
e06-037-10
d06-100-0
d06-100-1
d06-100-2
d06-100-3
d06-100-4
d06-100-5
d06-100-6
d06-100-7
e04-109-0
e04-109-1
e04-109-2
e04-109-3
e04-109-4
e04-109-5
e04-109-6
a01-128-0
a01-128-1
a01-128-2
a01-128-3
a01-128-4
a01-128-5
a01-128-6
a01-128-7
a01-128-8
a03-073-0
a03-073-1
a03-073-2
a03-073-3
a03-073-4
a03-073-5
a03-073-6
a03-073-7
a03-073-8
a03-073-9
a03-073-10
a03-073-11
g06-047g-0
g06-047g-1
g06-047g-2
g06-047g-3
g06-047g-4
g06-047g-5
a05-044-0
a05-044-1
a05-044-2
a05-044-3
a05-044-4
a05-044-5
a05-044-6
a05-044-7
a05-044-8
a05-044-9
a05-044-10
g06-047i-0
g06-047i-1
g06-047i-2
g06-047i-3
g06-047i-4
g06-047i-5
g06-047i-6
g06-037c-0
g06-037c-1
g06-037c-2
g06-037c-3
g06-037c-4
g06-037c-5
g06-037c-6
g06-037c-7
g06-037c-8
g06-037c-9
g06-037c-10
m04-180-0
m04-180-1
m04-180-2
m04-180-3
m04-180-4
m04-180-5
m04-180-6
m04-180-7
d06-104-0
d06-104-1
d06-104-2
d06-104-3
d06-104-4
d06-104-5
d06-104-6
d06-104-7
d06-104-8
d06-104-9
d06-104-10
a01-132-0
a01-132-1
a01-132-2
a01-132-3
a01-132-4
a01-132-5
a01-132-6
a01-132-7
a01-132-8
a01-132-9
a01-132-10
a01-132-11
e04-114-0
e04-114-1
e04-114-2
e04-114-3
e04-114-4
e04-114-5
e04-114-6
e04-114-7
d04-058-0
d04-058-1
d04-058-2
d04-058-3
d04-058-4
d04-058-5
d04-058-6
a01-014x-0
a01-014x-1
a01-014x-2
a01-014x-3
a01-014x-4
a01-014x-5
a01-014x-6
a01-014x-7
a01-014x-8
a01-014x-9
b04-020-0
b04-020-1
b04-020-2
b04-020-3
b04-020-4
b04-020-5
b04-020-6
b04-020-7
b04-020-8
n03-091-0
n03-091-1
n03-091-2
n03-091-3
n03-091-4
n03-091-5
n03-091-6
n03-091-7
n03-091-8
f01-070-0
f01-070-1
f01-070-2
f01-070-3
f01-070-4
f01-070-5
f01-070-6
f01-070-7
f01-070-8
a05-039-0
a05-039-1
a05-039-2
a05-039-3
a05-039-4
a05-039-5
a05-039-6
a05-039-7
a05-039-8
a05-039-9
a05-039-10
g06-042a-0
g06-042a-1
g06-042a-2
g06-042a-3
g06-042a-4
g06-042a-5
g06-042a-6
b04-175-0
b04-175-1
b04-175-2
b04-175-3
b04-175-4
b04-175-5
b04-175-6
b04-175-7
b04-175-8
a01-043u-0
a01-043u-1
a01-043u-2
a01-043u-3
a01-043u-4
a01-043u-5
a01-043u-6
a01-043u-7
a01-043u-8
a01-043u-9
e06-026-0
e06-026-1
e06-026-2
e06-026-3
e06-026-4
e06-026-5
e06-026-6
e06-026-7
e06-026-8
e06-026-9
f02-076-0
f02-076-1
f02-076-2
f02-076-3
f02-076-4
f02-076-5
f02-076-6
f02-076-7
f02-076-8
f02-076-9
c03-000f-0
c03-000f-1
c03-000f-2
c03-000f-3
c03-000f-4
c03-000f-5
c03-000f-6
c03-000f-7
c03-000f-8
c03-007e-0
c03-007e-1
c03-007e-2
c03-007e-3
c03-007e-4
c03-007e-5
c03-007e-6
c03-007e-7
c03-007e-8
c03-094a-0
c03-094a-1
c03-094a-2
c03-094a-3
c03-094a-4
c03-094a-5
c03-094a-6
c03-094a-7
c03-094a-8
c03-094a-9
e04-026-0
e04-026-1
e04-026-2
e04-026-3
e04-026-4
e04-026-5
e04-026-6
f02-017-0
f02-017-1
f02-017-2
f02-017-3
f02-017-4
f02-017-5
f02-017-6
f02-017-7
f02-017-8
f04-039-0
f04-039-1
f04-039-2
f04-039-3
f04-039-4
f04-039-5
f04-039-6
f04-039-7
f04-039-8
a05-080-0
a05-080-1
a05-080-2
a05-080-3
a05-080-4
a05-080-5
a05-080-6
a05-080-7
a05-080-8
a05-080-9
g06-011i-0
g06-011i-1
g06-011i-2
g06-011i-3
g06-011i-4
g06-011i-5
g06-011i-6
g06-011i-7
g06-011i-8
h05-012-0
h05-012-1
h05-012-2
h05-012-3
h05-012-4
h05-012-5
h05-012-6
e04-022-0
e04-022-1
e04-022-2
e04-022-3
e04-022-4
e04-022-5
e04-022-6
e04-022-7
g06-031h-0
g06-031h-1
g06-031h-2
g06-031h-3
g06-031h-4
g06-031h-5
g06-031h-6
g06-031h-7
g06-031h-8
n02-004-0
n02-004-1
n02-004-2
n02-004-3
n02-004-4
n02-004-5
n02-004-6
n02-004-7
n02-004-8
n02-151-0
n02-151-1
n02-151-2
n02-151-3
n02-151-4
n02-151-5
n02-151-6
n02-151-7
n02-151-8
n02-151-9
n02-151-10
f03-169-0
f03-169-1
f03-169-2
f03-169-3
f03-169-4
f03-169-5
f03-169-6
f04-024-0
f04-024-1
f04-024-2
f04-024-3
f04-024-4
f04-024-5
f04-024-6
f04-024-7
b01-057-0
b01-057-1
b01-057-2
b01-057-3
b01-057-4
b01-057-5
b01-057-6
b01-057-7
b01-057-8
b01-057-9
b01-057-10
c03-003d-0
c03-003d-1
c03-003d-2
c03-003d-3
c03-003d-4
c03-003d-5
c03-003d-6
c03-003d-7
c03-003d-8
c03-087a-0
c03-087a-1
c03-087a-2
c03-087a-3
c03-087a-4
c03-087a-5
c03-087a-6
c03-087a-7
c03-087a-8
f04-096-0
f04-096-1
f04-096-2
f04-096-3
f04-096-4
f04-096-5
f04-096-6
f04-096-7
f04-096-8
f04-096-9
f04-096-10
b06-093-0
b06-093-1
b06-093-2
b06-093-3
b06-093-4
b06-093-5
b06-093-6
b06-093-7
b06-093-8
b06-093-9
b06-093-10
c03-007c-0
c03-007c-1
c03-007c-2
c03-007c-3
c03-007c-4
c03-007c-5
c03-007c-6
c03-007c-7
c03-007c-8
p01-174-0
p01-174-1
p01-174-2
p01-174-3
p01-174-4
p01-174-5
p01-174-6
p01-174-7
p01-174-8
a01-122u-0
a01-122u-1
a01-122u-2
a01-122u-3
a01-122u-4
a01-122u-5
a01-122u-6
a01-122u-7
a01-122u-8
a01-122u-9
a01-122u-10
m02-052-0
m02-052-1
m02-052-2
m02-052-3
m02-052-4
m02-052-5
m02-052-6
e01-081-0
e01-081-1
e01-081-2
e01-081-3
e01-081-4
e01-081-5
a01-030-0
a01-030-1
a01-030-2
a01-030-3
a01-030-4
a01-030-5
a01-030-6
a01-030-7
f02-033-0
f02-033-1
f02-033-2
f02-033-3
f02-033-4
f02-033-5
f02-033-6
f02-033-7
f02-033-8
f02-033-9
f02-033-10
f02-033-11
d06-056-0
d06-056-1
d06-056-2
d06-056-3
d06-056-4
d06-056-5
d06-056-6
d06-056-7
d06-056-8
c03-021e-0
c03-021e-1
c03-021e-2
c03-021e-3
c03-021e-4
c03-021e-5
c03-021e-6
c03-021e-7
c03-021e-8
c03-021e-9
c03-021e-10
e04-058-0
e04-058-1
e04-058-2
e04-058-3
e04-058-4
e04-058-5
e04-058-6
f02-020-0
f02-020-1
f02-020-2
f02-020-3
f02-020-4
f02-020-5
f02-020-6
f02-020-7
n01-036-0
n01-036-1
n01-036-2
n01-036-3
n01-036-4
n01-036-5
r02-060-0
r02-060-1
r02-060-2
r02-060-3
r02-060-4
r02-060-5
r02-060-6
r02-060-7
r02-060-8
r02-060-9
r02-060-10
p02-017-0
p02-017-1
p02-017-2
p02-017-3
p02-017-4
p02-017-5
p02-017-6
p02-017-7
r03-050-0
r03-050-1
r03-050-2
r03-050-3
r03-050-4
r03-050-5
r03-050-6
g06-042c-0
g06-042c-1
g06-042c-2
g06-042c-3
g06-042c-4
g06-042c-5
b04-054-0
b04-054-1
b04-054-2
b04-054-3
b04-054-4
b04-054-5
b04-054-6
g06-026h-0
g06-026h-1
g06-026h-2
g06-026h-3
g06-026h-4
g06-026h-5
a01-011x-0
a01-011x-1
a01-011x-2
a01-011x-3
a01-011x-4
a01-011x-5
a01-011x-6
a01-011x-7
a01-011x-8
m02-080-0
m02-080-1
m02-080-2
m02-080-3
m02-080-4
m02-080-5
m02-080-6
m02-080-7
m02-080-8
m02-080-9
n01-004-0
n01-004-1
n01-004-2
n01-004-3
n01-004-4
n01-004-5
n01-004-6
a01-058u-0
a01-058u-1
a01-058u-2
a01-058u-3
a01-058u-4
a01-058u-5
a01-058u-6
a01-058u-7
a01-058u-8
c03-084f-0
c03-084f-1
c03-084f-2
c03-084f-3
c03-084f-4
c03-084f-5
c03-084f-6
c03-084f-7
c03-084f-8
p03-069-0
p03-069-1
p03-069-2
p03-069-3
p03-069-4
p03-069-5
p03-069-6
b04-162-0
b04-162-1
b04-162-2
b04-162-3
b04-162-4
b04-162-5
b04-162-6
b04-162-7
b04-162-8
p03-029-0
p03-029-1
p03-029-2
p03-029-3
p03-029-4
p03-029-5
p03-029-6
p03-029-7
p03-029-8
p03-029-9
c03-096b-0
c03-096b-1
c03-096b-2
c03-096b-3
c03-096b-4
c03-096b-5
c03-096b-6
c03-096b-7
r03-056-0
r03-056-1
r03-056-2
r03-056-3
r03-056-4
r03-056-5
r03-056-6
r03-056-7
